[0.695s] Invoking command in '/home/ara/ros2_ws/src/udm_pioneer_p3dx': PYTHONPATH=/home/ara/ros2_ws/src/build/udm_pioneer_p3dx/prefix_override:/home/ara/ros2_ws/src/install/udm_pioneer_p3dx/lib/python3.8/site-packages:${PYTHONPATH} /usr/bin/python3 -W ignore:setup.py install is deprecated setup.py egg_info --egg-base ../build/udm_pioneer_p3dx build --build-base /home/ara/ros2_ws/src/build/udm_pioneer_p3dx/build install --record /home/ara/ros2_ws/src/build/udm_pioneer_p3dx/install.log --install-scripts $base/lib/udm_pioneer_p3dx --single-version-externally-managed install_data
[0.899s] running egg_info
[0.900s] writing ../build/udm_pioneer_p3dx/udm_pioneer_p3dx.egg-info/PKG-INFO
[0.900s] writing dependency_links to ../build/udm_pioneer_p3dx/udm_pioneer_p3dx.egg-info/dependency_links.txt
[0.901s] writing entry points to ../build/udm_pioneer_p3dx/udm_pioneer_p3dx.egg-info/entry_points.txt
[0.901s] writing requirements to ../build/udm_pioneer_p3dx/udm_pioneer_p3dx.egg-info/requires.txt
[0.901s] writing top-level names to ../build/udm_pioneer_p3dx/udm_pioneer_p3dx.egg-info/top_level.txt
[0.953s] reading manifest file '../build/udm_pioneer_p3dx/udm_pioneer_p3dx.egg-info/SOURCES.txt'
[0.954s] writing manifest file '../build/udm_pioneer_p3dx/udm_pioneer_p3dx.egg-info/SOURCES.txt'
[0.954s] running build
[0.955s] running build_py
[0.955s] running install
[0.956s] running install_lib
[0.957s] running install_data
[0.958s] running install_egg_info
[0.959s] removing '/home/ara/ros2_ws/src/install/udm_pioneer_p3dx/lib/python3.8/site-packages/udm_pioneer_p3dx-0.0.0-py3.8.egg-info' (and everything under it)
[0.960s] Copying ../build/udm_pioneer_p3dx/udm_pioneer_p3dx.egg-info to /home/ara/ros2_ws/src/install/udm_pioneer_p3dx/lib/python3.8/site-packages/udm_pioneer_p3dx-0.0.0-py3.8.egg-info
[0.961s] running install_scripts
[0.974s] writing list of installed files to '/home/ara/ros2_ws/src/build/udm_pioneer_p3dx/install.log'
[0.993s] Invoked command in '/home/ara/ros2_ws/src/udm_pioneer_p3dx' returned '0': PYTHONPATH=/home/ara/ros2_ws/src/build/udm_pioneer_p3dx/prefix_override:/home/ara/ros2_ws/src/install/udm_pioneer_p3dx/lib/python3.8/site-packages:${PYTHONPATH} /usr/bin/python3 -W ignore:setup.py install is deprecated setup.py egg_info --egg-base ../build/udm_pioneer_p3dx build --build-base /home/ara/ros2_ws/src/build/udm_pioneer_p3dx/build install --record /home/ara/ros2_ws/src/build/udm_pioneer_p3dx/install.log --install-scripts $base/lib/udm_pioneer_p3dx --single-version-externally-managed install_data
