[1.049s] Invoking command in '/home/ara/ros2_ws/src/p3dx_description': PYTHONPATH=/home/ara/ros2_ws/build/p3dx_description/prefix_override:/home/ara/ros2_ws/install/p3dx_description/lib/python3.8/site-packages:${PYTHONPATH} /usr/bin/python3 -W ignore:setup.py install is deprecated setup.py egg_info --egg-base ../../build/p3dx_description build --build-base /home/ara/ros2_ws/build/p3dx_description/build install --record /home/ara/ros2_ws/build/p3dx_description/install.log --install-scripts $base/lib/p3dx_description --single-version-externally-managed install_data
[1.410s] running egg_info
[1.410s] writing ../../build/p3dx_description/p3dx_description.egg-info/PKG-INFO
[1.411s] writing dependency_links to ../../build/p3dx_description/p3dx_description.egg-info/dependency_links.txt
[1.411s] writing entry points to ../../build/p3dx_description/p3dx_description.egg-info/entry_points.txt
[1.411s] writing requirements to ../../build/p3dx_description/p3dx_description.egg-info/requires.txt
[1.413s] writing top-level names to ../../build/p3dx_description/p3dx_description.egg-info/top_level.txt
[1.475s] reading manifest file '../../build/p3dx_description/p3dx_description.egg-info/SOURCES.txt'
[1.476s] writing manifest file '../../build/p3dx_description/p3dx_description.egg-info/SOURCES.txt'
[1.477s] running build
[1.477s] running build_py
[1.477s] running install
[1.478s] running install_lib
[1.479s] running install_data
[1.479s] running install_egg_info
[1.484s] removing '/home/ara/ros2_ws/install/p3dx_description/lib/python3.8/site-packages/p3dx_description-0.0.0-py3.8.egg-info' (and everything under it)
[1.484s] Copying ../../build/p3dx_description/p3dx_description.egg-info to /home/ara/ros2_ws/install/p3dx_description/lib/python3.8/site-packages/p3dx_description-0.0.0-py3.8.egg-info
[1.485s] running install_scripts
[1.518s] writing list of installed files to '/home/ara/ros2_ws/build/p3dx_description/install.log'
[1.561s] Invoked command in '/home/ara/ros2_ws/src/p3dx_description' returned '0': PYTHONPATH=/home/ara/ros2_ws/build/p3dx_description/prefix_override:/home/ara/ros2_ws/install/p3dx_description/lib/python3.8/site-packages:${PYTHONPATH} /usr/bin/python3 -W ignore:setup.py install is deprecated setup.py egg_info --egg-base ../../build/p3dx_description build --build-base /home/ara/ros2_ws/build/p3dx_description/build install --record /home/ara/ros2_ws/build/p3dx_description/install.log --install-scripts $base/lib/p3dx_description --single-version-externally-managed install_data
