[0.605s] Invoking command in '/home/ara/ros2_ws/src/p3dx_description': PYTHONPATH=/home/ara/ros2_ws/src/build/p3dx_description/prefix_override:/home/ara/ros2_ws/src/install/p3dx_description/lib/python3.8/site-packages:${PYTHONPATH} /usr/bin/python3 -W ignore:setup.py install is deprecated setup.py egg_info --egg-base ../build/p3dx_description build --build-base /home/ara/ros2_ws/src/build/p3dx_description/build install --record /home/ara/ros2_ws/src/build/p3dx_description/install.log --install-scripts $base/lib/p3dx_description --single-version-externally-managed install_data
[0.814s] running egg_info
[0.815s] writing ../build/p3dx_description/p3dx_description.egg-info/PKG-INFO
[0.816s] writing dependency_links to ../build/p3dx_description/p3dx_description.egg-info/dependency_links.txt
[0.816s] writing entry points to ../build/p3dx_description/p3dx_description.egg-info/entry_points.txt
[0.816s] writing requirements to ../build/p3dx_description/p3dx_description.egg-info/requires.txt
[0.816s] writing top-level names to ../build/p3dx_description/p3dx_description.egg-info/top_level.txt
[0.845s] reading manifest file '../build/p3dx_description/p3dx_description.egg-info/SOURCES.txt'
[0.846s] writing manifest file '../build/p3dx_description/p3dx_description.egg-info/SOURCES.txt'
[0.846s] running build
[0.846s] running build_py
[0.847s] running install
[0.851s] running install_lib
[0.854s] running install_data
[0.855s] running install_egg_info
[0.857s] removing '/home/ara/ros2_ws/src/install/p3dx_description/lib/python3.8/site-packages/p3dx_description-0.0.0-py3.8.egg-info' (and everything under it)
[0.858s] Copying ../build/p3dx_description/p3dx_description.egg-info to /home/ara/ros2_ws/src/install/p3dx_description/lib/python3.8/site-packages/p3dx_description-0.0.0-py3.8.egg-info
[0.859s] running install_scripts
[0.876s] writing list of installed files to '/home/ara/ros2_ws/src/build/p3dx_description/install.log'
[0.894s] Invoked command in '/home/ara/ros2_ws/src/p3dx_description' returned '0': PYTHONPATH=/home/ara/ros2_ws/src/build/p3dx_description/prefix_override:/home/ara/ros2_ws/src/install/p3dx_description/lib/python3.8/site-packages:${PYTHONPATH} /usr/bin/python3 -W ignore:setup.py install is deprecated setup.py egg_info --egg-base ../build/p3dx_description build --build-base /home/ara/ros2_ws/src/build/p3dx_description/build install --record /home/ara/ros2_ws/src/build/p3dx_description/install.log --install-scripts $base/lib/p3dx_description --single-version-externally-managed install_data
