[0.201s] DEBUG:colcon:Command line arguments: ['/usr/bin/colcon', 'build']
[0.201s] DEBUG:colcon:Parsed command line arguments: Namespace(allow_overriding=[], ament_cmake_args=None, base_paths=['.'], build_base='build', catkin_cmake_args=None, catkin_skip_building_tests=False, cmake_args=None, cmake_clean_cache=False, cmake_clean_first=False, cmake_force_configure=False, cmake_target=None, cmake_target_skip_unavailable=False, continue_on_error=False, event_handlers=None, executor='parallel', ignore_user_meta=False, install_base='install', log_base=None, log_level=None, main=<bound method BuildVerb.main of <colcon_core.verb.build.BuildVerb object at 0x7fb569b03dc0>>, merge_install=False, metas=['./colcon.meta'], mixin=None, mixin_files=None, mixin_verb=('build',), packages_above=None, packages_above_and_dependencies=None, packages_above_depth=None, packages_end=None, packages_ignore=None, packages_ignore_regex=None, packages_select=None, packages_select_build_failed=False, packages_select_by_dep=None, packages_select_regex=None, packages_select_test_failures=False, packages_skip=None, packages_skip_build_finished=False, packages_skip_by_dep=None, packages_skip_regex=None, packages_skip_test_passed=False, packages_skip_up_to=None, packages_start=None, packages_up_to=None, packages_up_to_regex=None, parallel_workers=1, paths=None, symlink_install=False, test_result_base=None, verb_extension=<colcon_core.verb.build.BuildVerb object at 0x7fb569b03dc0>, verb_name='build', verb_parser=<colcon_mixin.mixin.mixin_argument.MixinArgumentDecorator object at 0x7fb5699fa130>)
[0.345s] Level 1:colcon.colcon_core.package_discovery:discover_packages(colcon_meta) check parameters
[0.346s] Level 1:colcon.colcon_core.package_discovery:discover_packages(recursive) check parameters
[0.346s] Level 1:colcon.colcon_core.package_discovery:discover_packages(ignore) check parameters
[0.346s] Level 1:colcon.colcon_core.package_discovery:discover_packages(path) check parameters
[0.346s] Level 1:colcon.colcon_core.package_discovery:discover_packages(colcon_meta) discover
[0.346s] Level 1:colcon.colcon_core.package_discovery:discover_packages(recursive) discover
[0.346s] INFO:colcon.colcon_core.package_discovery:Crawling recursively for packages in '/home/ara/ros2_ws'
[0.346s] Level 1:colcon.colcon_core.package_identification:_identify(.) by extensions ['ignore', 'ignore_ament_install']
[0.346s] Level 1:colcon.colcon_core.package_identification:_identify(.) by extension 'ignore'
[0.346s] Level 1:colcon.colcon_core.package_identification:_identify(.) by extension 'ignore_ament_install'
[0.346s] Level 1:colcon.colcon_core.package_identification:_identify(.) by extensions ['colcon_pkg']
[0.346s] Level 1:colcon.colcon_core.package_identification:_identify(.) by extension 'colcon_pkg'
[0.346s] Level 1:colcon.colcon_core.package_identification:_identify(.) by extensions ['colcon_meta']
[0.346s] Level 1:colcon.colcon_core.package_identification:_identify(.) by extension 'colcon_meta'
[0.347s] Level 1:colcon.colcon_core.package_identification:_identify(.) by extensions ['ros']
[0.347s] Level 1:colcon.colcon_core.package_identification:_identify(.) by extension 'ros'
[0.359s] Level 1:colcon.colcon_core.package_identification:_identify(.) by extensions ['cmake', 'python']
[0.359s] Level 1:colcon.colcon_core.package_identification:_identify(.) by extension 'cmake'
[0.359s] Level 1:colcon.colcon_core.package_identification:_identify(.) by extension 'python'
[0.359s] Level 1:colcon.colcon_core.package_identification:_identify(.) by extensions ['python_setup_py']
[0.359s] Level 1:colcon.colcon_core.package_identification:_identify(.) by extension 'python_setup_py'
[0.359s] Level 1:colcon.colcon_core.package_identification:_identify(build) by extensions ['ignore', 'ignore_ament_install']
[0.359s] Level 1:colcon.colcon_core.package_identification:_identify(build) by extension 'ignore'
[0.359s] Level 1:colcon.colcon_core.package_identification:_identify(build) ignored
[0.359s] Level 1:colcon.colcon_core.package_identification:_identify(install) by extensions ['ignore', 'ignore_ament_install']
[0.359s] Level 1:colcon.colcon_core.package_identification:_identify(install) by extension 'ignore'
[0.359s] Level 1:colcon.colcon_core.package_identification:_identify(install) ignored
[0.359s] Level 1:colcon.colcon_core.package_identification:_identify(log) by extensions ['ignore', 'ignore_ament_install']
[0.360s] Level 1:colcon.colcon_core.package_identification:_identify(log) by extension 'ignore'
[0.360s] Level 1:colcon.colcon_core.package_identification:_identify(log) ignored
[0.360s] Level 1:colcon.colcon_core.package_identification:_identify(src) by extensions ['ignore', 'ignore_ament_install']
[0.360s] Level 1:colcon.colcon_core.package_identification:_identify(src) by extension 'ignore'
[0.360s] Level 1:colcon.colcon_core.package_identification:_identify(src) by extension 'ignore_ament_install'
[0.360s] Level 1:colcon.colcon_core.package_identification:_identify(src) by extensions ['colcon_pkg']
[0.360s] Level 1:colcon.colcon_core.package_identification:_identify(src) by extension 'colcon_pkg'
[0.360s] Level 1:colcon.colcon_core.package_identification:_identify(src) by extensions ['colcon_meta']
[0.360s] Level 1:colcon.colcon_core.package_identification:_identify(src) by extension 'colcon_meta'
[0.360s] Level 1:colcon.colcon_core.package_identification:_identify(src) by extensions ['ros']
[0.360s] Level 1:colcon.colcon_core.package_identification:_identify(src) by extension 'ros'
[0.360s] Level 1:colcon.colcon_core.package_identification:_identify(src) by extensions ['cmake', 'python']
[0.360s] Level 1:colcon.colcon_core.package_identification:_identify(src) by extension 'cmake'
[0.360s] Level 1:colcon.colcon_core.package_identification:_identify(src) by extension 'python'
[0.360s] Level 1:colcon.colcon_core.package_identification:_identify(src) by extensions ['python_setup_py']
[0.360s] Level 1:colcon.colcon_core.package_identification:_identify(src) by extension 'python_setup_py'
[0.360s] Level 1:colcon.colcon_core.package_identification:_identify(src/build) by extensions ['ignore', 'ignore_ament_install']
[0.360s] Level 1:colcon.colcon_core.package_identification:_identify(src/build) by extension 'ignore'
[0.360s] Level 1:colcon.colcon_core.package_identification:_identify(src/build) ignored
[0.360s] Level 1:colcon.colcon_core.package_identification:_identify(src/install) by extensions ['ignore', 'ignore_ament_install']
[0.361s] Level 1:colcon.colcon_core.package_identification:_identify(src/install) by extension 'ignore'
[0.361s] Level 1:colcon.colcon_core.package_identification:_identify(src/install) ignored
[0.361s] Level 1:colcon.colcon_core.package_identification:_identify(src/log) by extensions ['ignore', 'ignore_ament_install']
[0.361s] Level 1:colcon.colcon_core.package_identification:_identify(src/log) by extension 'ignore'
[0.361s] Level 1:colcon.colcon_core.package_identification:_identify(src/log) ignored
[0.361s] Level 1:colcon.colcon_core.package_identification:_identify(src/p3dx_description) by extensions ['ignore', 'ignore_ament_install']
[0.361s] Level 1:colcon.colcon_core.package_identification:_identify(src/p3dx_description) by extension 'ignore'
[0.361s] Level 1:colcon.colcon_core.package_identification:_identify(src/p3dx_description) by extension 'ignore_ament_install'
[0.361s] Level 1:colcon.colcon_core.package_identification:_identify(src/p3dx_description) by extensions ['colcon_pkg']
[0.361s] Level 1:colcon.colcon_core.package_identification:_identify(src/p3dx_description) by extension 'colcon_pkg'
[0.361s] Level 1:colcon.colcon_core.package_identification:_identify(src/p3dx_description) by extensions ['colcon_meta']
[0.361s] Level 1:colcon.colcon_core.package_identification:_identify(src/p3dx_description) by extension 'colcon_meta'
[0.361s] Level 1:colcon.colcon_core.package_identification:_identify(src/p3dx_description) by extensions ['ros']
[0.361s] Level 1:colcon.colcon_core.package_identification:_identify(src/p3dx_description) by extension 'ros'
[0.364s] DEBUG:colcon.colcon_core.package_identification:Package 'src/p3dx_description' with type 'ros.ament_python' and name 'p3dx_description'
[0.364s] Level 1:colcon.colcon_core.package_identification:_identify(src/p3dx_gazebo) by extensions ['ignore', 'ignore_ament_install']
[0.364s] Level 1:colcon.colcon_core.package_identification:_identify(src/p3dx_gazebo) by extension 'ignore'
[0.364s] Level 1:colcon.colcon_core.package_identification:_identify(src/p3dx_gazebo) by extension 'ignore_ament_install'
[0.364s] Level 1:colcon.colcon_core.package_identification:_identify(src/p3dx_gazebo) by extensions ['colcon_pkg']
[0.364s] Level 1:colcon.colcon_core.package_identification:_identify(src/p3dx_gazebo) by extension 'colcon_pkg'
[0.364s] Level 1:colcon.colcon_core.package_identification:_identify(src/p3dx_gazebo) by extensions ['colcon_meta']
[0.364s] Level 1:colcon.colcon_core.package_identification:_identify(src/p3dx_gazebo) by extension 'colcon_meta'
[0.364s] Level 1:colcon.colcon_core.package_identification:_identify(src/p3dx_gazebo) by extensions ['ros']
[0.364s] Level 1:colcon.colcon_core.package_identification:_identify(src/p3dx_gazebo) by extension 'ros'
[0.365s] DEBUG:colcon.colcon_core.package_identification:Package 'src/p3dx_gazebo' with type 'ros.ament_python' and name 'p3dx_gazebo'
[0.365s] Level 1:colcon.colcon_core.package_identification:_identify(src/udm_pioneer_p3dx) by extensions ['ignore', 'ignore_ament_install']
[0.365s] Level 1:colcon.colcon_core.package_identification:_identify(src/udm_pioneer_p3dx) by extension 'ignore'
[0.365s] Level 1:colcon.colcon_core.package_identification:_identify(src/udm_pioneer_p3dx) by extension 'ignore_ament_install'
[0.365s] Level 1:colcon.colcon_core.package_identification:_identify(src/udm_pioneer_p3dx) by extensions ['colcon_pkg']
[0.365s] Level 1:colcon.colcon_core.package_identification:_identify(src/udm_pioneer_p3dx) by extension 'colcon_pkg'
[0.365s] Level 1:colcon.colcon_core.package_identification:_identify(src/udm_pioneer_p3dx) by extensions ['colcon_meta']
[0.365s] Level 1:colcon.colcon_core.package_identification:_identify(src/udm_pioneer_p3dx) by extension 'colcon_meta'
[0.365s] Level 1:colcon.colcon_core.package_identification:_identify(src/udm_pioneer_p3dx) by extensions ['ros']
[0.365s] Level 1:colcon.colcon_core.package_identification:_identify(src/udm_pioneer_p3dx) by extension 'ros'
[0.366s] DEBUG:colcon.colcon_core.package_identification:Package 'src/udm_pioneer_p3dx' with type 'ros.ament_python' and name 'udm_pioneer_p3dx'
[0.366s] Level 1:colcon.colcon_core.package_discovery:discover_packages(recursive) using defaults
[0.366s] Level 1:colcon.colcon_core.package_discovery:discover_packages(ignore) discover
[0.366s] Level 1:colcon.colcon_core.package_discovery:discover_packages(ignore) using defaults
[0.366s] Level 1:colcon.colcon_core.package_discovery:discover_packages(path) discover
[0.366s] Level 1:colcon.colcon_core.package_discovery:discover_packages(path) using defaults
[0.389s] Level 1:colcon.colcon_core.package_discovery:discover_packages(prefix_path) check parameters
[0.389s] Level 1:colcon.colcon_core.package_discovery:discover_packages(prefix_path) discover
[0.392s] DEBUG:colcon.colcon_installed_package_information.package_discovery:Found 3 installed packages in /home/ara/ros2_ws/install
[0.392s] DEBUG:colcon.colcon_installed_package_information.package_discovery:Found 163 installed packages in /opt/ros/foxy
[0.393s] Level 1:colcon.colcon_core.package_discovery:discover_packages(prefix_path) using defaults
[0.435s] Level 5:colcon.colcon_core.verb:set package 'p3dx_description' build argument 'cmake_args' from command line to 'None'
[0.435s] Level 5:colcon.colcon_core.verb:set package 'p3dx_description' build argument 'cmake_target' from command line to 'None'
[0.435s] Level 5:colcon.colcon_core.verb:set package 'p3dx_description' build argument 'cmake_target_skip_unavailable' from command line to 'False'
[0.435s] Level 5:colcon.colcon_core.verb:set package 'p3dx_description' build argument 'cmake_clean_cache' from command line to 'False'
[0.435s] Level 5:colcon.colcon_core.verb:set package 'p3dx_description' build argument 'cmake_clean_first' from command line to 'False'
[0.435s] Level 5:colcon.colcon_core.verb:set package 'p3dx_description' build argument 'cmake_force_configure' from command line to 'False'
[0.435s] Level 5:colcon.colcon_core.verb:set package 'p3dx_description' build argument 'ament_cmake_args' from command line to 'None'
[0.435s] Level 5:colcon.colcon_core.verb:set package 'p3dx_description' build argument 'catkin_cmake_args' from command line to 'None'
[0.435s] Level 5:colcon.colcon_core.verb:set package 'p3dx_description' build argument 'catkin_skip_building_tests' from command line to 'False'
[0.435s] DEBUG:colcon.colcon_core.verb:Building package 'p3dx_description' with the following arguments: {'ament_cmake_args': None, 'build_base': '/home/ara/ros2_ws/build/p3dx_description', 'catkin_cmake_args': None, 'catkin_skip_building_tests': False, 'cmake_args': None, 'cmake_clean_cache': False, 'cmake_clean_first': False, 'cmake_force_configure': False, 'cmake_target': None, 'cmake_target_skip_unavailable': False, 'install_base': '/home/ara/ros2_ws/install/p3dx_description', 'merge_install': False, 'path': '/home/ara/ros2_ws/src/p3dx_description', 'symlink_install': False, 'test_result_base': None}
[0.436s] Level 5:colcon.colcon_core.verb:set package 'p3dx_gazebo' build argument 'cmake_args' from command line to 'None'
[0.436s] Level 5:colcon.colcon_core.verb:set package 'p3dx_gazebo' build argument 'cmake_target' from command line to 'None'
[0.436s] Level 5:colcon.colcon_core.verb:set package 'p3dx_gazebo' build argument 'cmake_target_skip_unavailable' from command line to 'False'
[0.436s] Level 5:colcon.colcon_core.verb:set package 'p3dx_gazebo' build argument 'cmake_clean_cache' from command line to 'False'
[0.436s] Level 5:colcon.colcon_core.verb:set package 'p3dx_gazebo' build argument 'cmake_clean_first' from command line to 'False'
[0.436s] Level 5:colcon.colcon_core.verb:set package 'p3dx_gazebo' build argument 'cmake_force_configure' from command line to 'False'
[0.436s] Level 5:colcon.colcon_core.verb:set package 'p3dx_gazebo' build argument 'ament_cmake_args' from command line to 'None'
[0.436s] Level 5:colcon.colcon_core.verb:set package 'p3dx_gazebo' build argument 'catkin_cmake_args' from command line to 'None'
[0.436s] Level 5:colcon.colcon_core.verb:set package 'p3dx_gazebo' build argument 'catkin_skip_building_tests' from command line to 'False'
[0.436s] DEBUG:colcon.colcon_core.verb:Building package 'p3dx_gazebo' with the following arguments: {'ament_cmake_args': None, 'build_base': '/home/ara/ros2_ws/build/p3dx_gazebo', 'catkin_cmake_args': None, 'catkin_skip_building_tests': False, 'cmake_args': None, 'cmake_clean_cache': False, 'cmake_clean_first': False, 'cmake_force_configure': False, 'cmake_target': None, 'cmake_target_skip_unavailable': False, 'install_base': '/home/ara/ros2_ws/install/p3dx_gazebo', 'merge_install': False, 'path': '/home/ara/ros2_ws/src/p3dx_gazebo', 'symlink_install': False, 'test_result_base': None}
[0.436s] Level 5:colcon.colcon_core.verb:set package 'udm_pioneer_p3dx' build argument 'cmake_args' from command line to 'None'
[0.436s] Level 5:colcon.colcon_core.verb:set package 'udm_pioneer_p3dx' build argument 'cmake_target' from command line to 'None'
[0.436s] Level 5:colcon.colcon_core.verb:set package 'udm_pioneer_p3dx' build argument 'cmake_target_skip_unavailable' from command line to 'False'
[0.436s] Level 5:colcon.colcon_core.verb:set package 'udm_pioneer_p3dx' build argument 'cmake_clean_cache' from command line to 'False'
[0.436s] Level 5:colcon.colcon_core.verb:set package 'udm_pioneer_p3dx' build argument 'cmake_clean_first' from command line to 'False'
[0.437s] Level 5:colcon.colcon_core.verb:set package 'udm_pioneer_p3dx' build argument 'cmake_force_configure' from command line to 'False'
[0.437s] Level 5:colcon.colcon_core.verb:set package 'udm_pioneer_p3dx' build argument 'ament_cmake_args' from command line to 'None'
[0.437s] Level 5:colcon.colcon_core.verb:set package 'udm_pioneer_p3dx' build argument 'catkin_cmake_args' from command line to 'None'
[0.437s] Level 5:colcon.colcon_core.verb:set package 'udm_pioneer_p3dx' build argument 'catkin_skip_building_tests' from command line to 'False'
[0.437s] DEBUG:colcon.colcon_core.verb:Building package 'udm_pioneer_p3dx' with the following arguments: {'ament_cmake_args': None, 'build_base': '/home/ara/ros2_ws/build/udm_pioneer_p3dx', 'catkin_cmake_args': None, 'catkin_skip_building_tests': False, 'cmake_args': None, 'cmake_clean_cache': False, 'cmake_clean_first': False, 'cmake_force_configure': False, 'cmake_target': None, 'cmake_target_skip_unavailable': False, 'install_base': '/home/ara/ros2_ws/install/udm_pioneer_p3dx', 'merge_install': False, 'path': '/home/ara/ros2_ws/src/udm_pioneer_p3dx', 'symlink_install': False, 'test_result_base': None}
[0.437s] INFO:colcon.colcon_core.executor:Executing jobs using 'parallel' executor
[0.438s] DEBUG:colcon.colcon_parallel_executor.executor.parallel:run_until_complete
[0.438s] INFO:colcon.colcon_ros.task.ament_python.build:Building ROS package in '/home/ara/ros2_ws/src/p3dx_description' with build type 'ament_python'
[0.438s] Level 1:colcon.colcon_core.shell:create_environment_hook('p3dx_description', 'ament_prefix_path')
[0.440s] INFO:colcon.colcon_core.plugin_system:Skipping extension 'colcon_core.shell.bat': Not used on non-Windows systems
[0.441s] INFO:colcon.colcon_core.shell:Creating environment hook '/home/ara/ros2_ws/install/p3dx_description/share/p3dx_description/hook/ament_prefix_path.ps1'
[0.441s] INFO:colcon.colcon_core.shell:Creating environment descriptor '/home/ara/ros2_ws/install/p3dx_description/share/p3dx_description/hook/ament_prefix_path.dsv'
[0.442s] INFO:colcon.colcon_core.shell:Creating environment hook '/home/ara/ros2_ws/install/p3dx_description/share/p3dx_description/hook/ament_prefix_path.sh'
[0.443s] INFO:colcon.colcon_core.shell:Skip shell extension 'powershell' for command environment: Not usable outside of PowerShell
[0.444s] DEBUG:colcon.colcon_core.shell:Skip shell extension 'dsv' for command environment
[0.764s] INFO:colcon.colcon_core.task.python.build:Building Python package in '/home/ara/ros2_ws/src/p3dx_description'
[0.765s] INFO:colcon.colcon_core.shell:Skip shell extension 'powershell' for command environment: Not usable outside of PowerShell
[0.765s] DEBUG:colcon.colcon_core.shell:Skip shell extension 'dsv' for command environment
[1.209s] DEBUG:colcon.colcon_core.event_handler.log_command:Invoking command in '/home/ara/ros2_ws/src/p3dx_description': PYTHONPATH=/home/ara/ros2_ws/build/p3dx_description/prefix_override:/home/ara/ros2_ws/install/p3dx_description/lib/python3.8/site-packages:${PYTHONPATH} /usr/bin/python3 -W ignore:setup.py install is deprecated setup.py egg_info --egg-base ../../build/p3dx_description build --build-base /home/ara/ros2_ws/build/p3dx_description/build install --record /home/ara/ros2_ws/build/p3dx_description/install.log --install-scripts $base/lib/p3dx_description --single-version-externally-managed install_data
[1.550s] Level 1:colcon.colcon_core.environment:checking '/home/ara/ros2_ws/install/p3dx_description' for CMake module files
[1.550s] Level 1:colcon.colcon_core.environment:checking '/home/ara/ros2_ws/install/p3dx_description' for CMake config files
[1.551s] Level 1:colcon.colcon_core.environment:checking '/home/ara/ros2_ws/install/p3dx_description/lib'
[1.551s] Level 1:colcon.colcon_core.environment:checking '/home/ara/ros2_ws/install/p3dx_description/bin'
[1.551s] Level 1:colcon.colcon_core.environment:checking '/home/ara/ros2_ws/install/p3dx_description/lib/pkgconfig/p3dx_description.pc'
[1.552s] DEBUG:colcon.colcon_core.event_handler.log_command:Invoked command in '/home/ara/ros2_ws/src/p3dx_description' returned '0': PYTHONPATH=/home/ara/ros2_ws/build/p3dx_description/prefix_override:/home/ara/ros2_ws/install/p3dx_description/lib/python3.8/site-packages:${PYTHONPATH} /usr/bin/python3 -W ignore:setup.py install is deprecated setup.py egg_info --egg-base ../../build/p3dx_description build --build-base /home/ara/ros2_ws/build/p3dx_description/build install --record /home/ara/ros2_ws/build/p3dx_description/install.log --install-scripts $base/lib/p3dx_description --single-version-externally-managed install_data
[1.552s] Level 1:colcon.colcon_core.environment:checking '/home/ara/ros2_ws/install/p3dx_description/lib/python3.8/site-packages'
[1.552s] Level 1:colcon.colcon_core.shell:create_environment_hook('p3dx_description', 'pythonpath')
[1.552s] INFO:colcon.colcon_core.shell:Creating environment hook '/home/ara/ros2_ws/install/p3dx_description/share/p3dx_description/hook/pythonpath.ps1'
[1.553s] INFO:colcon.colcon_core.shell:Creating environment descriptor '/home/ara/ros2_ws/install/p3dx_description/share/p3dx_description/hook/pythonpath.dsv'
[1.553s] INFO:colcon.colcon_core.shell:Creating environment hook '/home/ara/ros2_ws/install/p3dx_description/share/p3dx_description/hook/pythonpath.sh'
[1.554s] Level 1:colcon.colcon_core.environment:checking '/home/ara/ros2_ws/install/p3dx_description/bin'
[1.554s] Level 1:colcon.colcon_core.environment:create_environment_scripts_only(p3dx_description)
[1.554s] INFO:colcon.colcon_core.shell:Creating package script '/home/ara/ros2_ws/install/p3dx_description/share/p3dx_description/package.ps1'
[1.555s] INFO:colcon.colcon_core.shell:Creating package descriptor '/home/ara/ros2_ws/install/p3dx_description/share/p3dx_description/package.dsv'
[1.556s] INFO:colcon.colcon_core.shell:Creating package script '/home/ara/ros2_ws/install/p3dx_description/share/p3dx_description/package.sh'
[1.557s] INFO:colcon.colcon_core.shell:Creating package script '/home/ara/ros2_ws/install/p3dx_description/share/p3dx_description/package.bash'
[1.557s] INFO:colcon.colcon_core.shell:Creating package script '/home/ara/ros2_ws/install/p3dx_description/share/p3dx_description/package.zsh'
[1.558s] Level 1:colcon.colcon_core.environment:create_file_with_runtime_dependencies(/home/ara/ros2_ws/install/p3dx_description/share/colcon-core/packages/p3dx_description)
[1.559s] INFO:colcon.colcon_ros.task.ament_python.build:Building ROS package in '/home/ara/ros2_ws/src/p3dx_gazebo' with build type 'ament_python'
[1.559s] Level 1:colcon.colcon_core.shell:create_environment_hook('p3dx_gazebo', 'ament_prefix_path')
[1.560s] INFO:colcon.colcon_core.shell:Creating environment hook '/home/ara/ros2_ws/install/p3dx_gazebo/share/p3dx_gazebo/hook/ament_prefix_path.ps1'
[1.560s] INFO:colcon.colcon_core.shell:Creating environment descriptor '/home/ara/ros2_ws/install/p3dx_gazebo/share/p3dx_gazebo/hook/ament_prefix_path.dsv'
[1.560s] INFO:colcon.colcon_core.shell:Creating environment hook '/home/ara/ros2_ws/install/p3dx_gazebo/share/p3dx_gazebo/hook/ament_prefix_path.sh'
[1.562s] INFO:colcon.colcon_core.shell:Skip shell extension 'powershell' for command environment: Not usable outside of PowerShell
[1.562s] DEBUG:colcon.colcon_core.shell:Skip shell extension 'dsv' for command environment
[1.864s] INFO:colcon.colcon_core.task.python.build:Building Python package in '/home/ara/ros2_ws/src/p3dx_gazebo'
[1.865s] INFO:colcon.colcon_core.shell:Skip shell extension 'powershell' for command environment: Not usable outside of PowerShell
[1.865s] DEBUG:colcon.colcon_core.shell:Skip shell extension 'dsv' for command environment
[2.277s] DEBUG:colcon.colcon_core.event_handler.log_command:Invoking command in '/home/ara/ros2_ws/src/p3dx_gazebo': PYTHONPATH=/home/ara/ros2_ws/build/p3dx_gazebo/prefix_override:/home/ara/ros2_ws/install/p3dx_gazebo/lib/python3.8/site-packages:${PYTHONPATH} /usr/bin/python3 -W ignore:setup.py install is deprecated setup.py egg_info --egg-base ../../build/p3dx_gazebo build --build-base /home/ara/ros2_ws/build/p3dx_gazebo/build install --record /home/ara/ros2_ws/build/p3dx_gazebo/install.log --install-scripts $base/lib/p3dx_gazebo --single-version-externally-managed install_data
[2.615s] Level 1:colcon.colcon_core.environment:checking '/home/ara/ros2_ws/install/p3dx_gazebo' for CMake module files
[2.615s] Level 1:colcon.colcon_core.environment:checking '/home/ara/ros2_ws/install/p3dx_gazebo' for CMake config files
[2.616s] Level 1:colcon.colcon_core.environment:checking '/home/ara/ros2_ws/install/p3dx_gazebo/lib'
[2.616s] Level 1:colcon.colcon_core.environment:checking '/home/ara/ros2_ws/install/p3dx_gazebo/bin'
[2.616s] Level 1:colcon.colcon_core.environment:checking '/home/ara/ros2_ws/install/p3dx_gazebo/lib/pkgconfig/p3dx_gazebo.pc'
[2.616s] Level 1:colcon.colcon_core.environment:checking '/home/ara/ros2_ws/install/p3dx_gazebo/lib/python3.8/site-packages'
[2.616s] Level 1:colcon.colcon_core.shell:create_environment_hook('p3dx_gazebo', 'pythonpath')
[2.617s] INFO:colcon.colcon_core.shell:Creating environment hook '/home/ara/ros2_ws/install/p3dx_gazebo/share/p3dx_gazebo/hook/pythonpath.ps1'
[2.617s] INFO:colcon.colcon_core.shell:Creating environment descriptor '/home/ara/ros2_ws/install/p3dx_gazebo/share/p3dx_gazebo/hook/pythonpath.dsv'
[2.619s] DEBUG:colcon.colcon_core.event_handler.log_command:Invoked command in '/home/ara/ros2_ws/src/p3dx_gazebo' returned '0': PYTHONPATH=/home/ara/ros2_ws/build/p3dx_gazebo/prefix_override:/home/ara/ros2_ws/install/p3dx_gazebo/lib/python3.8/site-packages:${PYTHONPATH} /usr/bin/python3 -W ignore:setup.py install is deprecated setup.py egg_info --egg-base ../../build/p3dx_gazebo build --build-base /home/ara/ros2_ws/build/p3dx_gazebo/build install --record /home/ara/ros2_ws/build/p3dx_gazebo/install.log --install-scripts $base/lib/p3dx_gazebo --single-version-externally-managed install_data
[2.619s] INFO:colcon.colcon_core.shell:Creating environment hook '/home/ara/ros2_ws/install/p3dx_gazebo/share/p3dx_gazebo/hook/pythonpath.sh'
[2.620s] Level 1:colcon.colcon_core.environment:checking '/home/ara/ros2_ws/install/p3dx_gazebo/bin'
[2.620s] Level 1:colcon.colcon_core.environment:create_environment_scripts_only(p3dx_gazebo)
[2.620s] INFO:colcon.colcon_core.shell:Creating package script '/home/ara/ros2_ws/install/p3dx_gazebo/share/p3dx_gazebo/package.ps1'
[2.621s] INFO:colcon.colcon_core.shell:Creating package descriptor '/home/ara/ros2_ws/install/p3dx_gazebo/share/p3dx_gazebo/package.dsv'
[2.622s] INFO:colcon.colcon_core.shell:Creating package script '/home/ara/ros2_ws/install/p3dx_gazebo/share/p3dx_gazebo/package.sh'
[2.623s] INFO:colcon.colcon_core.shell:Creating package script '/home/ara/ros2_ws/install/p3dx_gazebo/share/p3dx_gazebo/package.bash'
[2.623s] INFO:colcon.colcon_core.shell:Creating package script '/home/ara/ros2_ws/install/p3dx_gazebo/share/p3dx_gazebo/package.zsh'
[2.624s] Level 1:colcon.colcon_core.environment:create_file_with_runtime_dependencies(/home/ara/ros2_ws/install/p3dx_gazebo/share/colcon-core/packages/p3dx_gazebo)
[2.625s] INFO:colcon.colcon_ros.task.ament_python.build:Building ROS package in '/home/ara/ros2_ws/src/udm_pioneer_p3dx' with build type 'ament_python'
[2.625s] Level 1:colcon.colcon_core.shell:create_environment_hook('udm_pioneer_p3dx', 'ament_prefix_path')
[2.625s] INFO:colcon.colcon_core.shell:Creating environment hook '/home/ara/ros2_ws/install/udm_pioneer_p3dx/share/udm_pioneer_p3dx/hook/ament_prefix_path.ps1'
[2.626s] INFO:colcon.colcon_core.shell:Creating environment descriptor '/home/ara/ros2_ws/install/udm_pioneer_p3dx/share/udm_pioneer_p3dx/hook/ament_prefix_path.dsv'
[2.626s] INFO:colcon.colcon_core.shell:Creating environment hook '/home/ara/ros2_ws/install/udm_pioneer_p3dx/share/udm_pioneer_p3dx/hook/ament_prefix_path.sh'
[2.627s] INFO:colcon.colcon_core.shell:Skip shell extension 'powershell' for command environment: Not usable outside of PowerShell
[2.627s] DEBUG:colcon.colcon_core.shell:Skip shell extension 'dsv' for command environment
[2.911s] INFO:colcon.colcon_core.task.python.build:Building Python package in '/home/ara/ros2_ws/src/udm_pioneer_p3dx'
[2.912s] INFO:colcon.colcon_core.shell:Skip shell extension 'powershell' for command environment: Not usable outside of PowerShell
[2.912s] DEBUG:colcon.colcon_core.shell:Skip shell extension 'dsv' for command environment
[3.346s] DEBUG:colcon.colcon_core.event_handler.log_command:Invoking command in '/home/ara/ros2_ws/src/udm_pioneer_p3dx': PYTHONPATH=/home/ara/ros2_ws/build/udm_pioneer_p3dx/prefix_override:/home/ara/ros2_ws/install/udm_pioneer_p3dx/lib/python3.8/site-packages:${PYTHONPATH} /usr/bin/python3 -W ignore:setup.py install is deprecated setup.py egg_info --egg-base ../../build/udm_pioneer_p3dx build --build-base /home/ara/ros2_ws/build/udm_pioneer_p3dx/build install --record /home/ara/ros2_ws/build/udm_pioneer_p3dx/install.log --install-scripts $base/lib/udm_pioneer_p3dx --single-version-externally-managed install_data
[3.673s] Level 1:colcon.colcon_core.environment:checking '/home/ara/ros2_ws/install/udm_pioneer_p3dx' for CMake module files
[3.674s] Level 1:colcon.colcon_core.environment:checking '/home/ara/ros2_ws/install/udm_pioneer_p3dx' for CMake config files
[3.675s] Level 1:colcon.colcon_core.environment:checking '/home/ara/ros2_ws/install/udm_pioneer_p3dx/lib'
[3.675s] Level 1:colcon.colcon_core.environment:checking '/home/ara/ros2_ws/install/udm_pioneer_p3dx/bin'
[3.675s] Level 1:colcon.colcon_core.environment:checking '/home/ara/ros2_ws/install/udm_pioneer_p3dx/lib/pkgconfig/udm_pioneer_p3dx.pc'
[3.675s] Level 1:colcon.colcon_core.environment:checking '/home/ara/ros2_ws/install/udm_pioneer_p3dx/lib/python3.8/site-packages'
[3.675s] Level 1:colcon.colcon_core.shell:create_environment_hook('udm_pioneer_p3dx', 'pythonpath')
[3.675s] INFO:colcon.colcon_core.shell:Creating environment hook '/home/ara/ros2_ws/install/udm_pioneer_p3dx/share/udm_pioneer_p3dx/hook/pythonpath.ps1'
[3.676s] DEBUG:colcon.colcon_core.event_handler.log_command:Invoked command in '/home/ara/ros2_ws/src/udm_pioneer_p3dx' returned '0': PYTHONPATH=/home/ara/ros2_ws/build/udm_pioneer_p3dx/prefix_override:/home/ara/ros2_ws/install/udm_pioneer_p3dx/lib/python3.8/site-packages:${PYTHONPATH} /usr/bin/python3 -W ignore:setup.py install is deprecated setup.py egg_info --egg-base ../../build/udm_pioneer_p3dx build --build-base /home/ara/ros2_ws/build/udm_pioneer_p3dx/build install --record /home/ara/ros2_ws/build/udm_pioneer_p3dx/install.log --install-scripts $base/lib/udm_pioneer_p3dx --single-version-externally-managed install_data
[3.677s] INFO:colcon.colcon_core.shell:Creating environment descriptor '/home/ara/ros2_ws/install/udm_pioneer_p3dx/share/udm_pioneer_p3dx/hook/pythonpath.dsv'
[3.677s] INFO:colcon.colcon_core.shell:Creating environment hook '/home/ara/ros2_ws/install/udm_pioneer_p3dx/share/udm_pioneer_p3dx/hook/pythonpath.sh'
[3.678s] Level 1:colcon.colcon_core.environment:checking '/home/ara/ros2_ws/install/udm_pioneer_p3dx/bin'
[3.678s] Level 1:colcon.colcon_core.environment:create_environment_scripts_only(udm_pioneer_p3dx)
[3.678s] INFO:colcon.colcon_core.shell:Creating package script '/home/ara/ros2_ws/install/udm_pioneer_p3dx/share/udm_pioneer_p3dx/package.ps1'
[3.679s] INFO:colcon.colcon_core.shell:Creating package descriptor '/home/ara/ros2_ws/install/udm_pioneer_p3dx/share/udm_pioneer_p3dx/package.dsv'
[3.679s] INFO:colcon.colcon_core.shell:Creating package script '/home/ara/ros2_ws/install/udm_pioneer_p3dx/share/udm_pioneer_p3dx/package.sh'
[3.679s] INFO:colcon.colcon_core.shell:Creating package script '/home/ara/ros2_ws/install/udm_pioneer_p3dx/share/udm_pioneer_p3dx/package.bash'
[3.680s] INFO:colcon.colcon_core.shell:Creating package script '/home/ara/ros2_ws/install/udm_pioneer_p3dx/share/udm_pioneer_p3dx/package.zsh'
[3.680s] Level 1:colcon.colcon_core.environment:create_file_with_runtime_dependencies(/home/ara/ros2_ws/install/udm_pioneer_p3dx/share/colcon-core/packages/udm_pioneer_p3dx)
[3.682s] DEBUG:colcon.colcon_parallel_executor.executor.parallel:closing loop
[3.682s] DEBUG:colcon.colcon_parallel_executor.executor.parallel:loop closed
[3.682s] DEBUG:colcon.colcon_parallel_executor.executor.parallel:run_until_complete finished with '0'
[3.682s] DEBUG:colcon.colcon_core.event_reactor:joining thread
[3.689s] INFO:colcon.colcon_core.plugin_system:Skipping extension 'colcon_notification.desktop_notification.terminal_notifier': Not used on non-Darwin systems
[3.689s] INFO:colcon.colcon_core.plugin_system:Skipping extension 'colcon_notification.desktop_notification.win32': Not used on non-Windows systems
[3.689s] INFO:colcon.colcon_notification.desktop_notification:Sending desktop notification using 'notify2'
[3.714s] DEBUG:colcon.colcon_core.event_reactor:joined thread
[3.715s] INFO:colcon.colcon_core.shell:Creating prefix script '/home/ara/ros2_ws/install/local_setup.ps1'
[3.716s] INFO:colcon.colcon_core.shell:Creating prefix util module '/home/ara/ros2_ws/install/_local_setup_util_ps1.py'
[3.717s] INFO:colcon.colcon_core.shell:Creating prefix chain script '/home/ara/ros2_ws/install/setup.ps1'
[3.721s] INFO:colcon.colcon_core.shell:Creating prefix script '/home/ara/ros2_ws/install/local_setup.sh'
[3.722s] INFO:colcon.colcon_core.shell:Creating prefix util module '/home/ara/ros2_ws/install/_local_setup_util_sh.py'
[3.723s] INFO:colcon.colcon_core.shell:Creating prefix chain script '/home/ara/ros2_ws/install/setup.sh'
[3.726s] INFO:colcon.colcon_core.shell:Creating prefix script '/home/ara/ros2_ws/install/local_setup.bash'
[3.726s] INFO:colcon.colcon_core.shell:Creating prefix chain script '/home/ara/ros2_ws/install/setup.bash'
[3.729s] INFO:colcon.colcon_core.shell:Creating prefix script '/home/ara/ros2_ws/install/local_setup.zsh'
[3.730s] INFO:colcon.colcon_core.shell:Creating prefix chain script '/home/ara/ros2_ws/install/setup.zsh'
