[1.219s] DEBUG:colcon:Command line arguments: ['/usr/bin/colcon', 'build']
[1.219s] DEBUG:colcon:Parsed command line arguments: Namespace(allow_overriding=[], ament_cmake_args=None, base_paths=['.'], build_base='build', catkin_cmake_args=None, catkin_skip_building_tests=False, cmake_args=None, cmake_clean_cache=False, cmake_clean_first=False, cmake_force_configure=False, cmake_target=None, cmake_target_skip_unavailable=False, continue_on_error=False, event_handlers=None, executor='parallel', ignore_user_meta=False, install_base='install', log_base=None, log_level=None, main=<bound method BuildVerb.main of <colcon_core.verb.build.BuildVerb object at 0x7fa82948bdc0>>, merge_install=False, metas=['./colcon.meta'], mixin=None, mixin_files=None, mixin_verb=('build',), packages_above=None, packages_above_and_dependencies=None, packages_above_depth=None, packages_end=None, packages_ignore=None, packages_ignore_regex=None, packages_select=None, packages_select_build_failed=False, packages_select_by_dep=None, packages_select_regex=None, packages_select_test_failures=False, packages_skip=None, packages_skip_build_finished=False, packages_skip_by_dep=None, packages_skip_regex=None, packages_skip_test_passed=False, packages_skip_up_to=None, packages_start=None, packages_up_to=None, packages_up_to_regex=None, parallel_workers=1, paths=None, symlink_install=False, test_result_base=None, verb_extension=<colcon_core.verb.build.BuildVerb object at 0x7fa82948bdc0>, verb_name='build', verb_parser=<colcon_mixin.mixin.mixin_argument.MixinArgumentDecorator object at 0x7fa829382130>)
[2.061s] Level 1:colcon.colcon_core.package_discovery:discover_packages(colcon_meta) check parameters
[2.061s] Level 1:colcon.colcon_core.package_discovery:discover_packages(recursive) check parameters
[2.061s] Level 1:colcon.colcon_core.package_discovery:discover_packages(ignore) check parameters
[2.061s] Level 1:colcon.colcon_core.package_discovery:discover_packages(path) check parameters
[2.062s] Level 1:colcon.colcon_core.package_discovery:discover_packages(colcon_meta) discover
[2.062s] Level 1:colcon.colcon_core.package_discovery:discover_packages(recursive) discover
[2.062s] INFO:colcon.colcon_core.package_discovery:Crawling recursively for packages in '/home/ara/ros2_ws'
[2.078s] Level 1:colcon.colcon_core.package_identification:_identify(.) by extensions ['ignore', 'ignore_ament_install']
[2.078s] Level 1:colcon.colcon_core.package_identification:_identify(.) by extension 'ignore'
[2.078s] Level 1:colcon.colcon_core.package_identification:_identify(.) by extension 'ignore_ament_install'
[2.078s] Level 1:colcon.colcon_core.package_identification:_identify(.) by extensions ['colcon_pkg']
[2.078s] Level 1:colcon.colcon_core.package_identification:_identify(.) by extension 'colcon_pkg'
[2.078s] Level 1:colcon.colcon_core.package_identification:_identify(.) by extensions ['colcon_meta']
[2.078s] Level 1:colcon.colcon_core.package_identification:_identify(.) by extension 'colcon_meta'
[2.078s] Level 1:colcon.colcon_core.package_identification:_identify(.) by extensions ['ros']
[2.078s] Level 1:colcon.colcon_core.package_identification:_identify(.) by extension 'ros'
[2.137s] Level 1:colcon.colcon_core.package_identification:_identify(.) by extensions ['cmake', 'python']
[2.137s] Level 1:colcon.colcon_core.package_identification:_identify(.) by extension 'cmake'
[2.138s] Level 1:colcon.colcon_core.package_identification:_identify(.) by extension 'python'
[2.138s] Level 1:colcon.colcon_core.package_identification:_identify(.) by extensions ['python_setup_py']
[2.138s] Level 1:colcon.colcon_core.package_identification:_identify(.) by extension 'python_setup_py'
[2.138s] Level 1:colcon.colcon_core.package_identification:_identify(build) by extensions ['ignore', 'ignore_ament_install']
[2.138s] Level 1:colcon.colcon_core.package_identification:_identify(build) by extension 'ignore'
[2.138s] Level 1:colcon.colcon_core.package_identification:_identify(build) ignored
[2.138s] Level 1:colcon.colcon_core.package_identification:_identify(install) by extensions ['ignore', 'ignore_ament_install']
[2.138s] Level 1:colcon.colcon_core.package_identification:_identify(install) by extension 'ignore'
[2.138s] Level 1:colcon.colcon_core.package_identification:_identify(install) ignored
[2.167s] Level 1:colcon.colcon_core.package_identification:_identify(log) by extensions ['ignore', 'ignore_ament_install']
[2.167s] Level 1:colcon.colcon_core.package_identification:_identify(log) by extension 'ignore'
[2.167s] Level 1:colcon.colcon_core.package_identification:_identify(log) ignored
[2.168s] Level 1:colcon.colcon_core.package_identification:_identify(src) by extensions ['ignore', 'ignore_ament_install']
[2.168s] Level 1:colcon.colcon_core.package_identification:_identify(src) by extension 'ignore'
[2.168s] Level 1:colcon.colcon_core.package_identification:_identify(src) by extension 'ignore_ament_install'
[2.168s] Level 1:colcon.colcon_core.package_identification:_identify(src) by extensions ['colcon_pkg']
[2.168s] Level 1:colcon.colcon_core.package_identification:_identify(src) by extension 'colcon_pkg'
[2.168s] Level 1:colcon.colcon_core.package_identification:_identify(src) by extensions ['colcon_meta']
[2.168s] Level 1:colcon.colcon_core.package_identification:_identify(src) by extension 'colcon_meta'
[2.168s] Level 1:colcon.colcon_core.package_identification:_identify(src) by extensions ['ros']
[2.168s] Level 1:colcon.colcon_core.package_identification:_identify(src) by extension 'ros'
[2.168s] Level 1:colcon.colcon_core.package_identification:_identify(src) by extensions ['cmake', 'python']
[2.168s] Level 1:colcon.colcon_core.package_identification:_identify(src) by extension 'cmake'
[2.168s] Level 1:colcon.colcon_core.package_identification:_identify(src) by extension 'python'
[2.168s] Level 1:colcon.colcon_core.package_identification:_identify(src) by extensions ['python_setup_py']
[2.168s] Level 1:colcon.colcon_core.package_identification:_identify(src) by extension 'python_setup_py'
[2.168s] Level 1:colcon.colcon_core.package_identification:_identify(src/build) by extensions ['ignore', 'ignore_ament_install']
[2.168s] Level 1:colcon.colcon_core.package_identification:_identify(src/build) by extension 'ignore'
[2.170s] Level 1:colcon.colcon_core.package_identification:_identify(src/build) ignored
[2.170s] Level 1:colcon.colcon_core.package_identification:_identify(src/install) by extensions ['ignore', 'ignore_ament_install']
[2.170s] Level 1:colcon.colcon_core.package_identification:_identify(src/install) by extension 'ignore'
[2.170s] Level 1:colcon.colcon_core.package_identification:_identify(src/install) ignored
[2.170s] Level 1:colcon.colcon_core.package_identification:_identify(src/log) by extensions ['ignore', 'ignore_ament_install']
[2.170s] Level 1:colcon.colcon_core.package_identification:_identify(src/log) by extension 'ignore'
[2.170s] Level 1:colcon.colcon_core.package_identification:_identify(src/log) ignored
[2.170s] Level 1:colcon.colcon_core.package_identification:_identify(src/p3dx_description) by extensions ['ignore', 'ignore_ament_install']
[2.170s] Level 1:colcon.colcon_core.package_identification:_identify(src/p3dx_description) by extension 'ignore'
[2.170s] Level 1:colcon.colcon_core.package_identification:_identify(src/p3dx_description) by extension 'ignore_ament_install'
[2.170s] Level 1:colcon.colcon_core.package_identification:_identify(src/p3dx_description) by extensions ['colcon_pkg']
[2.170s] Level 1:colcon.colcon_core.package_identification:_identify(src/p3dx_description) by extension 'colcon_pkg'
[2.170s] Level 1:colcon.colcon_core.package_identification:_identify(src/p3dx_description) by extensions ['colcon_meta']
[2.171s] Level 1:colcon.colcon_core.package_identification:_identify(src/p3dx_description) by extension 'colcon_meta'
[2.171s] Level 1:colcon.colcon_core.package_identification:_identify(src/p3dx_description) by extensions ['ros']
[2.171s] Level 1:colcon.colcon_core.package_identification:_identify(src/p3dx_description) by extension 'ros'
[2.173s] DEBUG:colcon.colcon_core.package_identification:Package 'src/p3dx_description' with type 'ros.ament_python' and name 'p3dx_description'
[2.173s] Level 1:colcon.colcon_core.package_identification:_identify(src/p3dx_gazebo) by extensions ['ignore', 'ignore_ament_install']
[2.173s] Level 1:colcon.colcon_core.package_identification:_identify(src/p3dx_gazebo) by extension 'ignore'
[2.199s] Level 1:colcon.colcon_core.package_identification:_identify(src/p3dx_gazebo) by extension 'ignore_ament_install'
[2.199s] Level 1:colcon.colcon_core.package_identification:_identify(src/p3dx_gazebo) by extensions ['colcon_pkg']
[2.199s] Level 1:colcon.colcon_core.package_identification:_identify(src/p3dx_gazebo) by extension 'colcon_pkg'
[2.200s] Level 1:colcon.colcon_core.package_identification:_identify(src/p3dx_gazebo) by extensions ['colcon_meta']
[2.200s] Level 1:colcon.colcon_core.package_identification:_identify(src/p3dx_gazebo) by extension 'colcon_meta'
[2.200s] Level 1:colcon.colcon_core.package_identification:_identify(src/p3dx_gazebo) by extensions ['ros']
[2.200s] Level 1:colcon.colcon_core.package_identification:_identify(src/p3dx_gazebo) by extension 'ros'
[2.200s] DEBUG:colcon.colcon_core.package_identification:Package 'src/p3dx_gazebo' with type 'ros.ament_python' and name 'p3dx_gazebo'
[2.200s] Level 1:colcon.colcon_core.package_identification:_identify(src/udm_pioneer_p3dx) by extensions ['ignore', 'ignore_ament_install']
[2.200s] Level 1:colcon.colcon_core.package_identification:_identify(src/udm_pioneer_p3dx) by extension 'ignore'
[2.201s] Level 1:colcon.colcon_core.package_identification:_identify(src/udm_pioneer_p3dx) by extension 'ignore_ament_install'
[2.201s] Level 1:colcon.colcon_core.package_identification:_identify(src/udm_pioneer_p3dx) by extensions ['colcon_pkg']
[2.201s] Level 1:colcon.colcon_core.package_identification:_identify(src/udm_pioneer_p3dx) by extension 'colcon_pkg'
[2.201s] Level 1:colcon.colcon_core.package_identification:_identify(src/udm_pioneer_p3dx) by extensions ['colcon_meta']
[2.201s] Level 1:colcon.colcon_core.package_identification:_identify(src/udm_pioneer_p3dx) by extension 'colcon_meta'
[2.201s] Level 1:colcon.colcon_core.package_identification:_identify(src/udm_pioneer_p3dx) by extensions ['ros']
[2.201s] Level 1:colcon.colcon_core.package_identification:_identify(src/udm_pioneer_p3dx) by extension 'ros'
[2.201s] DEBUG:colcon.colcon_core.package_identification:Package 'src/udm_pioneer_p3dx' with type 'ros.ament_python' and name 'udm_pioneer_p3dx'
[2.201s] Level 1:colcon.colcon_core.package_discovery:discover_packages(recursive) using defaults
[2.201s] Level 1:colcon.colcon_core.package_discovery:discover_packages(ignore) discover
[2.201s] Level 1:colcon.colcon_core.package_discovery:discover_packages(ignore) using defaults
[2.201s] Level 1:colcon.colcon_core.package_discovery:discover_packages(path) discover
[2.201s] Level 1:colcon.colcon_core.package_discovery:discover_packages(path) using defaults
[2.304s] Level 1:colcon.colcon_core.package_discovery:discover_packages(prefix_path) check parameters
[2.304s] Level 1:colcon.colcon_core.package_discovery:discover_packages(prefix_path) discover
[2.330s] DEBUG:colcon.colcon_installed_package_information.package_discovery:Found 3 installed packages in /home/ara/ros2_ws/install
[2.331s] DEBUG:colcon.colcon_installed_package_information.package_discovery:Found 163 installed packages in /opt/ros/foxy
[2.332s] Level 1:colcon.colcon_core.package_discovery:discover_packages(prefix_path) using defaults
[2.556s] Level 5:colcon.colcon_core.verb:set package 'p3dx_description' build argument 'cmake_args' from command line to 'None'
[2.556s] Level 5:colcon.colcon_core.verb:set package 'p3dx_description' build argument 'cmake_target' from command line to 'None'
[2.556s] Level 5:colcon.colcon_core.verb:set package 'p3dx_description' build argument 'cmake_target_skip_unavailable' from command line to 'False'
[2.556s] Level 5:colcon.colcon_core.verb:set package 'p3dx_description' build argument 'cmake_clean_cache' from command line to 'False'
[2.556s] Level 5:colcon.colcon_core.verb:set package 'p3dx_description' build argument 'cmake_clean_first' from command line to 'False'
[2.556s] Level 5:colcon.colcon_core.verb:set package 'p3dx_description' build argument 'cmake_force_configure' from command line to 'False'
[2.556s] Level 5:colcon.colcon_core.verb:set package 'p3dx_description' build argument 'ament_cmake_args' from command line to 'None'
[2.556s] Level 5:colcon.colcon_core.verb:set package 'p3dx_description' build argument 'catkin_cmake_args' from command line to 'None'
[2.556s] Level 5:colcon.colcon_core.verb:set package 'p3dx_description' build argument 'catkin_skip_building_tests' from command line to 'False'
[2.556s] DEBUG:colcon.colcon_core.verb:Building package 'p3dx_description' with the following arguments: {'ament_cmake_args': None, 'build_base': '/home/ara/ros2_ws/build/p3dx_description', 'catkin_cmake_args': None, 'catkin_skip_building_tests': False, 'cmake_args': None, 'cmake_clean_cache': False, 'cmake_clean_first': False, 'cmake_force_configure': False, 'cmake_target': None, 'cmake_target_skip_unavailable': False, 'install_base': '/home/ara/ros2_ws/install/p3dx_description', 'merge_install': False, 'path': '/home/ara/ros2_ws/src/p3dx_description', 'symlink_install': False, 'test_result_base': None}
[2.557s] Level 5:colcon.colcon_core.verb:set package 'p3dx_gazebo' build argument 'cmake_args' from command line to 'None'
[2.557s] Level 5:colcon.colcon_core.verb:set package 'p3dx_gazebo' build argument 'cmake_target' from command line to 'None'
[2.557s] Level 5:colcon.colcon_core.verb:set package 'p3dx_gazebo' build argument 'cmake_target_skip_unavailable' from command line to 'False'
[2.557s] Level 5:colcon.colcon_core.verb:set package 'p3dx_gazebo' build argument 'cmake_clean_cache' from command line to 'False'
[2.557s] Level 5:colcon.colcon_core.verb:set package 'p3dx_gazebo' build argument 'cmake_clean_first' from command line to 'False'
[2.557s] Level 5:colcon.colcon_core.verb:set package 'p3dx_gazebo' build argument 'cmake_force_configure' from command line to 'False'
[2.557s] Level 5:colcon.colcon_core.verb:set package 'p3dx_gazebo' build argument 'ament_cmake_args' from command line to 'None'
[2.557s] Level 5:colcon.colcon_core.verb:set package 'p3dx_gazebo' build argument 'catkin_cmake_args' from command line to 'None'
[2.557s] Level 5:colcon.colcon_core.verb:set package 'p3dx_gazebo' build argument 'catkin_skip_building_tests' from command line to 'False'
[2.557s] DEBUG:colcon.colcon_core.verb:Building package 'p3dx_gazebo' with the following arguments: {'ament_cmake_args': None, 'build_base': '/home/ara/ros2_ws/build/p3dx_gazebo', 'catkin_cmake_args': None, 'catkin_skip_building_tests': False, 'cmake_args': None, 'cmake_clean_cache': False, 'cmake_clean_first': False, 'cmake_force_configure': False, 'cmake_target': None, 'cmake_target_skip_unavailable': False, 'install_base': '/home/ara/ros2_ws/install/p3dx_gazebo', 'merge_install': False, 'path': '/home/ara/ros2_ws/src/p3dx_gazebo', 'symlink_install': False, 'test_result_base': None}
[2.567s] Level 5:colcon.colcon_core.verb:set package 'udm_pioneer_p3dx' build argument 'cmake_args' from command line to 'None'
[2.567s] Level 5:colcon.colcon_core.verb:set package 'udm_pioneer_p3dx' build argument 'cmake_target' from command line to 'None'
[2.567s] Level 5:colcon.colcon_core.verb:set package 'udm_pioneer_p3dx' build argument 'cmake_target_skip_unavailable' from command line to 'False'
[2.567s] Level 5:colcon.colcon_core.verb:set package 'udm_pioneer_p3dx' build argument 'cmake_clean_cache' from command line to 'False'
[2.567s] Level 5:colcon.colcon_core.verb:set package 'udm_pioneer_p3dx' build argument 'cmake_clean_first' from command line to 'False'
[2.567s] Level 5:colcon.colcon_core.verb:set package 'udm_pioneer_p3dx' build argument 'cmake_force_configure' from command line to 'False'
[2.567s] Level 5:colcon.colcon_core.verb:set package 'udm_pioneer_p3dx' build argument 'ament_cmake_args' from command line to 'None'
[2.567s] Level 5:colcon.colcon_core.verb:set package 'udm_pioneer_p3dx' build argument 'catkin_cmake_args' from command line to 'None'
[2.567s] Level 5:colcon.colcon_core.verb:set package 'udm_pioneer_p3dx' build argument 'catkin_skip_building_tests' from command line to 'False'
[2.567s] DEBUG:colcon.colcon_core.verb:Building package 'udm_pioneer_p3dx' with the following arguments: {'ament_cmake_args': None, 'build_base': '/home/ara/ros2_ws/build/udm_pioneer_p3dx', 'catkin_cmake_args': None, 'catkin_skip_building_tests': False, 'cmake_args': None, 'cmake_clean_cache': False, 'cmake_clean_first': False, 'cmake_force_configure': False, 'cmake_target': None, 'cmake_target_skip_unavailable': False, 'install_base': '/home/ara/ros2_ws/install/udm_pioneer_p3dx', 'merge_install': False, 'path': '/home/ara/ros2_ws/src/udm_pioneer_p3dx', 'symlink_install': False, 'test_result_base': None}
[2.567s] INFO:colcon.colcon_core.executor:Executing jobs using 'parallel' executor
[2.585s] DEBUG:colcon.colcon_parallel_executor.executor.parallel:run_until_complete
[2.585s] INFO:colcon.colcon_ros.task.ament_python.build:Building ROS package in '/home/ara/ros2_ws/src/p3dx_description' with build type 'ament_python'
[2.585s] Level 1:colcon.colcon_core.shell:create_environment_hook('p3dx_description', 'ament_prefix_path')
[2.595s] INFO:colcon.colcon_core.plugin_system:Skipping extension 'colcon_core.shell.bat': Not used on non-Windows systems
[2.596s] INFO:colcon.colcon_core.shell:Creating environment hook '/home/ara/ros2_ws/install/p3dx_description/share/p3dx_description/hook/ament_prefix_path.ps1'
[2.596s] INFO:colcon.colcon_core.shell:Creating environment descriptor '/home/ara/ros2_ws/install/p3dx_description/share/p3dx_description/hook/ament_prefix_path.dsv'
[2.599s] INFO:colcon.colcon_core.shell:Creating environment hook '/home/ara/ros2_ws/install/p3dx_description/share/p3dx_description/hook/ament_prefix_path.sh'
[2.620s] INFO:colcon.colcon_core.shell:Skip shell extension 'powershell' for command environment: Not usable outside of PowerShell
[2.620s] DEBUG:colcon.colcon_core.shell:Skip shell extension 'dsv' for command environment
[4.749s] DEBUG:colcon.colcon_parallel_executor.executor.parallel:closing loop
[4.749s] DEBUG:colcon.colcon_parallel_executor.executor.parallel:loop closed
[4.749s] DEBUG:colcon.colcon_parallel_executor.executor.parallel:run_until_complete finished with 'Command '['/usr/bin/python3', '-c', 'import sys;from contextlib import suppress;exec("with suppress(ImportError):    from setuptools.extern.packaging.specifiers    import SpecifierSet");exec("with suppress(ImportError):    from packaging.specifiers import SpecifierSet");from distutils.core import run_setup;dist = run_setup(    \'setup.py\', script_args=(\'--dry-run\',), stop_after=\'config\');skip_keys = (\'cmdclass\', \'distclass\', \'ext_modules\', \'metadata\');data = {    key: value for key, value in dist.__dict__.items()     if (        not key.startswith(\'_\') and         not callable(value) and         key not in skip_keys and         key not in dist.display_option_names    )};data[\'metadata\'] = {    k: v for k, v in dist.metadata.__dict__.items()     if k not in (\'license_files\', \'provides_extras\')};sys.stdout.buffer.write(repr(data).encode(\'utf-8\'))']' returned non-zero exit status 1.'
[4.749s] DEBUG:colcon.colcon_core.event_reactor:joining thread
[4.821s] INFO:colcon.colcon_core.plugin_system:Skipping extension 'colcon_notification.desktop_notification.terminal_notifier': Not used on non-Darwin systems
[4.821s] INFO:colcon.colcon_core.plugin_system:Skipping extension 'colcon_notification.desktop_notification.win32': Not used on non-Windows systems
[4.822s] INFO:colcon.colcon_notification.desktop_notification:Sending desktop notification using 'notify2'
[4.918s] DEBUG:colcon.colcon_core.event_reactor:joined thread
[4.918s] INFO:colcon.colcon_core.shell:Creating prefix script '/home/ara/ros2_ws/install/local_setup.ps1'
[4.919s] INFO:colcon.colcon_core.shell:Creating prefix util module '/home/ara/ros2_ws/install/_local_setup_util_ps1.py'
[4.933s] INFO:colcon.colcon_core.shell:Creating prefix chain script '/home/ara/ros2_ws/install/setup.ps1'
[4.934s] INFO:colcon.colcon_core.shell:Creating prefix script '/home/ara/ros2_ws/install/local_setup.sh'
[4.947s] INFO:colcon.colcon_core.shell:Creating prefix util module '/home/ara/ros2_ws/install/_local_setup_util_sh.py'
[4.950s] INFO:colcon.colcon_core.shell:Creating prefix chain script '/home/ara/ros2_ws/install/setup.sh'
[4.957s] INFO:colcon.colcon_core.shell:Creating prefix script '/home/ara/ros2_ws/install/local_setup.bash'
[4.971s] INFO:colcon.colcon_core.shell:Creating prefix chain script '/home/ara/ros2_ws/install/setup.bash'
[4.984s] INFO:colcon.colcon_core.shell:Creating prefix script '/home/ara/ros2_ws/install/local_setup.zsh'
[4.986s] INFO:colcon.colcon_core.shell:Creating prefix chain script '/home/ara/ros2_ws/install/setup.zsh'
