[1.617s] Invoking command in '/home/ara/ros2_ws/src/p3dx_description': PYTHONPATH=/home/ara/ros2_ws/build/p3dx_description/prefix_override:/home/ara/ros2_ws/install/p3dx_description/lib/python3.8/site-packages:${PYTHONPATH} /usr/bin/python3 -W ignore:setup.py install is deprecated setup.py egg_info --egg-base ../../build/p3dx_description build --build-base /home/ara/ros2_ws/build/p3dx_description/build install --record /home/ara/ros2_ws/build/p3dx_description/install.log --install-scripts $base/lib/p3dx_description --single-version-externally-managed install_data
[2.052s] running egg_info
[2.053s] writing ../../build/p3dx_description/p3dx_description.egg-info/PKG-INFO
[2.054s] writing dependency_links to ../../build/p3dx_description/p3dx_description.egg-info/dependency_links.txt
[2.054s] writing entry points to ../../build/p3dx_description/p3dx_description.egg-info/entry_points.txt
[2.054s] writing requirements to ../../build/p3dx_description/p3dx_description.egg-info/requires.txt
[2.057s] writing top-level names to ../../build/p3dx_description/p3dx_description.egg-info/top_level.txt
[2.140s] reading manifest file '../../build/p3dx_description/p3dx_description.egg-info/SOURCES.txt'
[2.142s] writing manifest file '../../build/p3dx_description/p3dx_description.egg-info/SOURCES.txt'
[2.142s] running build
[2.146s] running build_py
[2.146s] running install
[2.147s] running install_lib
[2.149s] running install_data
[2.149s] running install_egg_info
[2.156s] removing '/home/ara/ros2_ws/install/p3dx_description/lib/python3.8/site-packages/p3dx_description-0.0.0-py3.8.egg-info' (and everything under it)
[2.156s] Copying ../../build/p3dx_description/p3dx_description.egg-info to /home/ara/ros2_ws/install/p3dx_description/lib/python3.8/site-packages/p3dx_description-0.0.0-py3.8.egg-info
[2.158s] running install_scripts
[2.192s] writing list of installed files to '/home/ara/ros2_ws/build/p3dx_description/install.log'
[2.253s] Invoked command in '/home/ara/ros2_ws/src/p3dx_description' returned '0': PYTHONPATH=/home/ara/ros2_ws/build/p3dx_description/prefix_override:/home/ara/ros2_ws/install/p3dx_description/lib/python3.8/site-packages:${PYTHONPATH} /usr/bin/python3 -W ignore:setup.py install is deprecated setup.py egg_info --egg-base ../../build/p3dx_description build --build-base /home/ara/ros2_ws/build/p3dx_description/build install --record /home/ara/ros2_ws/build/p3dx_description/install.log --install-scripts $base/lib/p3dx_description --single-version-externally-managed install_data
