[0.491s] Invoking command in '/home/ara/ros2_ws/src/p3dx_description': PYTHONPATH=/home/ara/ros2_ws/build/p3dx_description/prefix_override:/home/ara/ros2_ws/install/p3dx_description/lib/python3.8/site-packages:${PYTHONPATH} /usr/bin/python3 -W ignore:setup.py install is deprecated setup.py egg_info --egg-base ../../build/p3dx_description build --build-base /home/ara/ros2_ws/build/p3dx_description/build install --record /home/ara/ros2_ws/build/p3dx_description/install.log --install-scripts $base/lib/p3dx_description --single-version-externally-managed install_data
[0.651s] running egg_info
[0.652s] writing ../../build/p3dx_description/p3dx_description.egg-info/PKG-INFO
[0.652s] writing dependency_links to ../../build/p3dx_description/p3dx_description.egg-info/dependency_links.txt
[0.652s] writing entry points to ../../build/p3dx_description/p3dx_description.egg-info/entry_points.txt
[0.653s] writing requirements to ../../build/p3dx_description/p3dx_description.egg-info/requires.txt
[0.653s] writing top-level names to ../../build/p3dx_description/p3dx_description.egg-info/top_level.txt
[0.680s] reading manifest file '../../build/p3dx_description/p3dx_description.egg-info/SOURCES.txt'
[0.681s] writing manifest file '../../build/p3dx_description/p3dx_description.egg-info/SOURCES.txt'
[0.682s] running build
[0.682s] running build_py
[0.682s] running install
[0.683s] running install_lib
[0.684s] running install_data
[0.684s] copying urdf/pioneer3dx.gazebo.xacro -> /home/ara/ros2_ws/install/p3dx_description/share/p3dx_description/urdf
[0.684s] running install_egg_info
[0.686s] removing '/home/ara/ros2_ws/install/p3dx_description/lib/python3.8/site-packages/p3dx_description-0.0.0-py3.8.egg-info' (and everything under it)
[0.686s] Copying ../../build/p3dx_description/p3dx_description.egg-info to /home/ara/ros2_ws/install/p3dx_description/lib/python3.8/site-packages/p3dx_description-0.0.0-py3.8.egg-info
[0.687s] running install_scripts
[0.700s] writing list of installed files to '/home/ara/ros2_ws/build/p3dx_description/install.log'
[0.718s] Invoked command in '/home/ara/ros2_ws/src/p3dx_description' returned '0': PYTHONPATH=/home/ara/ros2_ws/build/p3dx_description/prefix_override:/home/ara/ros2_ws/install/p3dx_description/lib/python3.8/site-packages:${PYTHONPATH} /usr/bin/python3 -W ignore:setup.py install is deprecated setup.py egg_info --egg-base ../../build/p3dx_description build --build-base /home/ara/ros2_ws/build/p3dx_description/build install --record /home/ara/ros2_ws/build/p3dx_description/install.log --install-scripts $base/lib/p3dx_description --single-version-externally-managed install_data
