[0.374s] DEBUG:colcon:Command line arguments: ['/usr/bin/colcon', 'build']
[0.374s] DEBUG:colcon:Parsed command line arguments: Namespace(allow_overriding=[], ament_cmake_args=None, base_paths=['.'], build_base='build', catkin_cmake_args=None, catkin_skip_building_tests=False, cmake_args=None, cmake_clean_cache=False, cmake_clean_first=False, cmake_force_configure=False, cmake_target=None, cmake_target_skip_unavailable=False, continue_on_error=False, event_handlers=None, executor='parallel', ignore_user_meta=False, install_base='install', log_base=None, log_level=None, main=<bound method BuildVerb.main of <colcon_core.verb.build.BuildVerb object at 0x7f52c72276a0>>, merge_install=False, metas=['./colcon.meta'], mixin=None, mixin_files=None, mixin_verb=('build',), packages_above=None, packages_above_and_dependencies=None, packages_above_depth=None, packages_end=None, packages_ignore=None, packages_ignore_regex=None, packages_select=None, packages_select_build_failed=False, packages_select_by_dep=None, packages_select_regex=None, packages_select_test_failures=False, packages_skip=None, packages_skip_build_finished=False, packages_skip_by_dep=None, packages_skip_regex=None, packages_skip_test_passed=False, packages_skip_up_to=None, packages_start=None, packages_up_to=None, packages_up_to_regex=None, parallel_workers=1, paths=None, symlink_install=False, test_result_base=None, verb_extension=<colcon_core.verb.build.BuildVerb object at 0x7f52c72276a0>, verb_name='build', verb_parser=<colcon_mixin.mixin.mixin_argument.MixinArgumentDecorator object at 0x7f52c7103910>)
[0.646s] Level 1:colcon.colcon_core.package_discovery:discover_packages(colcon_meta) check parameters
[0.648s] Level 1:colcon.colcon_core.package_discovery:discover_packages(recursive) check parameters
[0.649s] Level 1:colcon.colcon_core.package_discovery:discover_packages(ignore) check parameters
[0.649s] Level 1:colcon.colcon_core.package_discovery:discover_packages(path) check parameters
[0.649s] Level 1:colcon.colcon_core.package_discovery:discover_packages(colcon_meta) discover
[0.649s] Level 1:colcon.colcon_core.package_discovery:discover_packages(recursive) discover
[0.649s] INFO:colcon.colcon_core.package_discovery:Crawling recursively for packages in '/home/ara/ros2_ws/src'
[0.649s] Level 1:colcon.colcon_core.package_identification:_identify(.) by extensions ['ignore', 'ignore_ament_install']
[0.649s] Level 1:colcon.colcon_core.package_identification:_identify(.) by extension 'ignore'
[0.649s] Level 1:colcon.colcon_core.package_identification:_identify(.) by extension 'ignore_ament_install'
[0.649s] Level 1:colcon.colcon_core.package_identification:_identify(.) by extensions ['colcon_pkg']
[0.649s] Level 1:colcon.colcon_core.package_identification:_identify(.) by extension 'colcon_pkg'
[0.649s] Level 1:colcon.colcon_core.package_identification:_identify(.) by extensions ['colcon_meta']
[0.649s] Level 1:colcon.colcon_core.package_identification:_identify(.) by extension 'colcon_meta'
[0.649s] Level 1:colcon.colcon_core.package_identification:_identify(.) by extensions ['ros']
[0.649s] Level 1:colcon.colcon_core.package_identification:_identify(.) by extension 'ros'
[0.677s] Level 1:colcon.colcon_core.package_identification:_identify(.) by extensions ['cmake', 'python']
[0.677s] Level 1:colcon.colcon_core.package_identification:_identify(.) by extension 'cmake'
[0.677s] Level 1:colcon.colcon_core.package_identification:_identify(.) by extension 'python'
[0.677s] Level 1:colcon.colcon_core.package_identification:_identify(.) by extensions ['python_setup_py']
[0.677s] Level 1:colcon.colcon_core.package_identification:_identify(.) by extension 'python_setup_py'
[0.677s] Level 1:colcon.colcon_core.package_identification:_identify(build) by extensions ['ignore', 'ignore_ament_install']
[0.677s] Level 1:colcon.colcon_core.package_identification:_identify(build) by extension 'ignore'
[0.677s] Level 1:colcon.colcon_core.package_identification:_identify(build) ignored
[0.677s] Level 1:colcon.colcon_core.package_identification:_identify(install) by extensions ['ignore', 'ignore_ament_install']
[0.678s] Level 1:colcon.colcon_core.package_identification:_identify(install) by extension 'ignore'
[0.678s] Level 1:colcon.colcon_core.package_identification:_identify(install) ignored
[0.678s] Level 1:colcon.colcon_core.package_identification:_identify(log) by extensions ['ignore', 'ignore_ament_install']
[0.678s] Level 1:colcon.colcon_core.package_identification:_identify(log) by extension 'ignore'
[0.678s] Level 1:colcon.colcon_core.package_identification:_identify(log) ignored
[0.678s] Level 1:colcon.colcon_core.package_identification:_identify(p3dx_description) by extensions ['ignore', 'ignore_ament_install']
[0.678s] Level 1:colcon.colcon_core.package_identification:_identify(p3dx_description) by extension 'ignore'
[0.678s] Level 1:colcon.colcon_core.package_identification:_identify(p3dx_description) by extension 'ignore_ament_install'
[0.678s] Level 1:colcon.colcon_core.package_identification:_identify(p3dx_description) by extensions ['colcon_pkg']
[0.678s] Level 1:colcon.colcon_core.package_identification:_identify(p3dx_description) by extension 'colcon_pkg'
[0.678s] Level 1:colcon.colcon_core.package_identification:_identify(p3dx_description) by extensions ['colcon_meta']
[0.678s] Level 1:colcon.colcon_core.package_identification:_identify(p3dx_description) by extension 'colcon_meta'
[0.678s] Level 1:colcon.colcon_core.package_identification:_identify(p3dx_description) by extensions ['ros']
[0.678s] Level 1:colcon.colcon_core.package_identification:_identify(p3dx_description) by extension 'ros'
[0.687s] DEBUG:colcon.colcon_core.package_identification:Package 'p3dx_description' with type 'ros.ament_python' and name 'p3dx_description'
[0.688s] Level 1:colcon.colcon_core.package_identification:_identify(p3dx_gazebo) by extensions ['ignore', 'ignore_ament_install']
[0.688s] Level 1:colcon.colcon_core.package_identification:_identify(p3dx_gazebo) by extension 'ignore'
[0.688s] Level 1:colcon.colcon_core.package_identification:_identify(p3dx_gazebo) by extension 'ignore_ament_install'
[0.688s] Level 1:colcon.colcon_core.package_identification:_identify(p3dx_gazebo) by extensions ['colcon_pkg']
[0.688s] Level 1:colcon.colcon_core.package_identification:_identify(p3dx_gazebo) by extension 'colcon_pkg'
[0.688s] Level 1:colcon.colcon_core.package_identification:_identify(p3dx_gazebo) by extensions ['colcon_meta']
[0.688s] Level 1:colcon.colcon_core.package_identification:_identify(p3dx_gazebo) by extension 'colcon_meta'
[0.688s] Level 1:colcon.colcon_core.package_identification:_identify(p3dx_gazebo) by extensions ['ros']
[0.688s] Level 1:colcon.colcon_core.package_identification:_identify(p3dx_gazebo) by extension 'ros'
[0.689s] DEBUG:colcon.colcon_core.package_identification:Package 'p3dx_gazebo' with type 'ros.ament_python' and name 'p3dx_gazebo'
[0.689s] Level 1:colcon.colcon_core.package_identification:_identify(udm_pioneer_p3dx) by extensions ['ignore', 'ignore_ament_install']
[0.689s] Level 1:colcon.colcon_core.package_identification:_identify(udm_pioneer_p3dx) by extension 'ignore'
[0.689s] Level 1:colcon.colcon_core.package_identification:_identify(udm_pioneer_p3dx) by extension 'ignore_ament_install'
[0.689s] Level 1:colcon.colcon_core.package_identification:_identify(udm_pioneer_p3dx) by extensions ['colcon_pkg']
[0.689s] Level 1:colcon.colcon_core.package_identification:_identify(udm_pioneer_p3dx) by extension 'colcon_pkg'
[0.689s] Level 1:colcon.colcon_core.package_identification:_identify(udm_pioneer_p3dx) by extensions ['colcon_meta']
[0.689s] Level 1:colcon.colcon_core.package_identification:_identify(udm_pioneer_p3dx) by extension 'colcon_meta'
[0.689s] Level 1:colcon.colcon_core.package_identification:_identify(udm_pioneer_p3dx) by extensions ['ros']
[0.689s] Level 1:colcon.colcon_core.package_identification:_identify(udm_pioneer_p3dx) by extension 'ros'
[0.689s] DEBUG:colcon.colcon_core.package_identification:Package 'udm_pioneer_p3dx' with type 'ros.ament_python' and name 'udm_pioneer_p3dx'
[0.690s] Level 1:colcon.colcon_core.package_identification:_identify(urdf) by extensions ['ignore', 'ignore_ament_install']
[0.690s] Level 1:colcon.colcon_core.package_identification:_identify(urdf) by extension 'ignore'
[0.690s] Level 1:colcon.colcon_core.package_identification:_identify(urdf) by extension 'ignore_ament_install'
[0.690s] Level 1:colcon.colcon_core.package_identification:_identify(urdf) by extensions ['colcon_pkg']
[0.690s] Level 1:colcon.colcon_core.package_identification:_identify(urdf) by extension 'colcon_pkg'
[0.690s] Level 1:colcon.colcon_core.package_identification:_identify(urdf) by extensions ['colcon_meta']
[0.690s] Level 1:colcon.colcon_core.package_identification:_identify(urdf) by extension 'colcon_meta'
[0.690s] Level 1:colcon.colcon_core.package_identification:_identify(urdf) by extensions ['ros']
[0.690s] Level 1:colcon.colcon_core.package_identification:_identify(urdf) by extension 'ros'
[0.690s] Level 1:colcon.colcon_core.package_identification:_identify(urdf) by extensions ['cmake', 'python']
[0.690s] Level 1:colcon.colcon_core.package_identification:_identify(urdf) by extension 'cmake'
[0.690s] Level 1:colcon.colcon_core.package_identification:_identify(urdf) by extension 'python'
[0.690s] Level 1:colcon.colcon_core.package_identification:_identify(urdf) by extensions ['python_setup_py']
[0.690s] Level 1:colcon.colcon_core.package_identification:_identify(urdf) by extension 'python_setup_py'
[0.690s] Level 1:colcon.colcon_core.package_discovery:discover_packages(recursive) using defaults
[0.690s] Level 1:colcon.colcon_core.package_discovery:discover_packages(ignore) discover
[0.690s] Level 1:colcon.colcon_core.package_discovery:discover_packages(ignore) using defaults
[0.690s] Level 1:colcon.colcon_core.package_discovery:discover_packages(path) discover
[0.690s] Level 1:colcon.colcon_core.package_discovery:discover_packages(path) using defaults
[0.732s] Level 1:colcon.colcon_core.package_discovery:discover_packages(prefix_path) check parameters
[0.732s] Level 1:colcon.colcon_core.package_discovery:discover_packages(prefix_path) discover
[0.733s] DEBUG:colcon.colcon_installed_package_information.package_discovery:Found 2 installed packages in /home/ara/ros2_ws/install
[0.734s] DEBUG:colcon.colcon_installed_package_information.package_discovery:Found 162 installed packages in /opt/ros/foxy
[0.737s] Level 1:colcon.colcon_core.package_discovery:discover_packages(prefix_path) using defaults
[0.810s] Level 5:colcon.colcon_core.verb:set package 'p3dx_description' build argument 'cmake_args' from command line to 'None'
[0.810s] Level 5:colcon.colcon_core.verb:set package 'p3dx_description' build argument 'cmake_target' from command line to 'None'
[0.810s] Level 5:colcon.colcon_core.verb:set package 'p3dx_description' build argument 'cmake_target_skip_unavailable' from command line to 'False'
[0.810s] Level 5:colcon.colcon_core.verb:set package 'p3dx_description' build argument 'cmake_clean_cache' from command line to 'False'
[0.810s] Level 5:colcon.colcon_core.verb:set package 'p3dx_description' build argument 'cmake_clean_first' from command line to 'False'
[0.810s] Level 5:colcon.colcon_core.verb:set package 'p3dx_description' build argument 'cmake_force_configure' from command line to 'False'
[0.810s] Level 5:colcon.colcon_core.verb:set package 'p3dx_description' build argument 'ament_cmake_args' from command line to 'None'
[0.810s] Level 5:colcon.colcon_core.verb:set package 'p3dx_description' build argument 'catkin_cmake_args' from command line to 'None'
[0.810s] Level 5:colcon.colcon_core.verb:set package 'p3dx_description' build argument 'catkin_skip_building_tests' from command line to 'False'
[0.810s] DEBUG:colcon.colcon_core.verb:Building package 'p3dx_description' with the following arguments: {'ament_cmake_args': None, 'build_base': '/home/ara/ros2_ws/src/build/p3dx_description', 'catkin_cmake_args': None, 'catkin_skip_building_tests': False, 'cmake_args': None, 'cmake_clean_cache': False, 'cmake_clean_first': False, 'cmake_force_configure': False, 'cmake_target': None, 'cmake_target_skip_unavailable': False, 'install_base': '/home/ara/ros2_ws/src/install/p3dx_description', 'merge_install': False, 'path': '/home/ara/ros2_ws/src/p3dx_description', 'symlink_install': False, 'test_result_base': None}
[0.810s] Level 5:colcon.colcon_core.verb:set package 'p3dx_gazebo' build argument 'cmake_args' from command line to 'None'
[0.810s] Level 5:colcon.colcon_core.verb:set package 'p3dx_gazebo' build argument 'cmake_target' from command line to 'None'
[0.810s] Level 5:colcon.colcon_core.verb:set package 'p3dx_gazebo' build argument 'cmake_target_skip_unavailable' from command line to 'False'
[0.810s] Level 5:colcon.colcon_core.verb:set package 'p3dx_gazebo' build argument 'cmake_clean_cache' from command line to 'False'
[0.810s] Level 5:colcon.colcon_core.verb:set package 'p3dx_gazebo' build argument 'cmake_clean_first' from command line to 'False'
[0.810s] Level 5:colcon.colcon_core.verb:set package 'p3dx_gazebo' build argument 'cmake_force_configure' from command line to 'False'
[0.810s] Level 5:colcon.colcon_core.verb:set package 'p3dx_gazebo' build argument 'ament_cmake_args' from command line to 'None'
[0.810s] Level 5:colcon.colcon_core.verb:set package 'p3dx_gazebo' build argument 'catkin_cmake_args' from command line to 'None'
[0.811s] Level 5:colcon.colcon_core.verb:set package 'p3dx_gazebo' build argument 'catkin_skip_building_tests' from command line to 'False'
[0.811s] DEBUG:colcon.colcon_core.verb:Building package 'p3dx_gazebo' with the following arguments: {'ament_cmake_args': None, 'build_base': '/home/ara/ros2_ws/src/build/p3dx_gazebo', 'catkin_cmake_args': None, 'catkin_skip_building_tests': False, 'cmake_args': None, 'cmake_clean_cache': False, 'cmake_clean_first': False, 'cmake_force_configure': False, 'cmake_target': None, 'cmake_target_skip_unavailable': False, 'install_base': '/home/ara/ros2_ws/src/install/p3dx_gazebo', 'merge_install': False, 'path': '/home/ara/ros2_ws/src/p3dx_gazebo', 'symlink_install': False, 'test_result_base': None}
[0.811s] Level 5:colcon.colcon_core.verb:set package 'udm_pioneer_p3dx' build argument 'cmake_args' from command line to 'None'
[0.811s] Level 5:colcon.colcon_core.verb:set package 'udm_pioneer_p3dx' build argument 'cmake_target' from command line to 'None'
[0.811s] Level 5:colcon.colcon_core.verb:set package 'udm_pioneer_p3dx' build argument 'cmake_target_skip_unavailable' from command line to 'False'
[0.811s] Level 5:colcon.colcon_core.verb:set package 'udm_pioneer_p3dx' build argument 'cmake_clean_cache' from command line to 'False'
[0.811s] Level 5:colcon.colcon_core.verb:set package 'udm_pioneer_p3dx' build argument 'cmake_clean_first' from command line to 'False'
[0.811s] Level 5:colcon.colcon_core.verb:set package 'udm_pioneer_p3dx' build argument 'cmake_force_configure' from command line to 'False'
[0.811s] Level 5:colcon.colcon_core.verb:set package 'udm_pioneer_p3dx' build argument 'ament_cmake_args' from command line to 'None'
[0.811s] Level 5:colcon.colcon_core.verb:set package 'udm_pioneer_p3dx' build argument 'catkin_cmake_args' from command line to 'None'
[0.811s] Level 5:colcon.colcon_core.verb:set package 'udm_pioneer_p3dx' build argument 'catkin_skip_building_tests' from command line to 'False'
[0.811s] DEBUG:colcon.colcon_core.verb:Building package 'udm_pioneer_p3dx' with the following arguments: {'ament_cmake_args': None, 'build_base': '/home/ara/ros2_ws/src/build/udm_pioneer_p3dx', 'catkin_cmake_args': None, 'catkin_skip_building_tests': False, 'cmake_args': None, 'cmake_clean_cache': False, 'cmake_clean_first': False, 'cmake_force_configure': False, 'cmake_target': None, 'cmake_target_skip_unavailable': False, 'install_base': '/home/ara/ros2_ws/src/install/udm_pioneer_p3dx', 'merge_install': False, 'path': '/home/ara/ros2_ws/src/udm_pioneer_p3dx', 'symlink_install': False, 'test_result_base': None}
[0.811s] INFO:colcon.colcon_core.executor:Executing jobs using 'parallel' executor
[0.815s] DEBUG:colcon.colcon_parallel_executor.executor.parallel:run_until_complete
[0.815s] INFO:colcon.colcon_ros.task.ament_python.build:Building ROS package in '/home/ara/ros2_ws/src/p3dx_description' with build type 'ament_python'
[0.815s] Level 1:colcon.colcon_core.shell:create_environment_hook('p3dx_description', 'ament_prefix_path')
[0.817s] INFO:colcon.colcon_core.plugin_system:Skipping extension 'colcon_core.shell.bat': Not used on non-Windows systems
[0.817s] INFO:colcon.colcon_core.shell:Creating environment hook '/home/ara/ros2_ws/src/install/p3dx_description/share/p3dx_description/hook/ament_prefix_path.ps1'
[0.818s] INFO:colcon.colcon_core.shell:Creating environment descriptor '/home/ara/ros2_ws/src/install/p3dx_description/share/p3dx_description/hook/ament_prefix_path.dsv'
[0.818s] INFO:colcon.colcon_core.shell:Creating environment hook '/home/ara/ros2_ws/src/install/p3dx_description/share/p3dx_description/hook/ament_prefix_path.sh'
[0.821s] INFO:colcon.colcon_core.shell:Skip shell extension 'powershell' for command environment: Not usable outside of PowerShell
[0.821s] DEBUG:colcon.colcon_core.shell:Skip shell extension 'dsv' for command environment
[1.324s] INFO:colcon.colcon_core.task.python.build:Building Python package in '/home/ara/ros2_ws/src/p3dx_description'
[1.324s] INFO:colcon.colcon_core.shell:Skip shell extension 'powershell' for command environment: Not usable outside of PowerShell
[1.324s] DEBUG:colcon.colcon_core.shell:Skip shell extension 'dsv' for command environment
[2.052s] DEBUG:colcon.colcon_core.event_handler.log_command:Invoking command in '/home/ara/ros2_ws/src/p3dx_description': PYTHONPATH=/home/ara/ros2_ws/src/build/p3dx_description/prefix_override:/home/ara/ros2_ws/src/install/p3dx_description/lib/python3.8/site-packages:${PYTHONPATH} /usr/bin/python3 -W ignore:setup.py install is deprecated setup.py egg_info --egg-base ../build/p3dx_description build --build-base /home/ara/ros2_ws/src/build/p3dx_description/build install --record /home/ara/ros2_ws/src/build/p3dx_description/install.log --install-scripts $base/lib/p3dx_description --single-version-externally-managed install_data
[2.827s] DEBUG:colcon.colcon_core.event_handler.log_command:Invoked command in '/home/ara/ros2_ws/src/p3dx_description' returned '0': PYTHONPATH=/home/ara/ros2_ws/src/build/p3dx_description/prefix_override:/home/ara/ros2_ws/src/install/p3dx_description/lib/python3.8/site-packages:${PYTHONPATH} /usr/bin/python3 -W ignore:setup.py install is deprecated setup.py egg_info --egg-base ../build/p3dx_description build --build-base /home/ara/ros2_ws/src/build/p3dx_description/build install --record /home/ara/ros2_ws/src/build/p3dx_description/install.log --install-scripts $base/lib/p3dx_description --single-version-externally-managed install_data
[2.831s] Level 1:colcon.colcon_core.environment:checking '/home/ara/ros2_ws/src/install/p3dx_description' for CMake module files
[2.831s] Level 1:colcon.colcon_core.environment:checking '/home/ara/ros2_ws/src/install/p3dx_description' for CMake config files
[2.842s] Level 1:colcon.colcon_core.environment:checking '/home/ara/ros2_ws/src/install/p3dx_description/lib'
[2.842s] Level 1:colcon.colcon_core.environment:checking '/home/ara/ros2_ws/src/install/p3dx_description/bin'
[2.842s] Level 1:colcon.colcon_core.environment:checking '/home/ara/ros2_ws/src/install/p3dx_description/lib/pkgconfig/p3dx_description.pc'
[2.843s] Level 1:colcon.colcon_core.environment:checking '/home/ara/ros2_ws/src/install/p3dx_description/lib/python3.8/site-packages'
[2.843s] Level 1:colcon.colcon_core.shell:create_environment_hook('p3dx_description', 'pythonpath')
[2.843s] INFO:colcon.colcon_core.shell:Creating environment hook '/home/ara/ros2_ws/src/install/p3dx_description/share/p3dx_description/hook/pythonpath.ps1'
[2.843s] INFO:colcon.colcon_core.shell:Creating environment descriptor '/home/ara/ros2_ws/src/install/p3dx_description/share/p3dx_description/hook/pythonpath.dsv'
[2.844s] INFO:colcon.colcon_core.shell:Creating environment hook '/home/ara/ros2_ws/src/install/p3dx_description/share/p3dx_description/hook/pythonpath.sh'
[2.844s] Level 1:colcon.colcon_core.environment:checking '/home/ara/ros2_ws/src/install/p3dx_description/bin'
[2.844s] Level 1:colcon.colcon_core.environment:create_environment_scripts_only(p3dx_description)
[2.844s] INFO:colcon.colcon_core.shell:Creating package script '/home/ara/ros2_ws/src/install/p3dx_description/share/p3dx_description/package.ps1'
[2.852s] INFO:colcon.colcon_core.shell:Creating package descriptor '/home/ara/ros2_ws/src/install/p3dx_description/share/p3dx_description/package.dsv'
[2.853s] INFO:colcon.colcon_core.shell:Creating package script '/home/ara/ros2_ws/src/install/p3dx_description/share/p3dx_description/package.sh'
[2.853s] INFO:colcon.colcon_core.shell:Creating package script '/home/ara/ros2_ws/src/install/p3dx_description/share/p3dx_description/package.bash'
[2.854s] INFO:colcon.colcon_core.shell:Creating package script '/home/ara/ros2_ws/src/install/p3dx_description/share/p3dx_description/package.zsh'
[2.854s] Level 1:colcon.colcon_core.environment:create_file_with_runtime_dependencies(/home/ara/ros2_ws/src/install/p3dx_description/share/colcon-core/packages/p3dx_description)
[2.867s] INFO:colcon.colcon_ros.task.ament_python.build:Building ROS package in '/home/ara/ros2_ws/src/p3dx_gazebo' with build type 'ament_python'
[2.869s] Level 1:colcon.colcon_core.shell:create_environment_hook('p3dx_gazebo', 'ament_prefix_path')
[2.869s] INFO:colcon.colcon_core.shell:Creating environment hook '/home/ara/ros2_ws/src/install/p3dx_gazebo/share/p3dx_gazebo/hook/ament_prefix_path.ps1'
[2.869s] INFO:colcon.colcon_core.shell:Creating environment descriptor '/home/ara/ros2_ws/src/install/p3dx_gazebo/share/p3dx_gazebo/hook/ament_prefix_path.dsv'
[2.870s] INFO:colcon.colcon_core.shell:Creating environment hook '/home/ara/ros2_ws/src/install/p3dx_gazebo/share/p3dx_gazebo/hook/ament_prefix_path.sh'
[2.870s] INFO:colcon.colcon_core.shell:Skip shell extension 'powershell' for command environment: Not usable outside of PowerShell
[2.870s] DEBUG:colcon.colcon_core.shell:Skip shell extension 'dsv' for command environment
[3.830s] INFO:colcon.colcon_core.task.python.build:Building Python package in '/home/ara/ros2_ws/src/p3dx_gazebo'
[3.831s] INFO:colcon.colcon_core.shell:Skip shell extension 'powershell' for command environment: Not usable outside of PowerShell
[3.831s] DEBUG:colcon.colcon_core.shell:Skip shell extension 'dsv' for command environment
[4.604s] DEBUG:colcon.colcon_core.event_handler.log_command:Invoking command in '/home/ara/ros2_ws/src/p3dx_gazebo': PYTHONPATH=/home/ara/ros2_ws/src/build/p3dx_gazebo/prefix_override:/home/ara/ros2_ws/src/install/p3dx_gazebo/lib/python3.8/site-packages:${PYTHONPATH} /usr/bin/python3 -W ignore:setup.py install is deprecated setup.py egg_info --egg-base ../build/p3dx_gazebo build --build-base /home/ara/ros2_ws/src/build/p3dx_gazebo/build install --record /home/ara/ros2_ws/src/build/p3dx_gazebo/install.log --install-scripts $base/lib/p3dx_gazebo --single-version-externally-managed install_data
[5.229s] Level 1:colcon.colcon_core.environment:checking '/home/ara/ros2_ws/src/install/p3dx_gazebo' for CMake module files
[5.230s] Level 1:colcon.colcon_core.environment:checking '/home/ara/ros2_ws/src/install/p3dx_gazebo' for CMake config files
[5.230s] Level 1:colcon.colcon_core.environment:checking '/home/ara/ros2_ws/src/install/p3dx_gazebo/lib'
[5.230s] Level 1:colcon.colcon_core.environment:checking '/home/ara/ros2_ws/src/install/p3dx_gazebo/bin'
[5.230s] Level 1:colcon.colcon_core.environment:checking '/home/ara/ros2_ws/src/install/p3dx_gazebo/lib/pkgconfig/p3dx_gazebo.pc'
[5.231s] Level 1:colcon.colcon_core.environment:checking '/home/ara/ros2_ws/src/install/p3dx_gazebo/lib/python3.8/site-packages'
[5.231s] Level 1:colcon.colcon_core.shell:create_environment_hook('p3dx_gazebo', 'pythonpath')
[5.231s] DEBUG:colcon.colcon_core.event_handler.log_command:Invoked command in '/home/ara/ros2_ws/src/p3dx_gazebo' returned '0': PYTHONPATH=/home/ara/ros2_ws/src/build/p3dx_gazebo/prefix_override:/home/ara/ros2_ws/src/install/p3dx_gazebo/lib/python3.8/site-packages:${PYTHONPATH} /usr/bin/python3 -W ignore:setup.py install is deprecated setup.py egg_info --egg-base ../build/p3dx_gazebo build --build-base /home/ara/ros2_ws/src/build/p3dx_gazebo/build install --record /home/ara/ros2_ws/src/build/p3dx_gazebo/install.log --install-scripts $base/lib/p3dx_gazebo --single-version-externally-managed install_data
[5.231s] INFO:colcon.colcon_core.shell:Creating environment hook '/home/ara/ros2_ws/src/install/p3dx_gazebo/share/p3dx_gazebo/hook/pythonpath.ps1'
[5.232s] INFO:colcon.colcon_core.shell:Creating environment descriptor '/home/ara/ros2_ws/src/install/p3dx_gazebo/share/p3dx_gazebo/hook/pythonpath.dsv'
[5.234s] INFO:colcon.colcon_core.shell:Creating environment hook '/home/ara/ros2_ws/src/install/p3dx_gazebo/share/p3dx_gazebo/hook/pythonpath.sh'
[5.235s] Level 1:colcon.colcon_core.environment:checking '/home/ara/ros2_ws/src/install/p3dx_gazebo/bin'
[5.235s] Level 1:colcon.colcon_core.environment:create_environment_scripts_only(p3dx_gazebo)
[5.235s] INFO:colcon.colcon_core.shell:Creating package script '/home/ara/ros2_ws/src/install/p3dx_gazebo/share/p3dx_gazebo/package.ps1'
[5.236s] INFO:colcon.colcon_core.shell:Creating package descriptor '/home/ara/ros2_ws/src/install/p3dx_gazebo/share/p3dx_gazebo/package.dsv'
[5.236s] INFO:colcon.colcon_core.shell:Creating package script '/home/ara/ros2_ws/src/install/p3dx_gazebo/share/p3dx_gazebo/package.sh'
[5.236s] INFO:colcon.colcon_core.shell:Creating package script '/home/ara/ros2_ws/src/install/p3dx_gazebo/share/p3dx_gazebo/package.bash'
[5.236s] INFO:colcon.colcon_core.shell:Creating package script '/home/ara/ros2_ws/src/install/p3dx_gazebo/share/p3dx_gazebo/package.zsh'
[5.237s] Level 1:colcon.colcon_core.environment:create_file_with_runtime_dependencies(/home/ara/ros2_ws/src/install/p3dx_gazebo/share/colcon-core/packages/p3dx_gazebo)
[5.239s] INFO:colcon.colcon_ros.task.ament_python.build:Building ROS package in '/home/ara/ros2_ws/src/udm_pioneer_p3dx' with build type 'ament_python'
[5.240s] Level 1:colcon.colcon_core.shell:create_environment_hook('udm_pioneer_p3dx', 'ament_prefix_path')
[5.240s] INFO:colcon.colcon_core.shell:Creating environment hook '/home/ara/ros2_ws/src/install/udm_pioneer_p3dx/share/udm_pioneer_p3dx/hook/ament_prefix_path.ps1'
[5.240s] INFO:colcon.colcon_core.shell:Creating environment descriptor '/home/ara/ros2_ws/src/install/udm_pioneer_p3dx/share/udm_pioneer_p3dx/hook/ament_prefix_path.dsv'
[5.240s] INFO:colcon.colcon_core.shell:Creating environment hook '/home/ara/ros2_ws/src/install/udm_pioneer_p3dx/share/udm_pioneer_p3dx/hook/ament_prefix_path.sh'
[5.241s] INFO:colcon.colcon_core.shell:Skip shell extension 'powershell' for command environment: Not usable outside of PowerShell
[5.241s] DEBUG:colcon.colcon_core.shell:Skip shell extension 'dsv' for command environment
[5.752s] INFO:colcon.colcon_core.task.python.build:Building Python package in '/home/ara/ros2_ws/src/udm_pioneer_p3dx'
[5.752s] INFO:colcon.colcon_core.shell:Skip shell extension 'powershell' for command environment: Not usable outside of PowerShell
[5.752s] DEBUG:colcon.colcon_core.shell:Skip shell extension 'dsv' for command environment
[6.489s] DEBUG:colcon.colcon_core.event_handler.log_command:Invoking command in '/home/ara/ros2_ws/src/udm_pioneer_p3dx': PYTHONPATH=/home/ara/ros2_ws/src/build/udm_pioneer_p3dx/prefix_override:/home/ara/ros2_ws/src/install/udm_pioneer_p3dx/lib/python3.8/site-packages:${PYTHONPATH} /usr/bin/python3 -W ignore:setup.py install is deprecated setup.py egg_info --egg-base ../build/udm_pioneer_p3dx build --build-base /home/ara/ros2_ws/src/build/udm_pioneer_p3dx/build install --record /home/ara/ros2_ws/src/build/udm_pioneer_p3dx/install.log --install-scripts $base/lib/udm_pioneer_p3dx --single-version-externally-managed install_data
[7.093s] Level 1:colcon.colcon_core.environment:checking '/home/ara/ros2_ws/src/install/udm_pioneer_p3dx' for CMake module files
[7.094s] Level 1:colcon.colcon_core.environment:checking '/home/ara/ros2_ws/src/install/udm_pioneer_p3dx' for CMake config files
[7.094s] Level 1:colcon.colcon_core.environment:checking '/home/ara/ros2_ws/src/install/udm_pioneer_p3dx/lib'
[7.094s] Level 1:colcon.colcon_core.environment:checking '/home/ara/ros2_ws/src/install/udm_pioneer_p3dx/bin'
[7.094s] Level 1:colcon.colcon_core.environment:checking '/home/ara/ros2_ws/src/install/udm_pioneer_p3dx/lib/pkgconfig/udm_pioneer_p3dx.pc'
[7.094s] Level 1:colcon.colcon_core.environment:checking '/home/ara/ros2_ws/src/install/udm_pioneer_p3dx/lib/python3.8/site-packages'
[7.094s] Level 1:colcon.colcon_core.shell:create_environment_hook('udm_pioneer_p3dx', 'pythonpath')
[7.095s] INFO:colcon.colcon_core.shell:Creating environment hook '/home/ara/ros2_ws/src/install/udm_pioneer_p3dx/share/udm_pioneer_p3dx/hook/pythonpath.ps1'
[7.095s] INFO:colcon.colcon_core.shell:Creating environment descriptor '/home/ara/ros2_ws/src/install/udm_pioneer_p3dx/share/udm_pioneer_p3dx/hook/pythonpath.dsv'
[7.095s] INFO:colcon.colcon_core.shell:Creating environment hook '/home/ara/ros2_ws/src/install/udm_pioneer_p3dx/share/udm_pioneer_p3dx/hook/pythonpath.sh'
[7.096s] Level 1:colcon.colcon_core.environment:checking '/home/ara/ros2_ws/src/install/udm_pioneer_p3dx/bin'
[7.096s] Level 1:colcon.colcon_core.environment:create_environment_scripts_only(udm_pioneer_p3dx)
[7.097s] INFO:colcon.colcon_core.shell:Creating package script '/home/ara/ros2_ws/src/install/udm_pioneer_p3dx/share/udm_pioneer_p3dx/package.ps1'
[7.097s] INFO:colcon.colcon_core.shell:Creating package descriptor '/home/ara/ros2_ws/src/install/udm_pioneer_p3dx/share/udm_pioneer_p3dx/package.dsv'
[7.103s] DEBUG:colcon.colcon_core.event_handler.log_command:Invoked command in '/home/ara/ros2_ws/src/udm_pioneer_p3dx' returned '0': PYTHONPATH=/home/ara/ros2_ws/src/build/udm_pioneer_p3dx/prefix_override:/home/ara/ros2_ws/src/install/udm_pioneer_p3dx/lib/python3.8/site-packages:${PYTHONPATH} /usr/bin/python3 -W ignore:setup.py install is deprecated setup.py egg_info --egg-base ../build/udm_pioneer_p3dx build --build-base /home/ara/ros2_ws/src/build/udm_pioneer_p3dx/build install --record /home/ara/ros2_ws/src/build/udm_pioneer_p3dx/install.log --install-scripts $base/lib/udm_pioneer_p3dx --single-version-externally-managed install_data
[7.104s] INFO:colcon.colcon_core.shell:Creating package script '/home/ara/ros2_ws/src/install/udm_pioneer_p3dx/share/udm_pioneer_p3dx/package.sh'
[7.104s] INFO:colcon.colcon_core.shell:Creating package script '/home/ara/ros2_ws/src/install/udm_pioneer_p3dx/share/udm_pioneer_p3dx/package.bash'
[7.105s] INFO:colcon.colcon_core.shell:Creating package script '/home/ara/ros2_ws/src/install/udm_pioneer_p3dx/share/udm_pioneer_p3dx/package.zsh'
[7.105s] Level 1:colcon.colcon_core.environment:create_file_with_runtime_dependencies(/home/ara/ros2_ws/src/install/udm_pioneer_p3dx/share/colcon-core/packages/udm_pioneer_p3dx)
[7.106s] DEBUG:colcon.colcon_parallel_executor.executor.parallel:closing loop
[7.106s] DEBUG:colcon.colcon_parallel_executor.executor.parallel:loop closed
[7.106s] DEBUG:colcon.colcon_parallel_executor.executor.parallel:run_until_complete finished with '0'
[7.107s] DEBUG:colcon.colcon_core.event_reactor:joining thread
[7.112s] INFO:colcon.colcon_core.plugin_system:Skipping extension 'colcon_notification.desktop_notification.terminal_notifier': Not used on non-Darwin systems
[7.125s] INFO:colcon.colcon_core.plugin_system:Skipping extension 'colcon_notification.desktop_notification.win32': Not used on non-Windows systems
[7.125s] INFO:colcon.colcon_notification.desktop_notification:Sending desktop notification using 'notify2'
[7.173s] DEBUG:colcon.colcon_core.event_reactor:joined thread
[7.174s] INFO:colcon.colcon_core.shell:Creating prefix script '/home/ara/ros2_ws/src/install/local_setup.ps1'
[7.175s] INFO:colcon.colcon_core.shell:Creating prefix util module '/home/ara/ros2_ws/src/install/_local_setup_util_ps1.py'
[7.175s] INFO:colcon.colcon_core.shell:Creating prefix chain script '/home/ara/ros2_ws/src/install/setup.ps1'
[7.176s] INFO:colcon.colcon_core.shell:Creating prefix script '/home/ara/ros2_ws/src/install/local_setup.sh'
[7.177s] INFO:colcon.colcon_core.shell:Creating prefix util module '/home/ara/ros2_ws/src/install/_local_setup_util_sh.py'
[7.194s] INFO:colcon.colcon_core.shell:Creating prefix chain script '/home/ara/ros2_ws/src/install/setup.sh'
[7.195s] INFO:colcon.colcon_core.shell:Creating prefix script '/home/ara/ros2_ws/src/install/local_setup.bash'
[7.195s] INFO:colcon.colcon_core.shell:Creating prefix chain script '/home/ara/ros2_ws/src/install/setup.bash'
[7.196s] INFO:colcon.colcon_core.shell:Creating prefix script '/home/ara/ros2_ws/src/install/local_setup.zsh'
[7.196s] INFO:colcon.colcon_core.shell:Creating prefix chain script '/home/ara/ros2_ws/src/install/setup.zsh'
