[0.645s] Invoking command in '/home/ara/ros2_ws/src/p3dx_description': PYTHONPATH=/home/ara/ros2_ws/src/build/p3dx_description/prefix_override:/home/ara/ros2_ws/src/install/p3dx_description/lib/python3.8/site-packages:${PYTHONPATH} /usr/bin/python3 -W ignore:setup.py install is deprecated setup.py egg_info --egg-base ../build/p3dx_description build --build-base /home/ara/ros2_ws/src/build/p3dx_description/build install --record /home/ara/ros2_ws/src/build/p3dx_description/install.log --install-scripts $base/lib/p3dx_description --single-version-externally-managed install_data
[0.861s] running egg_info
[0.862s] writing ../build/p3dx_description/p3dx_description.egg-info/PKG-INFO
[0.862s] writing dependency_links to ../build/p3dx_description/p3dx_description.egg-info/dependency_links.txt
[0.862s] writing entry points to ../build/p3dx_description/p3dx_description.egg-info/entry_points.txt
[0.863s] writing requirements to ../build/p3dx_description/p3dx_description.egg-info/requires.txt
[0.863s] writing top-level names to ../build/p3dx_description/p3dx_description.egg-info/top_level.txt
[0.894s] reading manifest file '../build/p3dx_description/p3dx_description.egg-info/SOURCES.txt'
[0.895s] writing manifest file '../build/p3dx_description/p3dx_description.egg-info/SOURCES.txt'
[0.895s] running build
[0.895s] running build_py
[0.895s] running install
[0.896s] running install_lib
[0.898s] running install_data
[0.898s] creating /home/ara/ros2_ws/src/install/p3dx_description/share/p3dx_description/urdf
[0.898s] copying urdf/pioneer3dx.xacro -> /home/ara/ros2_ws/src/install/p3dx_description/share/p3dx_description/urdf
[0.898s] copying urdf/pioneer3dx_1.gazebo.xacro -> /home/ara/ros2_ws/src/install/p3dx_description/share/p3dx_description/urdf
[0.898s] copying urdf/pioneer3dx.gazebo.xacro -> /home/ara/ros2_ws/src/install/p3dx_description/share/p3dx_description/urdf
[0.899s] copying urdf/pioneer3dx_wheel.xacro -> /home/ara/ros2_ws/src/install/p3dx_description/share/p3dx_description/urdf
[0.899s] running install_egg_info
[0.900s] removing '/home/ara/ros2_ws/src/install/p3dx_description/lib/python3.8/site-packages/p3dx_description-0.0.0-py3.8.egg-info' (and everything under it)
[0.901s] Copying ../build/p3dx_description/p3dx_description.egg-info to /home/ara/ros2_ws/src/install/p3dx_description/lib/python3.8/site-packages/p3dx_description-0.0.0-py3.8.egg-info
[0.902s] running install_scripts
[0.915s] writing list of installed files to '/home/ara/ros2_ws/src/build/p3dx_description/install.log'
[0.933s] Invoked command in '/home/ara/ros2_ws/src/p3dx_description' returned '0': PYTHONPATH=/home/ara/ros2_ws/src/build/p3dx_description/prefix_override:/home/ara/ros2_ws/src/install/p3dx_description/lib/python3.8/site-packages:${PYTHONPATH} /usr/bin/python3 -W ignore:setup.py install is deprecated setup.py egg_info --egg-base ../build/p3dx_description build --build-base /home/ara/ros2_ws/src/build/p3dx_description/build install --record /home/ara/ros2_ws/src/build/p3dx_description/install.log --install-scripts $base/lib/p3dx_description --single-version-externally-managed install_data
