[1.219s] Invoking command in '/home/ara/ros2_ws/src/p3dx_description': PYTHONPATH=/home/ara/ros2_ws/build/p3dx_description/prefix_override:/home/ara/ros2_ws/install/p3dx_description/lib/python3.8/site-packages:${PYTHONPATH} /usr/bin/python3 -W ignore:setup.py install is deprecated setup.py egg_info --egg-base ../../build/p3dx_description build --build-base /home/ara/ros2_ws/build/p3dx_description/build install --record /home/ara/ros2_ws/build/p3dx_description/install.log --install-scripts $base/lib/p3dx_description --single-version-externally-managed install_data
[1.717s] running egg_info
[1.718s] writing ../../build/p3dx_description/p3dx_description.egg-info/PKG-INFO
[1.718s] writing dependency_links to ../../build/p3dx_description/p3dx_description.egg-info/dependency_links.txt
[1.718s] writing entry points to ../../build/p3dx_description/p3dx_description.egg-info/entry_points.txt
[1.722s] writing requirements to ../../build/p3dx_description/p3dx_description.egg-info/requires.txt
[1.722s] writing top-level names to ../../build/p3dx_description/p3dx_description.egg-info/top_level.txt
[1.816s] reading manifest file '../../build/p3dx_description/p3dx_description.egg-info/SOURCES.txt'
[1.822s] writing manifest file '../../build/p3dx_description/p3dx_description.egg-info/SOURCES.txt'
[1.823s] running build
[1.826s] running build_py
[1.827s] running install
[1.837s] running install_lib
[1.842s] running install_data
[1.842s] running install_egg_info
[1.850s] removing '/home/ara/ros2_ws/install/p3dx_description/lib/python3.8/site-packages/p3dx_description-0.0.0-py3.8.egg-info' (and everything under it)
[1.850s] Copying ../../build/p3dx_description/p3dx_description.egg-info to /home/ara/ros2_ws/install/p3dx_description/lib/python3.8/site-packages/p3dx_description-0.0.0-py3.8.egg-info
[1.856s] running install_scripts
[1.897s] writing list of installed files to '/home/ara/ros2_ws/build/p3dx_description/install.log'
[1.939s] Invoked command in '/home/ara/ros2_ws/src/p3dx_description' returned '0': PYTHONPATH=/home/ara/ros2_ws/build/p3dx_description/prefix_override:/home/ara/ros2_ws/install/p3dx_description/lib/python3.8/site-packages:${PYTHONPATH} /usr/bin/python3 -W ignore:setup.py install is deprecated setup.py egg_info --egg-base ../../build/p3dx_description build --build-base /home/ara/ros2_ws/build/p3dx_description/build install --record /home/ara/ros2_ws/build/p3dx_description/install.log --install-scripts $base/lib/p3dx_description --single-version-externally-managed install_data
