[0.628s] Invoking command in '/home/ara/ros2_ws/src/p3dx_gazebo': PYTHONPATH=/home/ara/ros2_ws/src/build/p3dx_gazebo/prefix_override:/home/ara/ros2_ws/src/install/p3dx_gazebo/lib/python3.8/site-packages:${PYTHONPATH} /usr/bin/python3 -W ignore:setup.py install is deprecated setup.py egg_info --egg-base ../build/p3dx_gazebo build --build-base /home/ara/ros2_ws/src/build/p3dx_gazebo/build install --record /home/ara/ros2_ws/src/build/p3dx_gazebo/install.log --install-scripts $base/lib/p3dx_gazebo --single-version-externally-managed install_data
[0.811s] running egg_info
[0.812s] writing ../build/p3dx_gazebo/p3dx_gazebo.egg-info/PKG-INFO
[0.812s] writing dependency_links to ../build/p3dx_gazebo/p3dx_gazebo.egg-info/dependency_links.txt
[0.813s] writing entry points to ../build/p3dx_gazebo/p3dx_gazebo.egg-info/entry_points.txt
[0.813s] writing requirements to ../build/p3dx_gazebo/p3dx_gazebo.egg-info/requires.txt
[0.813s] writing top-level names to ../build/p3dx_gazebo/p3dx_gazebo.egg-info/top_level.txt
[0.843s] reading manifest file '../build/p3dx_gazebo/p3dx_gazebo.egg-info/SOURCES.txt'
[0.843s] writing manifest file '../build/p3dx_gazebo/p3dx_gazebo.egg-info/SOURCES.txt'
[0.844s] running build
[0.845s] running build_py
[0.845s] running install
[0.846s] running install_lib
[0.847s] running install_data
[0.847s] running install_egg_info
[0.849s] removing '/home/ara/ros2_ws/src/install/p3dx_gazebo/lib/python3.8/site-packages/p3dx_gazebo-0.0.0-py3.8.egg-info' (and everything under it)
[0.849s] Copying ../build/p3dx_gazebo/p3dx_gazebo.egg-info to /home/ara/ros2_ws/src/install/p3dx_gazebo/lib/python3.8/site-packages/p3dx_gazebo-0.0.0-py3.8.egg-info
[0.850s] running install_scripts
[0.888s] writing list of installed files to '/home/ara/ros2_ws/src/build/p3dx_gazebo/install.log'
[0.909s] Invoked command in '/home/ara/ros2_ws/src/p3dx_gazebo' returned '0': PYTHONPATH=/home/ara/ros2_ws/src/build/p3dx_gazebo/prefix_override:/home/ara/ros2_ws/src/install/p3dx_gazebo/lib/python3.8/site-packages:${PYTHONPATH} /usr/bin/python3 -W ignore:setup.py install is deprecated setup.py egg_info --egg-base ../build/p3dx_gazebo build --build-base /home/ara/ros2_ws/src/build/p3dx_gazebo/build install --record /home/ara/ros2_ws/src/build/p3dx_gazebo/install.log --install-scripts $base/lib/p3dx_gazebo --single-version-externally-managed install_data
