[3.693s] Invoking command in '/home/ara/ros2_ws/src/p3dx_description': PYTHONPATH=/home/ara/ros2_ws/build/p3dx_description/prefix_override:/home/ara/ros2_ws/install/p3dx_description/lib/python3.8/site-packages:${PYTHONPATH} /usr/bin/python3 -W ignore:setup.py install is deprecated setup.py egg_info --egg-base ../../build/p3dx_description build --build-base /home/ara/ros2_ws/build/p3dx_description/build install --record /home/ara/ros2_ws/build/p3dx_description/install.log --install-scripts $base/lib/p3dx_description --single-version-externally-managed install_data
[4.929s] running egg_info
[4.933s] writing ../../build/p3dx_description/p3dx_description.egg-info/PKG-INFO
[4.933s] writing dependency_links to ../../build/p3dx_description/p3dx_description.egg-info/dependency_links.txt
[4.933s] writing entry points to ../../build/p3dx_description/p3dx_description.egg-info/entry_points.txt
[4.934s] writing requirements to ../../build/p3dx_description/p3dx_description.egg-info/requires.txt
[4.944s] writing top-level names to ../../build/p3dx_description/p3dx_description.egg-info/top_level.txt
[5.158s] reading manifest file '../../build/p3dx_description/p3dx_description.egg-info/SOURCES.txt'
[5.158s] writing manifest file '../../build/p3dx_description/p3dx_description.egg-info/SOURCES.txt'
[5.159s] running build
[5.164s] running build_py
[5.164s] running install
[5.175s] running install_lib
[5.183s] running install_data
[5.184s] copying urdf/pioneer3dx_1.gazebo.xacro -> /home/ara/ros2_ws/install/p3dx_description/share/p3dx_description
[5.184s] copying urdf/pioneer3dx.gazebo.xacro -> /home/ara/ros2_ws/install/p3dx_description/share/p3dx_description
[5.195s] copying urdf/pioneer3dx_wheel.xacro -> /home/ara/ros2_ws/install/p3dx_description/share/p3dx_description
[5.195s] running install_egg_info
[5.209s] removing '/home/ara/ros2_ws/install/p3dx_description/lib/python3.8/site-packages/p3dx_description-0.0.0-py3.8.egg-info' (and everything under it)
[5.210s] Copying ../../build/p3dx_description/p3dx_description.egg-info to /home/ara/ros2_ws/install/p3dx_description/lib/python3.8/site-packages/p3dx_description-0.0.0-py3.8.egg-info
[5.212s] running install_scripts
[5.331s] writing list of installed files to '/home/ara/ros2_ws/build/p3dx_description/install.log'
[5.459s] Invoked command in '/home/ara/ros2_ws/src/p3dx_description' returned '0': PYTHONPATH=/home/ara/ros2_ws/build/p3dx_description/prefix_override:/home/ara/ros2_ws/install/p3dx_description/lib/python3.8/site-packages:${PYTHONPATH} /usr/bin/python3 -W ignore:setup.py install is deprecated setup.py egg_info --egg-base ../../build/p3dx_description build --build-base /home/ara/ros2_ws/build/p3dx_description/build install --record /home/ara/ros2_ws/build/p3dx_description/install.log --install-scripts $base/lib/p3dx_description --single-version-externally-managed install_data
