[0.749s] Invoking command in '/home/ara/ros2_ws/src/p3dx_description': PYTHONPATH=/home/ara/ros2_ws/build/p3dx_description/prefix_override:/home/ara/ros2_ws/install/p3dx_description/lib/python3.8/site-packages:${PYTHONPATH} /usr/bin/python3 -W ignore:setup.py install is deprecated setup.py egg_info --egg-base ../../build/p3dx_description build --build-base /home/ara/ros2_ws/build/p3dx_description/build install --record /home/ara/ros2_ws/build/p3dx_description/install.log --install-scripts $base/lib/p3dx_description --single-version-externally-managed install_data
[0.961s] running egg_info
[0.962s] writing ../../build/p3dx_description/p3dx_description.egg-info/PKG-INFO
[0.963s] writing dependency_links to ../../build/p3dx_description/p3dx_description.egg-info/dependency_links.txt
[0.963s] writing entry points to ../../build/p3dx_description/p3dx_description.egg-info/entry_points.txt
[0.963s] writing requirements to ../../build/p3dx_description/p3dx_description.egg-info/requires.txt
[0.964s] writing top-level names to ../../build/p3dx_description/p3dx_description.egg-info/top_level.txt
[1.000s] reading manifest file '../../build/p3dx_description/p3dx_description.egg-info/SOURCES.txt'
[1.001s] writing manifest file '../../build/p3dx_description/p3dx_description.egg-info/SOURCES.txt'
[1.001s] running build
[1.002s] running build_py
[1.002s] running install
[1.003s] running install_lib
[1.004s] running install_data
[1.005s] running install_egg_info
[1.007s] removing '/home/ara/ros2_ws/install/p3dx_description/lib/python3.8/site-packages/p3dx_description-0.0.0-py3.8.egg-info' (and everything under it)
[1.008s] Copying ../../build/p3dx_description/p3dx_description.egg-info to /home/ara/ros2_ws/install/p3dx_description/lib/python3.8/site-packages/p3dx_description-0.0.0-py3.8.egg-info
[1.008s] running install_scripts
[1.027s] writing list of installed files to '/home/ara/ros2_ws/build/p3dx_description/install.log'
[1.064s] Invoked command in '/home/ara/ros2_ws/src/p3dx_description' returned '0': PYTHONPATH=/home/ara/ros2_ws/build/p3dx_description/prefix_override:/home/ara/ros2_ws/install/p3dx_description/lib/python3.8/site-packages:${PYTHONPATH} /usr/bin/python3 -W ignore:setup.py install is deprecated setup.py egg_info --egg-base ../../build/p3dx_description build --build-base /home/ara/ros2_ws/build/p3dx_description/build install --record /home/ara/ros2_ws/build/p3dx_description/install.log --install-scripts $base/lib/p3dx_description --single-version-externally-managed install_data
