[0.718s] Invoking command in '/home/ara/ros2_ws/src/p3dx_description': PYTHONPATH=/home/ara/ros2_ws/src/build/p3dx_description/prefix_override:/home/ara/ros2_ws/src/install/p3dx_description/lib/python3.8/site-packages:${PYTHONPATH} /usr/bin/python3 -W ignore:setup.py install is deprecated setup.py egg_info --egg-base ../build/p3dx_description build --build-base /home/ara/ros2_ws/src/build/p3dx_description/build install --record /home/ara/ros2_ws/src/build/p3dx_description/install.log --install-scripts $base/lib/p3dx_description --single-version-externally-managed install_data
[1.031s] running egg_info
[1.036s] writing ../build/p3dx_description/p3dx_description.egg-info/PKG-INFO
[1.036s] writing dependency_links to ../build/p3dx_description/p3dx_description.egg-info/dependency_links.txt
[1.039s] writing entry points to ../build/p3dx_description/p3dx_description.egg-info/entry_points.txt
[1.041s] writing requirements to ../build/p3dx_description/p3dx_description.egg-info/requires.txt
[1.043s] writing top-level names to ../build/p3dx_description/p3dx_description.egg-info/top_level.txt
[1.085s] reading manifest file '../build/p3dx_description/p3dx_description.egg-info/SOURCES.txt'
[1.086s] writing manifest file '../build/p3dx_description/p3dx_description.egg-info/SOURCES.txt'
[1.086s] running build
[1.086s] running build_py
[1.087s] running install
[1.087s] running install_lib
[1.089s] running install_data
[1.089s] copying urdf/pioneer3dx.xacro -> /home/ara/ros2_ws/src/install/p3dx_description/share/p3dx_description/urdf
[1.089s] running install_egg_info
[1.091s] removing '/home/ara/ros2_ws/src/install/p3dx_description/lib/python3.8/site-packages/p3dx_description-0.0.0-py3.8.egg-info' (and everything under it)
[1.091s] Copying ../build/p3dx_description/p3dx_description.egg-info to /home/ara/ros2_ws/src/install/p3dx_description/lib/python3.8/site-packages/p3dx_description-0.0.0-py3.8.egg-info
[1.092s] running install_scripts
[1.106s] writing list of installed files to '/home/ara/ros2_ws/src/build/p3dx_description/install.log'
[1.130s] Invoked command in '/home/ara/ros2_ws/src/p3dx_description' returned '0': PYTHONPATH=/home/ara/ros2_ws/src/build/p3dx_description/prefix_override:/home/ara/ros2_ws/src/install/p3dx_description/lib/python3.8/site-packages:${PYTHONPATH} /usr/bin/python3 -W ignore:setup.py install is deprecated setup.py egg_info --egg-base ../build/p3dx_description build --build-base /home/ara/ros2_ws/src/build/p3dx_description/build install --record /home/ara/ros2_ws/src/build/p3dx_description/install.log --install-scripts $base/lib/p3dx_description --single-version-externally-managed install_data
