[0.735s] Invoking command in '/home/ara/ros2_ws/src/p3dx_gazebo': PYTHONPATH=/home/ara/ros2_ws/build/p3dx_gazebo/prefix_override:/home/ara/ros2_ws/install/p3dx_gazebo/lib/python3.8/site-packages:${PYTHONPATH} /usr/bin/python3 -W ignore:setup.py install is deprecated setup.py egg_info --egg-base ../../build/p3dx_gazebo build --build-base /home/ara/ros2_ws/build/p3dx_gazebo/build install --record /home/ara/ros2_ws/build/p3dx_gazebo/install.log --install-scripts $base/lib/p3dx_gazebo --single-version-externally-managed install_data
[0.969s] running egg_info
[0.970s] writing ../../build/p3dx_gazebo/p3dx_gazebo.egg-info/PKG-INFO
[0.971s] writing dependency_links to ../../build/p3dx_gazebo/p3dx_gazebo.egg-info/dependency_links.txt
[0.971s] writing entry points to ../../build/p3dx_gazebo/p3dx_gazebo.egg-info/entry_points.txt
[0.971s] writing requirements to ../../build/p3dx_gazebo/p3dx_gazebo.egg-info/requires.txt
[0.972s] writing top-level names to ../../build/p3dx_gazebo/p3dx_gazebo.egg-info/top_level.txt
[1.017s] reading manifest file '../../build/p3dx_gazebo/p3dx_gazebo.egg-info/SOURCES.txt'
[1.018s] writing manifest file '../../build/p3dx_gazebo/p3dx_gazebo.egg-info/SOURCES.txt'
[1.019s] running build
[1.019s] running build_py
[1.019s] running install
[1.020s] running install_lib
[1.022s] running install_data
[1.022s] running install_egg_info
[1.024s] removing '/home/ara/ros2_ws/install/p3dx_gazebo/lib/python3.8/site-packages/p3dx_gazebo-0.0.0-py3.8.egg-info' (and everything under it)
[1.025s] Copying ../../build/p3dx_gazebo/p3dx_gazebo.egg-info to /home/ara/ros2_ws/install/p3dx_gazebo/lib/python3.8/site-packages/p3dx_gazebo-0.0.0-py3.8.egg-info
[1.026s] running install_scripts
[1.050s] writing list of installed files to '/home/ara/ros2_ws/build/p3dx_gazebo/install.log'
[1.075s] Invoked command in '/home/ara/ros2_ws/src/p3dx_gazebo' returned '0': PYTHONPATH=/home/ara/ros2_ws/build/p3dx_gazebo/prefix_override:/home/ara/ros2_ws/install/p3dx_gazebo/lib/python3.8/site-packages:${PYTHONPATH} /usr/bin/python3 -W ignore:setup.py install is deprecated setup.py egg_info --egg-base ../../build/p3dx_gazebo build --build-base /home/ara/ros2_ws/build/p3dx_gazebo/build install --record /home/ara/ros2_ws/build/p3dx_gazebo/install.log --install-scripts $base/lib/p3dx_gazebo --single-version-externally-managed install_data
