running egg_info
creating build/p3dx_description/p3dx_description.egg-info
writing build/p3dx_description/p3dx_description.egg-info/PKG-INFO
writing dependency_links to build/p3dx_description/p3dx_description.egg-info/dependency_links.txt
writing entry points to build/p3dx_description/p3dx_description.egg-info/entry_points.txt
writing requirements to build/p3dx_description/p3dx_description.egg-info/requires.txt
writing top-level names to build/p3dx_description/p3dx_description.egg-info/top_level.txt
writing manifest file 'build/p3dx_description/p3dx_description.egg-info/SOURCES.txt'
reading manifest file 'build/p3dx_description/p3dx_description.egg-info/SOURCES.txt'
writing manifest file 'build/p3dx_description/p3dx_description.egg-info/SOURCES.txt'
running build
running build_py
creating /home/ara/ros2_ws/src/p3dx_description/build/p3dx_description/build
creating /home/ara/ros2_ws/src/p3dx_description/build/p3dx_description/build/lib
creating /home/ara/ros2_ws/src/p3dx_description/build/p3dx_description/build/lib/p3dx_description
copying p3dx_description/__init__.py -> /home/ara/ros2_ws/src/p3dx_description/build/p3dx_description/build/lib/p3dx_description
running install
running install_lib
creating /home/ara/ros2_ws/src/p3dx_description/install/p3dx_description/lib/python3.8/site-packages/p3dx_description
copying /home/ara/ros2_ws/src/p3dx_description/build/p3dx_description/build/lib/p3dx_description/__init__.py -> /home/ara/ros2_ws/src/p3dx_description/install/p3dx_description/lib/python3.8/site-packages/p3dx_description
byte-compiling /home/ara/ros2_ws/src/p3dx_description/install/p3dx_description/lib/python3.8/site-packages/p3dx_description/__init__.py to __init__.cpython-38.pyc
running install_data
creating /home/ara/ros2_ws/src/p3dx_description/install/p3dx_description/share/ament_index
creating /home/ara/ros2_ws/src/p3dx_description/install/p3dx_description/share/ament_index/resource_index
creating /home/ara/ros2_ws/src/p3dx_description/install/p3dx_description/share/ament_index/resource_index/packages
copying resource/p3dx_description -> /home/ara/ros2_ws/src/p3dx_description/install/p3dx_description/share/ament_index/resource_index/packages
copying package.xml -> /home/ara/ros2_ws/src/p3dx_description/install/p3dx_description/share/p3dx_description
creating /home/ara/ros2_ws/src/p3dx_description/install/p3dx_description/share/p3dx_description/urdf
copying urdf/pioneer3dx.xacro -> /home/ara/ros2_ws/src/p3dx_description/install/p3dx_description/share/p3dx_description/urdf
copying urdf/pioneer3dx_1.gazebo.xacro -> /home/ara/ros2_ws/src/p3dx_description/install/p3dx_description/share/p3dx_description/urdf
copying urdf/pioneer3dx.gazebo.xacro -> /home/ara/ros2_ws/src/p3dx_description/install/p3dx_description/share/p3dx_description/urdf
copying urdf/pioneer3dx_wheel.xacro -> /home/ara/ros2_ws/src/p3dx_description/install/p3dx_description/share/p3dx_description/urdf
running install_egg_info
Copying build/p3dx_description/p3dx_description.egg-info to /home/ara/ros2_ws/src/p3dx_description/install/p3dx_description/lib/python3.8/site-packages/p3dx_description-0.0.0-py3.8.egg-info
running install_scripts
writing list of installed files to '/home/ara/ros2_ws/src/p3dx_description/build/p3dx_description/install.log'
