[0.631s] Invoking command in '/home/ara/ros2_ws/src/p3dx_description': PYTHONPATH=/home/ara/ros2_ws/src/p3dx_description/build/p3dx_description/prefix_override:/home/ara/ros2_ws/src/p3dx_description/install/p3dx_description/lib/python3.8/site-packages:${PYTHONPATH} /usr/bin/python3 -W ignore:setup.py install is deprecated setup.py egg_info --egg-base build/p3dx_description build --build-base /home/ara/ros2_ws/src/p3dx_description/build/p3dx_description/build install --record /home/ara/ros2_ws/src/p3dx_description/build/p3dx_description/install.log --install-scripts $base/lib/p3dx_description --single-version-externally-managed install_data
[0.835s] running egg_info
[0.836s] creating build/p3dx_description/p3dx_description.egg-info
[0.836s] writing build/p3dx_description/p3dx_description.egg-info/PKG-INFO
[0.836s] writing dependency_links to build/p3dx_description/p3dx_description.egg-info/dependency_links.txt
[0.836s] writing entry points to build/p3dx_description/p3dx_description.egg-info/entry_points.txt
[0.837s] writing requirements to build/p3dx_description/p3dx_description.egg-info/requires.txt
[0.837s] writing top-level names to build/p3dx_description/p3dx_description.egg-info/top_level.txt
[0.838s] writing manifest file 'build/p3dx_description/p3dx_description.egg-info/SOURCES.txt'
[0.874s] reading manifest file 'build/p3dx_description/p3dx_description.egg-info/SOURCES.txt'
[0.875s] writing manifest file 'build/p3dx_description/p3dx_description.egg-info/SOURCES.txt'
[0.875s] running build
[0.875s] running build_py
[0.875s] creating /home/ara/ros2_ws/src/p3dx_description/build/p3dx_description/build
[0.875s] creating /home/ara/ros2_ws/src/p3dx_description/build/p3dx_description/build/lib
[0.876s] creating /home/ara/ros2_ws/src/p3dx_description/build/p3dx_description/build/lib/p3dx_description
[0.876s] copying p3dx_description/__init__.py -> /home/ara/ros2_ws/src/p3dx_description/build/p3dx_description/build/lib/p3dx_description
[0.876s] running install
[0.877s] running install_lib
[0.878s] creating /home/ara/ros2_ws/src/p3dx_description/install/p3dx_description/lib/python3.8/site-packages/p3dx_description
[0.878s] copying /home/ara/ros2_ws/src/p3dx_description/build/p3dx_description/build/lib/p3dx_description/__init__.py -> /home/ara/ros2_ws/src/p3dx_description/install/p3dx_description/lib/python3.8/site-packages/p3dx_description
[0.879s] byte-compiling /home/ara/ros2_ws/src/p3dx_description/install/p3dx_description/lib/python3.8/site-packages/p3dx_description/__init__.py to __init__.cpython-38.pyc
[0.880s] running install_data
[0.880s] creating /home/ara/ros2_ws/src/p3dx_description/install/p3dx_description/share/ament_index
[0.880s] creating /home/ara/ros2_ws/src/p3dx_description/install/p3dx_description/share/ament_index/resource_index
[0.880s] creating /home/ara/ros2_ws/src/p3dx_description/install/p3dx_description/share/ament_index/resource_index/packages
[0.880s] copying resource/p3dx_description -> /home/ara/ros2_ws/src/p3dx_description/install/p3dx_description/share/ament_index/resource_index/packages
[0.881s] copying package.xml -> /home/ara/ros2_ws/src/p3dx_description/install/p3dx_description/share/p3dx_description
[0.881s] creating /home/ara/ros2_ws/src/p3dx_description/install/p3dx_description/share/p3dx_description/urdf
[0.881s] copying urdf/pioneer3dx.xacro -> /home/ara/ros2_ws/src/p3dx_description/install/p3dx_description/share/p3dx_description/urdf
[0.881s] copying urdf/pioneer3dx_1.gazebo.xacro -> /home/ara/ros2_ws/src/p3dx_description/install/p3dx_description/share/p3dx_description/urdf
[0.881s] copying urdf/pioneer3dx.gazebo.xacro -> /home/ara/ros2_ws/src/p3dx_description/install/p3dx_description/share/p3dx_description/urdf
[0.882s] copying urdf/pioneer3dx_wheel.xacro -> /home/ara/ros2_ws/src/p3dx_description/install/p3dx_description/share/p3dx_description/urdf
[0.882s] running install_egg_info
[0.883s] Copying build/p3dx_description/p3dx_description.egg-info to /home/ara/ros2_ws/src/p3dx_description/install/p3dx_description/lib/python3.8/site-packages/p3dx_description-0.0.0-py3.8.egg-info
[0.884s] running install_scripts
[0.898s] writing list of installed files to '/home/ara/ros2_ws/src/p3dx_description/build/p3dx_description/install.log'
[0.917s] Invoked command in '/home/ara/ros2_ws/src/p3dx_description' returned '0': PYTHONPATH=/home/ara/ros2_ws/src/p3dx_description/build/p3dx_description/prefix_override:/home/ara/ros2_ws/src/p3dx_description/install/p3dx_description/lib/python3.8/site-packages:${PYTHONPATH} /usr/bin/python3 -W ignore:setup.py install is deprecated setup.py egg_info --egg-base build/p3dx_description build --build-base /home/ara/ros2_ws/src/p3dx_description/build/p3dx_description/build install --record /home/ara/ros2_ws/src/p3dx_description/build/p3dx_description/install.log --install-scripts $base/lib/p3dx_description --single-version-externally-managed install_data
