[0.527s] Invoking command in '/home/ara/ros2_ws/src/p3dx_gazebo': PYTHONPATH=/home/ara/ros2_ws/build/p3dx_gazebo/prefix_override:/home/ara/ros2_ws/install/p3dx_gazebo/lib/python3.8/site-packages:${PYTHONPATH} /usr/bin/python3 -W ignore:setup.py install is deprecated setup.py egg_info --egg-base ../../build/p3dx_gazebo build --build-base /home/ara/ros2_ws/build/p3dx_gazebo/build install --record /home/ara/ros2_ws/build/p3dx_gazebo/install.log --install-scripts $base/lib/p3dx_gazebo --single-version-externally-managed install_data
[0.696s] running egg_info
[0.697s] writing ../../build/p3dx_gazebo/p3dx_gazebo.egg-info/PKG-INFO
[0.697s] writing dependency_links to ../../build/p3dx_gazebo/p3dx_gazebo.egg-info/dependency_links.txt
[0.697s] writing entry points to ../../build/p3dx_gazebo/p3dx_gazebo.egg-info/entry_points.txt
[0.698s] writing requirements to ../../build/p3dx_gazebo/p3dx_gazebo.egg-info/requires.txt
[0.698s] writing top-level names to ../../build/p3dx_gazebo/p3dx_gazebo.egg-info/top_level.txt
[0.727s] reading manifest file '../../build/p3dx_gazebo/p3dx_gazebo.egg-info/SOURCES.txt'
[0.728s] writing manifest file '../../build/p3dx_gazebo/p3dx_gazebo.egg-info/SOURCES.txt'
[0.728s] running build
[0.728s] running build_py
[0.728s] running install
[0.729s] running install_lib
[0.730s] running install_data
[0.731s] running install_egg_info
[0.732s] removing '/home/ara/ros2_ws/install/p3dx_gazebo/lib/python3.8/site-packages/p3dx_gazebo-0.0.0-py3.8.egg-info' (and everything under it)
[0.732s] Copying ../../build/p3dx_gazebo/p3dx_gazebo.egg-info to /home/ara/ros2_ws/install/p3dx_gazebo/lib/python3.8/site-packages/p3dx_gazebo-0.0.0-py3.8.egg-info
[0.733s] running install_scripts
[0.747s] writing list of installed files to '/home/ara/ros2_ws/build/p3dx_gazebo/install.log'
[0.766s] Invoked command in '/home/ara/ros2_ws/src/p3dx_gazebo' returned '0': PYTHONPATH=/home/ara/ros2_ws/build/p3dx_gazebo/prefix_override:/home/ara/ros2_ws/install/p3dx_gazebo/lib/python3.8/site-packages:${PYTHONPATH} /usr/bin/python3 -W ignore:setup.py install is deprecated setup.py egg_info --egg-base ../../build/p3dx_gazebo build --build-base /home/ara/ros2_ws/build/p3dx_gazebo/build install --record /home/ara/ros2_ws/build/p3dx_gazebo/install.log --install-scripts $base/lib/p3dx_gazebo --single-version-externally-managed install_data
