[0.693s] DEBUG:colcon:Command line arguments: ['/usr/bin/colcon', 'build']
[0.693s] DEBUG:colcon:Parsed command line arguments: Namespace(allow_overriding=[], ament_cmake_args=None, base_paths=['.'], build_base='build', catkin_cmake_args=None, catkin_skip_building_tests=False, cmake_args=None, cmake_clean_cache=False, cmake_clean_first=False, cmake_force_configure=False, cmake_target=None, cmake_target_skip_unavailable=False, continue_on_error=False, event_handlers=None, executor='parallel', ignore_user_meta=False, install_base='install', log_base=None, log_level=None, main=<bound method BuildVerb.main of <colcon_core.verb.build.BuildVerb object at 0x7fa55d0fde50>>, merge_install=False, metas=['./colcon.meta'], mixin=None, mixin_files=None, mixin_verb=('build',), packages_above=None, packages_above_and_dependencies=None, packages_above_depth=None, packages_end=None, packages_ignore=None, packages_ignore_regex=None, packages_select=None, packages_select_build_failed=False, packages_select_by_dep=None, packages_select_regex=None, packages_select_test_failures=False, packages_skip=None, packages_skip_build_finished=False, packages_skip_by_dep=None, packages_skip_regex=None, packages_skip_test_passed=False, packages_skip_up_to=None, packages_start=None, packages_up_to=None, packages_up_to_regex=None, parallel_workers=1, paths=None, symlink_install=False, test_result_base=None, verb_extension=<colcon_core.verb.build.BuildVerb object at 0x7fa55d0fde50>, verb_name='build', verb_parser=<colcon_mixin.mixin.mixin_argument.MixinArgumentDecorator object at 0x7fa55d0293a0>)
[1.174s] Level 1:colcon.colcon_core.package_discovery:discover_packages(colcon_meta) check parameters
[1.174s] Level 1:colcon.colcon_core.package_discovery:discover_packages(recursive) check parameters
[1.174s] Level 1:colcon.colcon_core.package_discovery:discover_packages(ignore) check parameters
[1.174s] Level 1:colcon.colcon_core.package_discovery:discover_packages(path) check parameters
[1.174s] Level 1:colcon.colcon_core.package_discovery:discover_packages(colcon_meta) discover
[1.174s] Level 1:colcon.colcon_core.package_discovery:discover_packages(recursive) discover
[1.174s] INFO:colcon.colcon_core.package_discovery:Crawling recursively for packages in '/home/ara/ros2_ws'
[1.174s] Level 1:colcon.colcon_core.package_identification:_identify(.) by extensions ['ignore', 'ignore_ament_install']
[1.174s] Level 1:colcon.colcon_core.package_identification:_identify(.) by extension 'ignore'
[1.187s] Level 1:colcon.colcon_core.package_identification:_identify(.) by extension 'ignore_ament_install'
[1.187s] Level 1:colcon.colcon_core.package_identification:_identify(.) by extensions ['colcon_pkg']
[1.187s] Level 1:colcon.colcon_core.package_identification:_identify(.) by extension 'colcon_pkg'
[1.187s] Level 1:colcon.colcon_core.package_identification:_identify(.) by extensions ['colcon_meta']
[1.187s] Level 1:colcon.colcon_core.package_identification:_identify(.) by extension 'colcon_meta'
[1.187s] Level 1:colcon.colcon_core.package_identification:_identify(.) by extensions ['ros']
[1.187s] Level 1:colcon.colcon_core.package_identification:_identify(.) by extension 'ros'
[1.218s] Level 1:colcon.colcon_core.package_identification:_identify(.) by extensions ['cmake', 'python']
[1.218s] Level 1:colcon.colcon_core.package_identification:_identify(.) by extension 'cmake'
[1.218s] Level 1:colcon.colcon_core.package_identification:_identify(.) by extension 'python'
[1.218s] Level 1:colcon.colcon_core.package_identification:_identify(.) by extensions ['python_setup_py']
[1.218s] Level 1:colcon.colcon_core.package_identification:_identify(.) by extension 'python_setup_py'
[1.219s] Level 1:colcon.colcon_core.package_identification:_identify(build) by extensions ['ignore', 'ignore_ament_install']
[1.219s] Level 1:colcon.colcon_core.package_identification:_identify(build) by extension 'ignore'
[1.219s] Level 1:colcon.colcon_core.package_identification:_identify(build) ignored
[1.219s] Level 1:colcon.colcon_core.package_identification:_identify(install) by extensions ['ignore', 'ignore_ament_install']
[1.219s] Level 1:colcon.colcon_core.package_identification:_identify(install) by extension 'ignore'
[1.219s] Level 1:colcon.colcon_core.package_identification:_identify(install) ignored
[1.219s] Level 1:colcon.colcon_core.package_identification:_identify(log) by extensions ['ignore', 'ignore_ament_install']
[1.219s] Level 1:colcon.colcon_core.package_identification:_identify(log) by extension 'ignore'
[1.219s] Level 1:colcon.colcon_core.package_identification:_identify(log) ignored
[1.219s] Level 1:colcon.colcon_core.package_identification:_identify(src) by extensions ['ignore', 'ignore_ament_install']
[1.219s] Level 1:colcon.colcon_core.package_identification:_identify(src) by extension 'ignore'
[1.219s] Level 1:colcon.colcon_core.package_identification:_identify(src) by extension 'ignore_ament_install'
[1.219s] Level 1:colcon.colcon_core.package_identification:_identify(src) by extensions ['colcon_pkg']
[1.219s] Level 1:colcon.colcon_core.package_identification:_identify(src) by extension 'colcon_pkg'
[1.219s] Level 1:colcon.colcon_core.package_identification:_identify(src) by extensions ['colcon_meta']
[1.219s] Level 1:colcon.colcon_core.package_identification:_identify(src) by extension 'colcon_meta'
[1.219s] Level 1:colcon.colcon_core.package_identification:_identify(src) by extensions ['ros']
[1.219s] Level 1:colcon.colcon_core.package_identification:_identify(src) by extension 'ros'
[1.230s] Level 1:colcon.colcon_core.package_identification:_identify(src) by extensions ['cmake', 'python']
[1.231s] Level 1:colcon.colcon_core.package_identification:_identify(src) by extension 'cmake'
[1.231s] Level 1:colcon.colcon_core.package_identification:_identify(src) by extension 'python'
[1.231s] Level 1:colcon.colcon_core.package_identification:_identify(src) by extensions ['python_setup_py']
[1.231s] Level 1:colcon.colcon_core.package_identification:_identify(src) by extension 'python_setup_py'
[1.231s] Level 1:colcon.colcon_core.package_identification:_identify(src/build) by extensions ['ignore', 'ignore_ament_install']
[1.231s] Level 1:colcon.colcon_core.package_identification:_identify(src/build) by extension 'ignore'
[1.231s] Level 1:colcon.colcon_core.package_identification:_identify(src/build) ignored
[1.231s] Level 1:colcon.colcon_core.package_identification:_identify(src/install) by extensions ['ignore', 'ignore_ament_install']
[1.231s] Level 1:colcon.colcon_core.package_identification:_identify(src/install) by extension 'ignore'
[1.231s] Level 1:colcon.colcon_core.package_identification:_identify(src/install) ignored
[1.231s] Level 1:colcon.colcon_core.package_identification:_identify(src/log) by extensions ['ignore', 'ignore_ament_install']
[1.231s] Level 1:colcon.colcon_core.package_identification:_identify(src/log) by extension 'ignore'
[1.231s] Level 1:colcon.colcon_core.package_identification:_identify(src/log) ignored
[1.231s] Level 1:colcon.colcon_core.package_identification:_identify(src/p3dx_description) by extensions ['ignore', 'ignore_ament_install']
[1.231s] Level 1:colcon.colcon_core.package_identification:_identify(src/p3dx_description) by extension 'ignore'
[1.231s] Level 1:colcon.colcon_core.package_identification:_identify(src/p3dx_description) by extension 'ignore_ament_install'
[1.232s] Level 1:colcon.colcon_core.package_identification:_identify(src/p3dx_description) by extensions ['colcon_pkg']
[1.232s] Level 1:colcon.colcon_core.package_identification:_identify(src/p3dx_description) by extension 'colcon_pkg'
[1.232s] Level 1:colcon.colcon_core.package_identification:_identify(src/p3dx_description) by extensions ['colcon_meta']
[1.232s] Level 1:colcon.colcon_core.package_identification:_identify(src/p3dx_description) by extension 'colcon_meta'
[1.232s] Level 1:colcon.colcon_core.package_identification:_identify(src/p3dx_description) by extensions ['ros']
[1.232s] Level 1:colcon.colcon_core.package_identification:_identify(src/p3dx_description) by extension 'ros'
[1.234s] DEBUG:colcon.colcon_core.package_identification:Package 'src/p3dx_description' with type 'ros.ament_python' and name 'p3dx_description'
[1.234s] Level 1:colcon.colcon_core.package_identification:_identify(src/p3dx_gazebo) by extensions ['ignore', 'ignore_ament_install']
[1.234s] Level 1:colcon.colcon_core.package_identification:_identify(src/p3dx_gazebo) by extension 'ignore'
[1.234s] Level 1:colcon.colcon_core.package_identification:_identify(src/p3dx_gazebo) by extension 'ignore_ament_install'
[1.234s] Level 1:colcon.colcon_core.package_identification:_identify(src/p3dx_gazebo) by extensions ['colcon_pkg']
[1.234s] Level 1:colcon.colcon_core.package_identification:_identify(src/p3dx_gazebo) by extension 'colcon_pkg'
[1.247s] Level 1:colcon.colcon_core.package_identification:_identify(src/p3dx_gazebo) by extensions ['colcon_meta']
[1.247s] Level 1:colcon.colcon_core.package_identification:_identify(src/p3dx_gazebo) by extension 'colcon_meta'
[1.247s] Level 1:colcon.colcon_core.package_identification:_identify(src/p3dx_gazebo) by extensions ['ros']
[1.247s] Level 1:colcon.colcon_core.package_identification:_identify(src/p3dx_gazebo) by extension 'ros'
[1.248s] DEBUG:colcon.colcon_core.package_identification:Package 'src/p3dx_gazebo' with type 'ros.ament_python' and name 'p3dx_gazebo'
[1.248s] Level 1:colcon.colcon_core.package_identification:_identify(src/udm_pioneer_p3dx) by extensions ['ignore', 'ignore_ament_install']
[1.248s] Level 1:colcon.colcon_core.package_identification:_identify(src/udm_pioneer_p3dx) by extension 'ignore'
[1.248s] Level 1:colcon.colcon_core.package_identification:_identify(src/udm_pioneer_p3dx) by extension 'ignore_ament_install'
[1.248s] Level 1:colcon.colcon_core.package_identification:_identify(src/udm_pioneer_p3dx) by extensions ['colcon_pkg']
[1.248s] Level 1:colcon.colcon_core.package_identification:_identify(src/udm_pioneer_p3dx) by extension 'colcon_pkg'
[1.248s] Level 1:colcon.colcon_core.package_identification:_identify(src/udm_pioneer_p3dx) by extensions ['colcon_meta']
[1.248s] Level 1:colcon.colcon_core.package_identification:_identify(src/udm_pioneer_p3dx) by extension 'colcon_meta'
[1.248s] Level 1:colcon.colcon_core.package_identification:_identify(src/udm_pioneer_p3dx) by extensions ['ros']
[1.248s] Level 1:colcon.colcon_core.package_identification:_identify(src/udm_pioneer_p3dx) by extension 'ros'
[1.253s] DEBUG:colcon.colcon_core.package_identification:Package 'src/udm_pioneer_p3dx' with type 'ros.ament_python' and name 'udm_pioneer_p3dx'
[1.253s] Level 1:colcon.colcon_core.package_discovery:discover_packages(recursive) using defaults
[1.253s] Level 1:colcon.colcon_core.package_discovery:discover_packages(ignore) discover
[1.253s] Level 1:colcon.colcon_core.package_discovery:discover_packages(ignore) using defaults
[1.253s] Level 1:colcon.colcon_core.package_discovery:discover_packages(path) discover
[1.253s] Level 1:colcon.colcon_core.package_discovery:discover_packages(path) using defaults
[1.311s] Level 1:colcon.colcon_core.package_discovery:discover_packages(prefix_path) check parameters
[1.311s] Level 1:colcon.colcon_core.package_discovery:discover_packages(prefix_path) discover
[1.314s] DEBUG:colcon.colcon_installed_package_information.package_discovery:Found 3 installed packages in /home/ara/ros2_ws/install
[1.314s] DEBUG:colcon.colcon_installed_package_information.package_discovery:Found 167 installed packages in /opt/ros/foxy
[1.325s] Level 1:colcon.colcon_core.package_discovery:discover_packages(prefix_path) using defaults
[1.448s] Level 5:colcon.colcon_core.verb:set package 'p3dx_description' build argument 'cmake_args' from command line to 'None'
[1.448s] Level 5:colcon.colcon_core.verb:set package 'p3dx_description' build argument 'cmake_target' from command line to 'None'
[1.448s] Level 5:colcon.colcon_core.verb:set package 'p3dx_description' build argument 'cmake_target_skip_unavailable' from command line to 'False'
[1.448s] Level 5:colcon.colcon_core.verb:set package 'p3dx_description' build argument 'cmake_clean_cache' from command line to 'False'
[1.448s] Level 5:colcon.colcon_core.verb:set package 'p3dx_description' build argument 'cmake_clean_first' from command line to 'False'
[1.448s] Level 5:colcon.colcon_core.verb:set package 'p3dx_description' build argument 'cmake_force_configure' from command line to 'False'
[1.448s] Level 5:colcon.colcon_core.verb:set package 'p3dx_description' build argument 'ament_cmake_args' from command line to 'None'
[1.448s] Level 5:colcon.colcon_core.verb:set package 'p3dx_description' build argument 'catkin_cmake_args' from command line to 'None'
[1.448s] Level 5:colcon.colcon_core.verb:set package 'p3dx_description' build argument 'catkin_skip_building_tests' from command line to 'False'
[1.448s] DEBUG:colcon.colcon_core.verb:Building package 'p3dx_description' with the following arguments: {'ament_cmake_args': None, 'build_base': '/home/ara/ros2_ws/build/p3dx_description', 'catkin_cmake_args': None, 'catkin_skip_building_tests': False, 'cmake_args': None, 'cmake_clean_cache': False, 'cmake_clean_first': False, 'cmake_force_configure': False, 'cmake_target': None, 'cmake_target_skip_unavailable': False, 'install_base': '/home/ara/ros2_ws/install/p3dx_description', 'merge_install': False, 'path': '/home/ara/ros2_ws/src/p3dx_description', 'symlink_install': False, 'test_result_base': None}
[1.449s] Level 5:colcon.colcon_core.verb:set package 'p3dx_gazebo' build argument 'cmake_args' from command line to 'None'
[1.449s] Level 5:colcon.colcon_core.verb:set package 'p3dx_gazebo' build argument 'cmake_target' from command line to 'None'
[1.449s] Level 5:colcon.colcon_core.verb:set package 'p3dx_gazebo' build argument 'cmake_target_skip_unavailable' from command line to 'False'
[1.449s] Level 5:colcon.colcon_core.verb:set package 'p3dx_gazebo' build argument 'cmake_clean_cache' from command line to 'False'
[1.449s] Level 5:colcon.colcon_core.verb:set package 'p3dx_gazebo' build argument 'cmake_clean_first' from command line to 'False'
[1.449s] Level 5:colcon.colcon_core.verb:set package 'p3dx_gazebo' build argument 'cmake_force_configure' from command line to 'False'
[1.449s] Level 5:colcon.colcon_core.verb:set package 'p3dx_gazebo' build argument 'ament_cmake_args' from command line to 'None'
[1.449s] Level 5:colcon.colcon_core.verb:set package 'p3dx_gazebo' build argument 'catkin_cmake_args' from command line to 'None'
[1.449s] Level 5:colcon.colcon_core.verb:set package 'p3dx_gazebo' build argument 'catkin_skip_building_tests' from command line to 'False'
[1.449s] DEBUG:colcon.colcon_core.verb:Building package 'p3dx_gazebo' with the following arguments: {'ament_cmake_args': None, 'build_base': '/home/ara/ros2_ws/build/p3dx_gazebo', 'catkin_cmake_args': None, 'catkin_skip_building_tests': False, 'cmake_args': None, 'cmake_clean_cache': False, 'cmake_clean_first': False, 'cmake_force_configure': False, 'cmake_target': None, 'cmake_target_skip_unavailable': False, 'install_base': '/home/ara/ros2_ws/install/p3dx_gazebo', 'merge_install': False, 'path': '/home/ara/ros2_ws/src/p3dx_gazebo', 'symlink_install': False, 'test_result_base': None}
[1.449s] Level 5:colcon.colcon_core.verb:set package 'udm_pioneer_p3dx' build argument 'cmake_args' from command line to 'None'
[1.449s] Level 5:colcon.colcon_core.verb:set package 'udm_pioneer_p3dx' build argument 'cmake_target' from command line to 'None'
[1.449s] Level 5:colcon.colcon_core.verb:set package 'udm_pioneer_p3dx' build argument 'cmake_target_skip_unavailable' from command line to 'False'
[1.449s] Level 5:colcon.colcon_core.verb:set package 'udm_pioneer_p3dx' build argument 'cmake_clean_cache' from command line to 'False'
[1.449s] Level 5:colcon.colcon_core.verb:set package 'udm_pioneer_p3dx' build argument 'cmake_clean_first' from command line to 'False'
[1.449s] Level 5:colcon.colcon_core.verb:set package 'udm_pioneer_p3dx' build argument 'cmake_force_configure' from command line to 'False'
[1.449s] Level 5:colcon.colcon_core.verb:set package 'udm_pioneer_p3dx' build argument 'ament_cmake_args' from command line to 'None'
[1.449s] Level 5:colcon.colcon_core.verb:set package 'udm_pioneer_p3dx' build argument 'catkin_cmake_args' from command line to 'None'
[1.449s] Level 5:colcon.colcon_core.verb:set package 'udm_pioneer_p3dx' build argument 'catkin_skip_building_tests' from command line to 'False'
[1.449s] DEBUG:colcon.colcon_core.verb:Building package 'udm_pioneer_p3dx' with the following arguments: {'ament_cmake_args': None, 'build_base': '/home/ara/ros2_ws/build/udm_pioneer_p3dx', 'catkin_cmake_args': None, 'catkin_skip_building_tests': False, 'cmake_args': None, 'cmake_clean_cache': False, 'cmake_clean_first': False, 'cmake_force_configure': False, 'cmake_target': None, 'cmake_target_skip_unavailable': False, 'install_base': '/home/ara/ros2_ws/install/udm_pioneer_p3dx', 'merge_install': False, 'path': '/home/ara/ros2_ws/src/udm_pioneer_p3dx', 'symlink_install': False, 'test_result_base': None}
[1.449s] INFO:colcon.colcon_core.executor:Executing jobs using 'parallel' executor
[1.463s] DEBUG:colcon.colcon_parallel_executor.executor.parallel:run_until_complete
[1.463s] INFO:colcon.colcon_ros.task.ament_python.build:Building ROS package in '/home/ara/ros2_ws/src/p3dx_description' with build type 'ament_python'
[1.464s] Level 1:colcon.colcon_core.shell:create_environment_hook('p3dx_description', 'ament_prefix_path')
[1.467s] INFO:colcon.colcon_core.plugin_system:Skipping extension 'colcon_core.shell.bat': Not used on non-Windows systems
[1.467s] INFO:colcon.colcon_core.shell:Creating environment hook '/home/ara/ros2_ws/install/p3dx_description/share/p3dx_description/hook/ament_prefix_path.ps1'
[1.468s] INFO:colcon.colcon_core.shell:Creating environment descriptor '/home/ara/ros2_ws/install/p3dx_description/share/p3dx_description/hook/ament_prefix_path.dsv'
[1.474s] INFO:colcon.colcon_core.shell:Creating environment hook '/home/ara/ros2_ws/install/p3dx_description/share/p3dx_description/hook/ament_prefix_path.sh'
[1.491s] INFO:colcon.colcon_core.shell:Skip shell extension 'powershell' for command environment: Not usable outside of PowerShell
[1.492s] DEBUG:colcon.colcon_core.shell:Skip shell extension 'dsv' for command environment
[2.298s] INFO:colcon.colcon_core.task.python.build:Building Python package in '/home/ara/ros2_ws/src/p3dx_description'
[2.298s] INFO:colcon.colcon_core.shell:Skip shell extension 'powershell' for command environment: Not usable outside of PowerShell
[2.299s] DEBUG:colcon.colcon_core.shell:Skip shell extension 'dsv' for command environment
[3.540s] DEBUG:colcon.colcon_core.event_handler.log_command:Invoking command in '/home/ara/ros2_ws/src/p3dx_description': PYTHONPATH=/home/ara/ros2_ws/build/p3dx_description/prefix_override:/home/ara/ros2_ws/install/p3dx_description/lib/python3.8/site-packages:${PYTHONPATH} /usr/bin/python3 -W ignore:setup.py install is deprecated setup.py egg_info --egg-base ../../build/p3dx_description build --build-base /home/ara/ros2_ws/build/p3dx_description/build install --record /home/ara/ros2_ws/build/p3dx_description/install.log --install-scripts $base/lib/p3dx_description --single-version-externally-managed install_data
[4.559s] DEBUG:colcon.colcon_core.event_handler.log_command:Invoked command in '/home/ara/ros2_ws/src/p3dx_description' returned '0': PYTHONPATH=/home/ara/ros2_ws/build/p3dx_description/prefix_override:/home/ara/ros2_ws/install/p3dx_description/lib/python3.8/site-packages:${PYTHONPATH} /usr/bin/python3 -W ignore:setup.py install is deprecated setup.py egg_info --egg-base ../../build/p3dx_description build --build-base /home/ara/ros2_ws/build/p3dx_description/build install --record /home/ara/ros2_ws/build/p3dx_description/install.log --install-scripts $base/lib/p3dx_description --single-version-externally-managed install_data
[4.569s] Level 1:colcon.colcon_core.environment:checking '/home/ara/ros2_ws/install/p3dx_description' for CMake module files
[4.570s] Level 1:colcon.colcon_core.environment:checking '/home/ara/ros2_ws/install/p3dx_description' for CMake config files
[4.570s] Level 1:colcon.colcon_core.environment:checking '/home/ara/ros2_ws/install/p3dx_description/lib'
[4.570s] Level 1:colcon.colcon_core.environment:checking '/home/ara/ros2_ws/install/p3dx_description/bin'
[4.570s] Level 1:colcon.colcon_core.environment:checking '/home/ara/ros2_ws/install/p3dx_description/lib/pkgconfig/p3dx_description.pc'
[4.571s] Level 1:colcon.colcon_core.environment:checking '/home/ara/ros2_ws/install/p3dx_description/lib/python3.8/site-packages'
[4.571s] Level 1:colcon.colcon_core.shell:create_environment_hook('p3dx_description', 'pythonpath')
[4.571s] INFO:colcon.colcon_core.shell:Creating environment hook '/home/ara/ros2_ws/install/p3dx_description/share/p3dx_description/hook/pythonpath.ps1'
[4.576s] INFO:colcon.colcon_core.shell:Creating environment descriptor '/home/ara/ros2_ws/install/p3dx_description/share/p3dx_description/hook/pythonpath.dsv'
[4.577s] INFO:colcon.colcon_core.shell:Creating environment hook '/home/ara/ros2_ws/install/p3dx_description/share/p3dx_description/hook/pythonpath.sh'
[4.577s] Level 1:colcon.colcon_core.environment:checking '/home/ara/ros2_ws/install/p3dx_description/bin'
[4.577s] Level 1:colcon.colcon_core.environment:create_environment_scripts_only(p3dx_description)
[4.577s] INFO:colcon.colcon_core.shell:Creating package script '/home/ara/ros2_ws/install/p3dx_description/share/p3dx_description/package.ps1'
[4.587s] INFO:colcon.colcon_core.shell:Creating package descriptor '/home/ara/ros2_ws/install/p3dx_description/share/p3dx_description/package.dsv'
[4.587s] INFO:colcon.colcon_core.shell:Creating package script '/home/ara/ros2_ws/install/p3dx_description/share/p3dx_description/package.sh'
[4.591s] INFO:colcon.colcon_core.shell:Creating package script '/home/ara/ros2_ws/install/p3dx_description/share/p3dx_description/package.bash'
[4.598s] INFO:colcon.colcon_core.shell:Creating package script '/home/ara/ros2_ws/install/p3dx_description/share/p3dx_description/package.zsh'
[4.602s] Level 1:colcon.colcon_core.environment:create_file_with_runtime_dependencies(/home/ara/ros2_ws/install/p3dx_description/share/colcon-core/packages/p3dx_description)
[4.604s] INFO:colcon.colcon_ros.task.ament_python.build:Building ROS package in '/home/ara/ros2_ws/src/p3dx_gazebo' with build type 'ament_python'
[4.608s] Level 1:colcon.colcon_core.shell:create_environment_hook('p3dx_gazebo', 'ament_prefix_path')
[4.608s] INFO:colcon.colcon_core.shell:Creating environment hook '/home/ara/ros2_ws/install/p3dx_gazebo/share/p3dx_gazebo/hook/ament_prefix_path.ps1'
[4.613s] INFO:colcon.colcon_core.shell:Creating environment descriptor '/home/ara/ros2_ws/install/p3dx_gazebo/share/p3dx_gazebo/hook/ament_prefix_path.dsv'
[4.618s] INFO:colcon.colcon_core.shell:Creating environment hook '/home/ara/ros2_ws/install/p3dx_gazebo/share/p3dx_gazebo/hook/ament_prefix_path.sh'
[4.619s] INFO:colcon.colcon_core.shell:Skip shell extension 'powershell' for command environment: Not usable outside of PowerShell
[4.619s] DEBUG:colcon.colcon_core.shell:Skip shell extension 'dsv' for command environment
[5.348s] INFO:colcon.colcon_core.task.python.build:Building Python package in '/home/ara/ros2_ws/src/p3dx_gazebo'
[5.348s] INFO:colcon.colcon_core.shell:Skip shell extension 'powershell' for command environment: Not usable outside of PowerShell
[5.348s] DEBUG:colcon.colcon_core.shell:Skip shell extension 'dsv' for command environment
[5.986s] DEBUG:colcon.colcon_core.event_handler.log_command:Invoking command in '/home/ara/ros2_ws/src/p3dx_gazebo': PYTHONPATH=/home/ara/ros2_ws/build/p3dx_gazebo/prefix_override:/home/ara/ros2_ws/install/p3dx_gazebo/lib/python3.8/site-packages:${PYTHONPATH} /usr/bin/python3 -W ignore:setup.py install is deprecated setup.py egg_info --egg-base ../../build/p3dx_gazebo build --build-base /home/ara/ros2_ws/build/p3dx_gazebo/build install --record /home/ara/ros2_ws/build/p3dx_gazebo/install.log --install-scripts $base/lib/p3dx_gazebo --single-version-externally-managed install_data
[6.520s] Level 1:colcon.colcon_core.environment:checking '/home/ara/ros2_ws/install/p3dx_gazebo' for CMake module files
[6.521s] Level 1:colcon.colcon_core.environment:checking '/home/ara/ros2_ws/install/p3dx_gazebo' for CMake config files
[6.521s] Level 1:colcon.colcon_core.environment:checking '/home/ara/ros2_ws/install/p3dx_gazebo/lib'
[6.521s] Level 1:colcon.colcon_core.environment:checking '/home/ara/ros2_ws/install/p3dx_gazebo/bin'
[6.522s] Level 1:colcon.colcon_core.environment:checking '/home/ara/ros2_ws/install/p3dx_gazebo/lib/pkgconfig/p3dx_gazebo.pc'
[6.522s] Level 1:colcon.colcon_core.environment:checking '/home/ara/ros2_ws/install/p3dx_gazebo/lib/python3.8/site-packages'
[6.522s] Level 1:colcon.colcon_core.shell:create_environment_hook('p3dx_gazebo', 'pythonpath')
[6.522s] INFO:colcon.colcon_core.shell:Creating environment hook '/home/ara/ros2_ws/install/p3dx_gazebo/share/p3dx_gazebo/hook/pythonpath.ps1'
[6.523s] INFO:colcon.colcon_core.shell:Creating environment descriptor '/home/ara/ros2_ws/install/p3dx_gazebo/share/p3dx_gazebo/hook/pythonpath.dsv'
[6.523s] DEBUG:colcon.colcon_core.event_handler.log_command:Invoked command in '/home/ara/ros2_ws/src/p3dx_gazebo' returned '0': PYTHONPATH=/home/ara/ros2_ws/build/p3dx_gazebo/prefix_override:/home/ara/ros2_ws/install/p3dx_gazebo/lib/python3.8/site-packages:${PYTHONPATH} /usr/bin/python3 -W ignore:setup.py install is deprecated setup.py egg_info --egg-base ../../build/p3dx_gazebo build --build-base /home/ara/ros2_ws/build/p3dx_gazebo/build install --record /home/ara/ros2_ws/build/p3dx_gazebo/install.log --install-scripts $base/lib/p3dx_gazebo --single-version-externally-managed install_data
[6.523s] INFO:colcon.colcon_core.shell:Creating environment hook '/home/ara/ros2_ws/install/p3dx_gazebo/share/p3dx_gazebo/hook/pythonpath.sh'
[6.527s] Level 1:colcon.colcon_core.environment:checking '/home/ara/ros2_ws/install/p3dx_gazebo/bin'
[6.527s] Level 1:colcon.colcon_core.environment:create_environment_scripts_only(p3dx_gazebo)
[6.528s] INFO:colcon.colcon_core.shell:Creating package script '/home/ara/ros2_ws/install/p3dx_gazebo/share/p3dx_gazebo/package.ps1'
[6.528s] INFO:colcon.colcon_core.shell:Creating package descriptor '/home/ara/ros2_ws/install/p3dx_gazebo/share/p3dx_gazebo/package.dsv'
[6.528s] INFO:colcon.colcon_core.shell:Creating package script '/home/ara/ros2_ws/install/p3dx_gazebo/share/p3dx_gazebo/package.sh'
[6.529s] INFO:colcon.colcon_core.shell:Creating package script '/home/ara/ros2_ws/install/p3dx_gazebo/share/p3dx_gazebo/package.bash'
[6.529s] INFO:colcon.colcon_core.shell:Creating package script '/home/ara/ros2_ws/install/p3dx_gazebo/share/p3dx_gazebo/package.zsh'
[6.529s] Level 1:colcon.colcon_core.environment:create_file_with_runtime_dependencies(/home/ara/ros2_ws/install/p3dx_gazebo/share/colcon-core/packages/p3dx_gazebo)
[6.530s] INFO:colcon.colcon_ros.task.ament_python.build:Building ROS package in '/home/ara/ros2_ws/src/udm_pioneer_p3dx' with build type 'ament_python'
[6.530s] Level 1:colcon.colcon_core.shell:create_environment_hook('udm_pioneer_p3dx', 'ament_prefix_path')
[6.531s] INFO:colcon.colcon_core.shell:Creating environment hook '/home/ara/ros2_ws/install/udm_pioneer_p3dx/share/udm_pioneer_p3dx/hook/ament_prefix_path.ps1'
[6.544s] INFO:colcon.colcon_core.shell:Creating environment descriptor '/home/ara/ros2_ws/install/udm_pioneer_p3dx/share/udm_pioneer_p3dx/hook/ament_prefix_path.dsv'
[6.544s] INFO:colcon.colcon_core.shell:Creating environment hook '/home/ara/ros2_ws/install/udm_pioneer_p3dx/share/udm_pioneer_p3dx/hook/ament_prefix_path.sh'
[6.545s] INFO:colcon.colcon_core.shell:Skip shell extension 'powershell' for command environment: Not usable outside of PowerShell
[6.545s] DEBUG:colcon.colcon_core.shell:Skip shell extension 'dsv' for command environment
[7.036s] INFO:colcon.colcon_core.task.python.build:Building Python package in '/home/ara/ros2_ws/src/udm_pioneer_p3dx'
[7.036s] INFO:colcon.colcon_core.shell:Skip shell extension 'powershell' for command environment: Not usable outside of PowerShell
[7.036s] DEBUG:colcon.colcon_core.shell:Skip shell extension 'dsv' for command environment
[7.683s] DEBUG:colcon.colcon_core.event_handler.log_command:Invoking command in '/home/ara/ros2_ws/src/udm_pioneer_p3dx': PYTHONPATH=/home/ara/ros2_ws/build/udm_pioneer_p3dx/prefix_override:/home/ara/ros2_ws/install/udm_pioneer_p3dx/lib/python3.8/site-packages:${PYTHONPATH} /usr/bin/python3 -W ignore:setup.py install is deprecated setup.py egg_info --egg-base ../../build/udm_pioneer_p3dx build --build-base /home/ara/ros2_ws/build/udm_pioneer_p3dx/build install --record /home/ara/ros2_ws/build/udm_pioneer_p3dx/install.log --install-scripts $base/lib/udm_pioneer_p3dx --single-version-externally-managed install_data
[8.220s] Level 1:colcon.colcon_core.environment:checking '/home/ara/ros2_ws/install/udm_pioneer_p3dx' for CMake module files
[8.221s] Level 1:colcon.colcon_core.environment:checking '/home/ara/ros2_ws/install/udm_pioneer_p3dx' for CMake config files
[8.221s] Level 1:colcon.colcon_core.environment:checking '/home/ara/ros2_ws/install/udm_pioneer_p3dx/lib'
[8.221s] Level 1:colcon.colcon_core.environment:checking '/home/ara/ros2_ws/install/udm_pioneer_p3dx/bin'
[8.221s] Level 1:colcon.colcon_core.environment:checking '/home/ara/ros2_ws/install/udm_pioneer_p3dx/lib/pkgconfig/udm_pioneer_p3dx.pc'
[8.221s] Level 1:colcon.colcon_core.environment:checking '/home/ara/ros2_ws/install/udm_pioneer_p3dx/lib/python3.8/site-packages'
[8.221s] Level 1:colcon.colcon_core.shell:create_environment_hook('udm_pioneer_p3dx', 'pythonpath')
[8.222s] INFO:colcon.colcon_core.shell:Creating environment hook '/home/ara/ros2_ws/install/udm_pioneer_p3dx/share/udm_pioneer_p3dx/hook/pythonpath.ps1'
[8.222s] INFO:colcon.colcon_core.shell:Creating environment descriptor '/home/ara/ros2_ws/install/udm_pioneer_p3dx/share/udm_pioneer_p3dx/hook/pythonpath.dsv'
[8.222s] DEBUG:colcon.colcon_core.event_handler.log_command:Invoked command in '/home/ara/ros2_ws/src/udm_pioneer_p3dx' returned '0': PYTHONPATH=/home/ara/ros2_ws/build/udm_pioneer_p3dx/prefix_override:/home/ara/ros2_ws/install/udm_pioneer_p3dx/lib/python3.8/site-packages:${PYTHONPATH} /usr/bin/python3 -W ignore:setup.py install is deprecated setup.py egg_info --egg-base ../../build/udm_pioneer_p3dx build --build-base /home/ara/ros2_ws/build/udm_pioneer_p3dx/build install --record /home/ara/ros2_ws/build/udm_pioneer_p3dx/install.log --install-scripts $base/lib/udm_pioneer_p3dx --single-version-externally-managed install_data
[8.223s] INFO:colcon.colcon_core.shell:Creating environment hook '/home/ara/ros2_ws/install/udm_pioneer_p3dx/share/udm_pioneer_p3dx/hook/pythonpath.sh'
[8.225s] Level 1:colcon.colcon_core.environment:checking '/home/ara/ros2_ws/install/udm_pioneer_p3dx/bin'
[8.225s] Level 1:colcon.colcon_core.environment:create_environment_scripts_only(udm_pioneer_p3dx)
[8.225s] INFO:colcon.colcon_core.shell:Creating package script '/home/ara/ros2_ws/install/udm_pioneer_p3dx/share/udm_pioneer_p3dx/package.ps1'
[8.225s] INFO:colcon.colcon_core.shell:Creating package descriptor '/home/ara/ros2_ws/install/udm_pioneer_p3dx/share/udm_pioneer_p3dx/package.dsv'
[8.226s] INFO:colcon.colcon_core.shell:Creating package script '/home/ara/ros2_ws/install/udm_pioneer_p3dx/share/udm_pioneer_p3dx/package.sh'
[8.228s] INFO:colcon.colcon_core.shell:Creating package script '/home/ara/ros2_ws/install/udm_pioneer_p3dx/share/udm_pioneer_p3dx/package.bash'
[8.229s] INFO:colcon.colcon_core.shell:Creating package script '/home/ara/ros2_ws/install/udm_pioneer_p3dx/share/udm_pioneer_p3dx/package.zsh'
[8.232s] Level 1:colcon.colcon_core.environment:create_file_with_runtime_dependencies(/home/ara/ros2_ws/install/udm_pioneer_p3dx/share/colcon-core/packages/udm_pioneer_p3dx)
[8.233s] DEBUG:colcon.colcon_parallel_executor.executor.parallel:closing loop
[8.233s] DEBUG:colcon.colcon_parallel_executor.executor.parallel:loop closed
[8.233s] DEBUG:colcon.colcon_parallel_executor.executor.parallel:run_until_complete finished with '0'
[8.234s] DEBUG:colcon.colcon_core.event_reactor:joining thread
[8.238s] INFO:colcon.colcon_core.plugin_system:Skipping extension 'colcon_notification.desktop_notification.terminal_notifier': Not used on non-Darwin systems
[8.238s] INFO:colcon.colcon_core.plugin_system:Skipping extension 'colcon_notification.desktop_notification.win32': Not used on non-Windows systems
[8.238s] INFO:colcon.colcon_notification.desktop_notification:Sending desktop notification using 'notify2'
[8.304s] DEBUG:colcon.colcon_core.event_reactor:joined thread
[8.305s] INFO:colcon.colcon_core.shell:Creating prefix script '/home/ara/ros2_ws/install/local_setup.ps1'
[8.306s] INFO:colcon.colcon_core.shell:Creating prefix util module '/home/ara/ros2_ws/install/_local_setup_util_ps1.py'
[8.315s] INFO:colcon.colcon_core.shell:Creating prefix chain script '/home/ara/ros2_ws/install/setup.ps1'
[8.315s] INFO:colcon.colcon_core.shell:Creating prefix script '/home/ara/ros2_ws/install/local_setup.sh'
[8.320s] INFO:colcon.colcon_core.shell:Creating prefix util module '/home/ara/ros2_ws/install/_local_setup_util_sh.py'
[8.320s] INFO:colcon.colcon_core.shell:Creating prefix chain script '/home/ara/ros2_ws/install/setup.sh'
[8.321s] INFO:colcon.colcon_core.shell:Creating prefix script '/home/ara/ros2_ws/install/local_setup.bash'
[8.325s] INFO:colcon.colcon_core.shell:Creating prefix chain script '/home/ara/ros2_ws/install/setup.bash'
[8.329s] INFO:colcon.colcon_core.shell:Creating prefix script '/home/ara/ros2_ws/install/local_setup.zsh'
[8.330s] INFO:colcon.colcon_core.shell:Creating prefix chain script '/home/ara/ros2_ws/install/setup.zsh'
