[0.697s] Invoking command in '/home/ara/ros2_ws/src/p3dx_description': PYTHONPATH=/home/ara/ros2_ws/src/build/p3dx_description/prefix_override:/home/ara/ros2_ws/src/install/p3dx_description/lib/python3.8/site-packages:${PYTHONPATH} /usr/bin/python3 -W ignore:setup.py install is deprecated setup.py egg_info --egg-base ../build/p3dx_description build --build-base /home/ara/ros2_ws/src/build/p3dx_description/build install --record /home/ara/ros2_ws/src/build/p3dx_description/install.log --install-scripts $base/lib/p3dx_description --single-version-externally-managed install_data
[0.905s] running egg_info
[0.906s] writing ../build/p3dx_description/p3dx_description.egg-info/PKG-INFO
[0.906s] writing dependency_links to ../build/p3dx_description/p3dx_description.egg-info/dependency_links.txt
[0.906s] writing entry points to ../build/p3dx_description/p3dx_description.egg-info/entry_points.txt
[0.907s] writing requirements to ../build/p3dx_description/p3dx_description.egg-info/requires.txt
[0.907s] writing top-level names to ../build/p3dx_description/p3dx_description.egg-info/top_level.txt
[0.956s] reading manifest file '../build/p3dx_description/p3dx_description.egg-info/SOURCES.txt'
[0.957s] writing manifest file '../build/p3dx_description/p3dx_description.egg-info/SOURCES.txt'
[0.958s] running build
[0.958s] running build_py
[0.958s] running install
[0.959s] running install_lib
[0.961s] running install_data
[0.961s] copying urdf/pioneer3dx.xacro -> /home/ara/ros2_ws/src/install/p3dx_description/share/p3dx_description/urdf
[0.961s] running install_egg_info
[0.963s] removing '/home/ara/ros2_ws/src/install/p3dx_description/lib/python3.8/site-packages/p3dx_description-0.0.0-py3.8.egg-info' (and everything under it)
[0.964s] Copying ../build/p3dx_description/p3dx_description.egg-info to /home/ara/ros2_ws/src/install/p3dx_description/lib/python3.8/site-packages/p3dx_description-0.0.0-py3.8.egg-info
[0.965s] running install_scripts
[0.981s] writing list of installed files to '/home/ara/ros2_ws/src/build/p3dx_description/install.log'
[0.999s] Invoked command in '/home/ara/ros2_ws/src/p3dx_description' returned '0': PYTHONPATH=/home/ara/ros2_ws/src/build/p3dx_description/prefix_override:/home/ara/ros2_ws/src/install/p3dx_description/lib/python3.8/site-packages:${PYTHONPATH} /usr/bin/python3 -W ignore:setup.py install is deprecated setup.py egg_info --egg-base ../build/p3dx_description build --build-base /home/ara/ros2_ws/src/build/p3dx_description/build install --record /home/ara/ros2_ws/src/build/p3dx_description/install.log --install-scripts $base/lib/p3dx_description --single-version-externally-managed install_data
