[0.658s] Invoking command in '/home/ara/ros2_ws/src/p3dx_description': PYTHONPATH=/home/ara/ros2_ws/build/p3dx_description/prefix_override:/home/ara/ros2_ws/install/p3dx_description/lib/python3.8/site-packages:${PYTHONPATH} /usr/bin/python3 -W ignore:setup.py install is deprecated setup.py egg_info --egg-base ../../build/p3dx_description build --build-base /home/ara/ros2_ws/build/p3dx_description/build install --record /home/ara/ros2_ws/build/p3dx_description/install.log --install-scripts $base/lib/p3dx_description --single-version-externally-managed install_data
[0.871s] running egg_info
[0.872s] writing ../../build/p3dx_description/p3dx_description.egg-info/PKG-INFO
[0.872s] writing dependency_links to ../../build/p3dx_description/p3dx_description.egg-info/dependency_links.txt
[0.873s] writing entry points to ../../build/p3dx_description/p3dx_description.egg-info/entry_points.txt
[0.873s] writing requirements to ../../build/p3dx_description/p3dx_description.egg-info/requires.txt
[0.874s] writing top-level names to ../../build/p3dx_description/p3dx_description.egg-info/top_level.txt
[0.904s] reading manifest file '../../build/p3dx_description/p3dx_description.egg-info/SOURCES.txt'
[0.905s] writing manifest file '../../build/p3dx_description/p3dx_description.egg-info/SOURCES.txt'
[0.905s] running build
[0.906s] running build_py
[0.906s] running install
[0.907s] running install_lib
[0.909s] running install_data
[0.909s] running install_egg_info
[0.910s] removing '/home/ara/ros2_ws/install/p3dx_description/lib/python3.8/site-packages/p3dx_description-0.0.0-py3.8.egg-info' (and everything under it)
[0.911s] Copying ../../build/p3dx_description/p3dx_description.egg-info to /home/ara/ros2_ws/install/p3dx_description/lib/python3.8/site-packages/p3dx_description-0.0.0-py3.8.egg-info
[0.912s] running install_scripts
[0.927s] writing list of installed files to '/home/ara/ros2_ws/build/p3dx_description/install.log'
[0.946s] Invoked command in '/home/ara/ros2_ws/src/p3dx_description' returned '0': PYTHONPATH=/home/ara/ros2_ws/build/p3dx_description/prefix_override:/home/ara/ros2_ws/install/p3dx_description/lib/python3.8/site-packages:${PYTHONPATH} /usr/bin/python3 -W ignore:setup.py install is deprecated setup.py egg_info --egg-base ../../build/p3dx_description build --build-base /home/ara/ros2_ws/build/p3dx_description/build install --record /home/ara/ros2_ws/build/p3dx_description/install.log --install-scripts $base/lib/p3dx_description --single-version-externally-managed install_data
