running egg_info
writing ../../build/p3dx_gazebo/p3dx_gazebo.egg-info/PKG-INFO
writing dependency_links to ../../build/p3dx_gazebo/p3dx_gazebo.egg-info/dependency_links.txt
writing entry points to ../../build/p3dx_gazebo/p3dx_gazebo.egg-info/entry_points.txt
writing requirements to ../../build/p3dx_gazebo/p3dx_gazebo.egg-info/requires.txt
writing top-level names to ../../build/p3dx_gazebo/p3dx_gazebo.egg-info/top_level.txt
reading manifest file '../../build/p3dx_gazebo/p3dx_gazebo.egg-info/SOURCES.txt'
writing manifest file '../../build/p3dx_gazebo/p3dx_gazebo.egg-info/SOURCES.txt'
running build
running build_py
running install
running install_lib
running install_data
creating /home/ara/ros2_ws/install/p3dx_gazebo/share/p3dx_gazebo/launch
copying launch/robots44211.launch.py -> /home/ara/ros2_ws/install/p3dx_gazebo/share/p3dx_gazebo/launch
running install_egg_info
removing '/home/ara/ros2_ws/install/p3dx_gazebo/lib/python3.8/site-packages/p3dx_gazebo-0.0.0-py3.8.egg-info' (and everything under it)
Copying ../../build/p3dx_gazebo/p3dx_gazebo.egg-info to /home/ara/ros2_ws/install/p3dx_gazebo/lib/python3.8/site-packages/p3dx_gazebo-0.0.0-py3.8.egg-info
running install_scripts
writing list of installed files to '/home/ara/ros2_ws/build/p3dx_gazebo/install.log'
