running egg_info
creating ../../build/p3dx_gazebo/p3dx_gazebo.egg-info
writing ../../build/p3dx_gazebo/p3dx_gazebo.egg-info/PKG-INFO
writing dependency_links to ../../build/p3dx_gazebo/p3dx_gazebo.egg-info/dependency_links.txt
writing entry points to ../../build/p3dx_gazebo/p3dx_gazebo.egg-info/entry_points.txt
writing requirements to ../../build/p3dx_gazebo/p3dx_gazebo.egg-info/requires.txt
writing top-level names to ../../build/p3dx_gazebo/p3dx_gazebo.egg-info/top_level.txt
writing manifest file '../../build/p3dx_gazebo/p3dx_gazebo.egg-info/SOURCES.txt'
reading manifest file '../../build/p3dx_gazebo/p3dx_gazebo.egg-info/SOURCES.txt'
writing manifest file '../../build/p3dx_gazebo/p3dx_gazebo.egg-info/SOURCES.txt'
running build
running build_py
creating /home/ara/ros2_ws/build/p3dx_gazebo/build
creating /home/ara/ros2_ws/build/p3dx_gazebo/build/lib
creating /home/ara/ros2_ws/build/p3dx_gazebo/build/lib/p3dx_gazebo
copying p3dx_gazebo/__init__.py -> /home/ara/ros2_ws/build/p3dx_gazebo/build/lib/p3dx_gazebo
running install
running install_lib
creating /home/ara/ros2_ws/install/p3dx_gazebo/lib/python3.8/site-packages/p3dx_gazebo
copying /home/ara/ros2_ws/build/p3dx_gazebo/build/lib/p3dx_gazebo/__init__.py -> /home/ara/ros2_ws/install/p3dx_gazebo/lib/python3.8/site-packages/p3dx_gazebo
byte-compiling /home/ara/ros2_ws/install/p3dx_gazebo/lib/python3.8/site-packages/p3dx_gazebo/__init__.py to __init__.cpython-38.pyc
running install_data
creating /home/ara/ros2_ws/install/p3dx_gazebo/share/ament_index
creating /home/ara/ros2_ws/install/p3dx_gazebo/share/ament_index/resource_index
creating /home/ara/ros2_ws/install/p3dx_gazebo/share/ament_index/resource_index/packages
copying resource/p3dx_gazebo -> /home/ara/ros2_ws/install/p3dx_gazebo/share/ament_index/resource_index/packages
copying package.xml -> /home/ara/ros2_ws/install/p3dx_gazebo/share/p3dx_gazebo
running install_egg_info
Copying ../../build/p3dx_gazebo/p3dx_gazebo.egg-info to /home/ara/ros2_ws/install/p3dx_gazebo/lib/python3.8/site-packages/p3dx_gazebo-0.0.0-py3.8.egg-info
running install_scripts
writing list of installed files to '/home/ara/ros2_ws/build/p3dx_gazebo/install.log'
