[0.552s] Invoking command in '/home/ara/ros2_ws/src/udm_pioneer_p3dx': PYTHONPATH=/home/ara/ros2_ws/build/udm_pioneer_p3dx/prefix_override:/home/ara/ros2_ws/install/udm_pioneer_p3dx/lib/python3.8/site-packages:${PYTHONPATH} /usr/bin/python3 -W ignore:setup.py install is deprecated setup.py egg_info --egg-base ../../build/udm_pioneer_p3dx build --build-base /home/ara/ros2_ws/build/udm_pioneer_p3dx/build install --record /home/ara/ros2_ws/build/udm_pioneer_p3dx/install.log --install-scripts $base/lib/udm_pioneer_p3dx --single-version-externally-managed install_data
[0.719s] running egg_info
[0.719s] writing ../../build/udm_pioneer_p3dx/udm_pioneer_p3dx.egg-info/PKG-INFO
[0.720s] writing dependency_links to ../../build/udm_pioneer_p3dx/udm_pioneer_p3dx.egg-info/dependency_links.txt
[0.720s] writing entry points to ../../build/udm_pioneer_p3dx/udm_pioneer_p3dx.egg-info/entry_points.txt
[0.720s] writing requirements to ../../build/udm_pioneer_p3dx/udm_pioneer_p3dx.egg-info/requires.txt
[0.721s] writing top-level names to ../../build/udm_pioneer_p3dx/udm_pioneer_p3dx.egg-info/top_level.txt
[0.748s] reading manifest file '../../build/udm_pioneer_p3dx/udm_pioneer_p3dx.egg-info/SOURCES.txt'
[0.749s] writing manifest file '../../build/udm_pioneer_p3dx/udm_pioneer_p3dx.egg-info/SOURCES.txt'
[0.749s] running build
[0.749s] running build_py
[0.750s] running install
[0.750s] running install_lib
[0.751s] running install_data
[0.752s] running install_egg_info
[0.753s] removing '/home/ara/ros2_ws/install/udm_pioneer_p3dx/lib/python3.8/site-packages/udm_pioneer_p3dx-0.0.0-py3.8.egg-info' (and everything under it)
[0.753s] Copying ../../build/udm_pioneer_p3dx/udm_pioneer_p3dx.egg-info to /home/ara/ros2_ws/install/udm_pioneer_p3dx/lib/python3.8/site-packages/udm_pioneer_p3dx-0.0.0-py3.8.egg-info
[0.754s] running install_scripts
[0.767s] writing list of installed files to '/home/ara/ros2_ws/build/udm_pioneer_p3dx/install.log'
[0.798s] Invoked command in '/home/ara/ros2_ws/src/udm_pioneer_p3dx' returned '0': PYTHONPATH=/home/ara/ros2_ws/build/udm_pioneer_p3dx/prefix_override:/home/ara/ros2_ws/install/udm_pioneer_p3dx/lib/python3.8/site-packages:${PYTHONPATH} /usr/bin/python3 -W ignore:setup.py install is deprecated setup.py egg_info --egg-base ../../build/udm_pioneer_p3dx build --build-base /home/ara/ros2_ws/build/udm_pioneer_p3dx/build install --record /home/ara/ros2_ws/build/udm_pioneer_p3dx/install.log --install-scripts $base/lib/udm_pioneer_p3dx --single-version-externally-managed install_data
