[0.688s] Invoking command in '/home/ara/ros2_ws/src/p3dx_description': PYTHONPATH=/home/ara/ros2_ws/build/p3dx_description/prefix_override:/home/ara/ros2_ws/install/p3dx_description/lib/python3.8/site-packages:${PYTHONPATH} /usr/bin/python3 -W ignore:setup.py install is deprecated setup.py egg_info --egg-base ../../build/p3dx_description build --build-base /home/ara/ros2_ws/build/p3dx_description/build install --record /home/ara/ros2_ws/build/p3dx_description/install.log --install-scripts $base/lib/p3dx_description --single-version-externally-managed install_data
[0.906s] running egg_info
[0.907s] writing ../../build/p3dx_description/p3dx_description.egg-info/PKG-INFO
[0.907s] writing dependency_links to ../../build/p3dx_description/p3dx_description.egg-info/dependency_links.txt
[0.908s] writing entry points to ../../build/p3dx_description/p3dx_description.egg-info/entry_points.txt
[0.908s] writing requirements to ../../build/p3dx_description/p3dx_description.egg-info/requires.txt
[0.908s] writing top-level names to ../../build/p3dx_description/p3dx_description.egg-info/top_level.txt
[0.937s] reading manifest file '../../build/p3dx_description/p3dx_description.egg-info/SOURCES.txt'
[0.938s] writing manifest file '../../build/p3dx_description/p3dx_description.egg-info/SOURCES.txt'
[0.939s] running build
[0.939s] running build_py
[0.939s] running install
[0.940s] running install_lib
[0.941s] running install_data
[0.941s] copying urdf/pioneer3dx.xacro -> /home/ara/ros2_ws/install/p3dx_description/share/p3dx_description/urdf
[0.942s] running install_egg_info
[0.943s] removing '/home/ara/ros2_ws/install/p3dx_description/lib/python3.8/site-packages/p3dx_description-0.0.0-py3.8.egg-info' (and everything under it)
[0.943s] Copying ../../build/p3dx_description/p3dx_description.egg-info to /home/ara/ros2_ws/install/p3dx_description/lib/python3.8/site-packages/p3dx_description-0.0.0-py3.8.egg-info
[0.948s] running install_scripts
[0.966s] writing list of installed files to '/home/ara/ros2_ws/build/p3dx_description/install.log'
[0.986s] Invoked command in '/home/ara/ros2_ws/src/p3dx_description' returned '0': PYTHONPATH=/home/ara/ros2_ws/build/p3dx_description/prefix_override:/home/ara/ros2_ws/install/p3dx_description/lib/python3.8/site-packages:${PYTHONPATH} /usr/bin/python3 -W ignore:setup.py install is deprecated setup.py egg_info --egg-base ../../build/p3dx_description build --build-base /home/ara/ros2_ws/build/p3dx_description/build install --record /home/ara/ros2_ws/build/p3dx_description/install.log --install-scripts $base/lib/p3dx_description --single-version-externally-managed install_data
