[1.421s] Invoking command in '/home/ara/ros2_ws/src/p3dx_description': PYTHONPATH=/home/ara/ros2_ws/build/p3dx_description/prefix_override:/home/ara/ros2_ws/install/p3dx_description/lib/python3.8/site-packages:${PYTHONPATH} /usr/bin/python3 -W ignore:setup.py install is deprecated setup.py egg_info --egg-base ../../build/p3dx_description build --build-base /home/ara/ros2_ws/build/p3dx_description/build install --record /home/ara/ros2_ws/build/p3dx_description/install.log --install-scripts $base/lib/p3dx_description --single-version-externally-managed install_data
[1.889s] running egg_info
[1.893s] creating ../../build/p3dx_description/p3dx_description.egg-info
[1.893s] writing ../../build/p3dx_description/p3dx_description.egg-info/PKG-INFO
[1.893s] writing dependency_links to ../../build/p3dx_description/p3dx_description.egg-info/dependency_links.txt
[1.894s] writing entry points to ../../build/p3dx_description/p3dx_description.egg-info/entry_points.txt
[1.894s] writing requirements to ../../build/p3dx_description/p3dx_description.egg-info/requires.txt
[1.895s] writing top-level names to ../../build/p3dx_description/p3dx_description.egg-info/top_level.txt
[1.903s] writing manifest file '../../build/p3dx_description/p3dx_description.egg-info/SOURCES.txt'
[1.979s] reading manifest file '../../build/p3dx_description/p3dx_description.egg-info/SOURCES.txt'
[1.981s] writing manifest file '../../build/p3dx_description/p3dx_description.egg-info/SOURCES.txt'
[1.982s] running build
[1.982s] running build_py
[1.983s] creating /home/ara/ros2_ws/build/p3dx_description/build
[1.983s] creating /home/ara/ros2_ws/build/p3dx_description/build/lib
[1.983s] creating /home/ara/ros2_ws/build/p3dx_description/build/lib/p3dx_description
[1.984s] copying p3dx_description/__init__.py -> /home/ara/ros2_ws/build/p3dx_description/build/lib/p3dx_description
[1.987s] running install
[1.988s] running install_lib
[1.990s] creating /home/ara/ros2_ws/install/p3dx_description/lib/python3.8/site-packages/p3dx_description
[1.990s] copying /home/ara/ros2_ws/build/p3dx_description/build/lib/p3dx_description/__init__.py -> /home/ara/ros2_ws/install/p3dx_description/lib/python3.8/site-packages/p3dx_description
[1.991s] byte-compiling /home/ara/ros2_ws/install/p3dx_description/lib/python3.8/site-packages/p3dx_description/__init__.py to __init__.cpython-38.pyc
[1.996s] running install_data
[1.996s] creating /home/ara/ros2_ws/install/p3dx_description/share/ament_index
[1.996s] creating /home/ara/ros2_ws/install/p3dx_description/share/ament_index/resource_index
[1.997s] creating /home/ara/ros2_ws/install/p3dx_description/share/ament_index/resource_index/packages
[1.997s] copying resource/p3dx_description -> /home/ara/ros2_ws/install/p3dx_description/share/ament_index/resource_index/packages
[1.997s] copying package.xml -> /home/ara/ros2_ws/install/p3dx_description/share/p3dx_description
[1.998s] running install_egg_info
[2.002s] Copying ../../build/p3dx_description/p3dx_description.egg-info to /home/ara/ros2_ws/install/p3dx_description/lib/python3.8/site-packages/p3dx_description-0.0.0-py3.8.egg-info
[2.008s] running install_scripts
[2.049s] writing list of installed files to '/home/ara/ros2_ws/build/p3dx_description/install.log'
[2.121s] Invoked command in '/home/ara/ros2_ws/src/p3dx_description' returned '0': PYTHONPATH=/home/ara/ros2_ws/build/p3dx_description/prefix_override:/home/ara/ros2_ws/install/p3dx_description/lib/python3.8/site-packages:${PYTHONPATH} /usr/bin/python3 -W ignore:setup.py install is deprecated setup.py egg_info --egg-base ../../build/p3dx_description build --build-base /home/ara/ros2_ws/build/p3dx_description/build install --record /home/ara/ros2_ws/build/p3dx_description/install.log --install-scripts $base/lib/p3dx_description --single-version-externally-managed install_data
