[0.630s] Invoking command in '/home/ara/ros2_ws/src/p3dx_description': PYTHONPATH=/home/ara/ros2_ws/src/build/p3dx_description/prefix_override:/home/ara/ros2_ws/src/install/p3dx_description/lib/python3.8/site-packages:${PYTHONPATH} /usr/bin/python3 -W ignore:setup.py install is deprecated setup.py egg_info --egg-base ../build/p3dx_description build --build-base /home/ara/ros2_ws/src/build/p3dx_description/build install --record /home/ara/ros2_ws/src/build/p3dx_description/install.log --install-scripts $base/lib/p3dx_description --single-version-externally-managed install_data
[0.829s] running egg_info
[0.830s] writing ../build/p3dx_description/p3dx_description.egg-info/PKG-INFO
[0.830s] writing dependency_links to ../build/p3dx_description/p3dx_description.egg-info/dependency_links.txt
[0.831s] writing entry points to ../build/p3dx_description/p3dx_description.egg-info/entry_points.txt
[0.831s] writing requirements to ../build/p3dx_description/p3dx_description.egg-info/requires.txt
[0.831s] writing top-level names to ../build/p3dx_description/p3dx_description.egg-info/top_level.txt
[0.868s] reading manifest file '../build/p3dx_description/p3dx_description.egg-info/SOURCES.txt'
[0.869s] writing manifest file '../build/p3dx_description/p3dx_description.egg-info/SOURCES.txt'
[0.870s] running build
[0.870s] running build_py
[0.870s] running install
[0.871s] running install_lib
[0.872s] running install_data
[0.872s] copying urdf/pioneer3dx.xacro -> /home/ara/ros2_ws/src/install/p3dx_description/share/p3dx_description/urdf
[0.873s] copying urdf/pioneer3dx_wheel.xacro -> /home/ara/ros2_ws/src/install/p3dx_description/share/p3dx_description/urdf
[0.873s] running install_egg_info
[0.874s] removing '/home/ara/ros2_ws/src/install/p3dx_description/lib/python3.8/site-packages/p3dx_description-0.0.0-py3.8.egg-info' (and everything under it)
[0.875s] Copying ../build/p3dx_description/p3dx_description.egg-info to /home/ara/ros2_ws/src/install/p3dx_description/lib/python3.8/site-packages/p3dx_description-0.0.0-py3.8.egg-info
[0.876s] running install_scripts
[0.890s] writing list of installed files to '/home/ara/ros2_ws/src/build/p3dx_description/install.log'
[0.910s] Invoked command in '/home/ara/ros2_ws/src/p3dx_description' returned '0': PYTHONPATH=/home/ara/ros2_ws/src/build/p3dx_description/prefix_override:/home/ara/ros2_ws/src/install/p3dx_description/lib/python3.8/site-packages:${PYTHONPATH} /usr/bin/python3 -W ignore:setup.py install is deprecated setup.py egg_info --egg-base ../build/p3dx_description build --build-base /home/ara/ros2_ws/src/build/p3dx_description/build install --record /home/ara/ros2_ws/src/build/p3dx_description/install.log --install-scripts $base/lib/p3dx_description --single-version-externally-managed install_data
