[0.766s] Invoking command in '/home/ara/ros2_ws/src/udm_pioneer_p3dx': PYTHONPATH=/home/ara/ros2_ws/src/build/udm_pioneer_p3dx/prefix_override:/home/ara/ros2_ws/src/install/udm_pioneer_p3dx/lib/python3.8/site-packages:${PYTHONPATH} /usr/bin/python3 -W ignore:setup.py install is deprecated setup.py egg_info --egg-base ../build/udm_pioneer_p3dx build --build-base /home/ara/ros2_ws/src/build/udm_pioneer_p3dx/build install --record /home/ara/ros2_ws/src/build/udm_pioneer_p3dx/install.log --install-scripts $base/lib/udm_pioneer_p3dx --single-version-externally-managed install_data
[0.966s] running egg_info
[0.967s] writing ../build/udm_pioneer_p3dx/udm_pioneer_p3dx.egg-info/PKG-INFO
[0.967s] writing dependency_links to ../build/udm_pioneer_p3dx/udm_pioneer_p3dx.egg-info/dependency_links.txt
[0.968s] writing entry points to ../build/udm_pioneer_p3dx/udm_pioneer_p3dx.egg-info/entry_points.txt
[0.968s] writing requirements to ../build/udm_pioneer_p3dx/udm_pioneer_p3dx.egg-info/requires.txt
[0.969s] writing top-level names to ../build/udm_pioneer_p3dx/udm_pioneer_p3dx.egg-info/top_level.txt
[1.021s] reading manifest file '../build/udm_pioneer_p3dx/udm_pioneer_p3dx.egg-info/SOURCES.txt'
[1.022s] writing manifest file '../build/udm_pioneer_p3dx/udm_pioneer_p3dx.egg-info/SOURCES.txt'
[1.022s] running build
[1.022s] running build_py
[1.022s] running install
[1.023s] running install_lib
[1.024s] running install_data
[1.025s] running install_egg_info
[1.026s] removing '/home/ara/ros2_ws/src/install/udm_pioneer_p3dx/lib/python3.8/site-packages/udm_pioneer_p3dx-0.0.0-py3.8.egg-info' (and everything under it)
[1.027s] Copying ../build/udm_pioneer_p3dx/udm_pioneer_p3dx.egg-info to /home/ara/ros2_ws/src/install/udm_pioneer_p3dx/lib/python3.8/site-packages/udm_pioneer_p3dx-0.0.0-py3.8.egg-info
[1.027s] running install_scripts
[1.062s] writing list of installed files to '/home/ara/ros2_ws/src/build/udm_pioneer_p3dx/install.log'
[1.083s] Invoked command in '/home/ara/ros2_ws/src/udm_pioneer_p3dx' returned '0': PYTHONPATH=/home/ara/ros2_ws/src/build/udm_pioneer_p3dx/prefix_override:/home/ara/ros2_ws/src/install/udm_pioneer_p3dx/lib/python3.8/site-packages:${PYTHONPATH} /usr/bin/python3 -W ignore:setup.py install is deprecated setup.py egg_info --egg-base ../build/udm_pioneer_p3dx build --build-base /home/ara/ros2_ws/src/build/udm_pioneer_p3dx/build install --record /home/ara/ros2_ws/src/build/udm_pioneer_p3dx/install.log --install-scripts $base/lib/udm_pioneer_p3dx --single-version-externally-managed install_data
